[INFO ] 24-10-17 10:24:39 [CookieSessionApplication:50] - Starting CookieSessionApplication using Java 17.0.2 with PID 24496 (C:\Users\user\Desktop\HOME\08_SpringBoot\05_Cookie_session\build\classes\java\main started by user in C:\Users\user\Desktop\HOME\08_SpringBoot\05_Cookie_session)
[DEBUG] 24-10-17 10:24:39 [CookieSessionApplication:51] - Running with Spring Boot v3.3.4, Spring v6.1.13
[INFO ] 24-10-17 10:24:39 [CookieSessionApplication:654] - No active profile set, falling back to 1 default profile: "default"
[INFO ] 24-10-17 10:24:41 [CookieSessionApplication:56] - Started CookieSessionApplication in 2.577 seconds (process running for 3.264)
[INFO ] 24-10-17 10:24:52 [MyInterceptor:37] - ------------------new client connect ------------------
[INFO ] 24-10-17 10:24:52 [MyInterceptor:53] - [Client] 0:0:0:0:0:0:0:1 Other Windows 10 Chrome
[INFO ] 24-10-17 10:24:52 [MyInterceptor:70] - [GET] http://localhost:8080/
[INFO ] 24-10-17 10:24:52 [MyInterceptor:106] - - 실행시간 : 257 ms
[INFO ] 24-10-17 10:24:54 [MyInterceptor:37] - ------------------new client connect ------------------
[INFO ] 24-10-17 10:24:55 [MyInterceptor:53] - [Client] 0:0:0:0:0:0:0:1 Other Windows 10 Chrome
[INFO ] 24-10-17 10:24:55 [MyInterceptor:70] - [GET] http://localhost:8080/session/home
[INFO ] 24-10-17 10:24:55 [MyInterceptor:88] - - REFERER : time=2579, url=http://localhost:8080/
[INFO ] 24-10-17 10:24:55 [MyInterceptor:106] - - 실행시간 : 99 ms
[INFO ] 24-10-17 10:24:59 [MyInterceptor:37] - ------------------new client connect ------------------
[INFO ] 24-10-17 10:24:59 [MyInterceptor:53] - [Client] 0:0:0:0:0:0:0:1 Other Windows 10 Chrome
[INFO ] 24-10-17 10:24:59 [MyInterceptor:70] - [POST] http://localhost:8080/session/save;jsessionid=5192286FFEEEB9079859E45B247DC00D
[INFO ] 24-10-17 10:24:59 [MyInterceptor:78] - [param] <-- user_name = 박재한
[INFO ] 24-10-17 10:24:59 [MyInterceptor:78] - [param] <-- user_age = 28
[INFO ] 24-10-17 10:24:59 [MyInterceptor:88] - - REFERER : time=3996, url=http://localhost:8080/session/home
[INFO ] 24-10-17 10:24:59 [MyInterceptor:106] - - 실행시간 : 66 ms
[INFO ] 24-10-17 10:24:59 [MyInterceptor:37] - ------------------new client connect ------------------
[INFO ] 24-10-17 10:24:59 [MyInterceptor:53] - [Client] 0:0:0:0:0:0:0:1 Other Windows 10 Chrome
[INFO ] 24-10-17 10:24:59 [MyInterceptor:70] - [GET] http://localhost:8080/session/home
[INFO ] 24-10-17 10:24:59 [MyInterceptor:88] - - REFERER : time=11, url=http://localhost:8080/session/home
[INFO ] 24-10-17 10:24:59 [MyInterceptor:106] - - 실행시간 : 51 ms
[INFO ] 24-10-17 10:25:04 [MyInterceptor:37] - ------------------new client connect ------------------
[INFO ] 24-10-17 10:25:04 [MyInterceptor:53] - [Client] 0:0:0:0:0:0:0:1 Other Windows 10 Chrome
[INFO ] 24-10-17 10:25:04 [MyInterceptor:70] - [GET] http://localhost:8080/
[INFO ] 24-10-17 10:25:04 [MyInterceptor:106] - - 실행시간 : 79 ms
[INFO ] 24-10-17 10:25:05 [MyInterceptor:37] - ------------------new client connect ------------------
[INFO ] 24-10-17 10:25:05 [MyInterceptor:53] - [Client] 0:0:0:0:0:0:0:1 Other Windows 10 Chrome
[INFO ] 24-10-17 10:25:05 [MyInterceptor:70] - [GET] http://localhost:8080/session/home
[INFO ] 24-10-17 10:25:05 [MyInterceptor:88] - - REFERER : time=1309, url=http://localhost:8080/
[INFO ] 24-10-17 10:25:05 [MyInterceptor:106] - - 실행시간 : 24 ms
[INFO ] 24-10-17 12:54:02 [CookieSessionApplication:50] - Starting CookieSessionApplication using Java 17.0.2 with PID 33156 (C:\Users\user\Desktop\HOME\08_SpringBoot\05_Cookie_session\build\classes\java\main started by user in C:\Users\user\Desktop\HOME\08_SpringBoot\05_Cookie_session)
[DEBUG] 24-10-17 12:54:02 [CookieSessionApplication:51] - Running with Spring Boot v3.3.4, Spring v6.1.13
[INFO ] 24-10-17 12:54:02 [CookieSessionApplication:654] - No active profile set, falling back to 1 default profile: "default"
[INFO ] 24-10-17 12:54:04 [CookieSessionApplication:56] - Started CookieSessionApplication in 2.474 seconds (process running for 3.4)
[INFO ] 24-10-17 12:54:07 [MyInterceptor:37] - ------------------new client connect ------------------
[INFO ] 24-10-17 12:54:07 [MyInterceptor:53] - [Client] 0:0:0:0:0:0:0:1 Other Windows 10 Chrome
[INFO ] 24-10-17 12:54:07 [MyInterceptor:70] - [GET] http://localhost:8080/
[INFO ] 24-10-17 12:54:07 [MyInterceptor:106] - - 실행시간 : 188 ms
[INFO ] 24-10-17 12:54:08 [MyInterceptor:37] - ------------------new client connect ------------------
[INFO ] 24-10-17 12:54:08 [MyInterceptor:53] - [Client] 0:0:0:0:0:0:0:1 Other Windows 10 Chrome
[INFO ] 24-10-17 12:54:08 [MyInterceptor:70] - [GET] http://localhost:8080/session/login
[INFO ] 24-10-17 12:54:08 [MyInterceptor:88] - - REFERER : time=1258, url=http://localhost:8080/
[INFO ] 24-10-17 12:54:08 [MyInterceptor:106] - - 실행시간 : 74 ms
[INFO ] 24-10-17 12:54:16 [MyInterceptor:37] - ------------------new client connect ------------------
[INFO ] 24-10-17 12:54:16 [MyInterceptor:53] - [Client] 0:0:0:0:0:0:0:1 Other Windows 10 Chrome
[INFO ] 24-10-17 12:54:16 [MyInterceptor:70] - [POST] http://localhost:8080/session/login_ok
[INFO ] 24-10-17 12:54:16 [MyInterceptor:78] - [param] <-- user_id = mitshowme
[INFO ] 24-10-17 12:54:16 [MyInterceptor:78] - [param] <-- user_pw = 1234
[INFO ] 24-10-17 12:54:16 [MyInterceptor:78] - [param] <-- rememberId = Y
[INFO ] 24-10-17 12:54:16 [MyInterceptor:88] - - REFERER : time=7277, url=http://localhost:8080/session/login
[INFO ] 24-10-17 12:54:16 [MyInterceptor:106] - - 실행시간 : 87 ms
[INFO ] 24-10-17 12:54:16 [MyInterceptor:37] - ------------------new client connect ------------------
[INFO ] 24-10-17 12:54:16 [MyInterceptor:53] - [Client] 0:0:0:0:0:0:0:1 Other Windows 10 Chrome
[INFO ] 24-10-17 12:54:16 [MyInterceptor:70] - [GET] http://localhost:8080/session/login
[INFO ] 24-10-17 12:54:16 [MyInterceptor:88] - - REFERER : time=9, url=http://localhost:8080/session/login
[INFO ] 24-10-17 12:54:16 [MyInterceptor:106] - - 실행시간 : 35 ms
[INFO ] 24-10-17 12:54:19 [MyInterceptor:37] - ------------------new client connect ------------------
[INFO ] 24-10-17 12:54:19 [MyInterceptor:53] - [Client] 0:0:0:0:0:0:0:1 Other Windows 10 Chrome
[INFO ] 24-10-17 12:54:19 [MyInterceptor:70] - [GET] http://localhost:8080/session/logout
[INFO ] 24-10-17 12:54:19 [MyInterceptor:88] - - REFERER : time=3738, url=http://localhost:8080/session/login
[INFO ] 24-10-17 12:54:19 [MyInterceptor:106] - - 실행시간 : 23 ms
[INFO ] 24-10-17 12:54:19 [MyInterceptor:37] - ------------------new client connect ------------------
[INFO ] 24-10-17 12:54:19 [MyInterceptor:53] - [Client] 0:0:0:0:0:0:0:1 Other Windows 10 Chrome
[INFO ] 24-10-17 12:54:19 [MyInterceptor:70] - [GET] http://localhost:8080/session/login
[INFO ] 24-10-17 12:54:19 [MyInterceptor:88] - - REFERER : time=5, url=http://localhost:8080/session/login
[INFO ] 24-10-17 12:54:19 [MyInterceptor:106] - - 실행시간 : 23 ms
[INFO ] 24-10-17 12:54:21 [MyInterceptor:37] - ------------------new client connect ------------------
[INFO ] 24-10-17 12:54:21 [MyInterceptor:53] - [Client] 0:0:0:0:0:0:0:1 Other Windows 10 Chrome
[INFO ] 24-10-17 12:54:21 [MyInterceptor:70] - [GET] http://localhost:8080/session/login
[INFO ] 24-10-17 12:54:21 [MyInterceptor:88] - - REFERER : time=1392, url=http://localhost:8080/session/login
[INFO ] 24-10-17 12:54:21 [MyInterceptor:106] - - 실행시간 : 21 ms
