[INFO ] 24-11-12 13:01:53 [MyshopApplication:50] - Starting MyshopApplication using Java 17.0.2 with PID 272 (C:\Users\user\Desktop\HOME\08_SpringBoot\13_MyShop\bin\main started by user in C:\Users\user\Desktop\HOME\08_SpringBoot\13_MyShop)
[DEBUG] 24-11-12 13:01:53 [MyshopApplication:51] - Running with Spring Boot v3.3.5, Spring v6.1.14
[INFO ] 24-11-12 13:01:53 [MyshopApplication:654] - No active profile set, falling back to 1 default profile: "default"
[DEBUG] 24-11-12 13:01:54 [LogFactory:109] - Logging initialized using 'class org.apache.ibatis.logging.slf4j.Slf4jImpl' adapter.
[INFO ] 24-11-12 13:01:56 [MyshopApplication:56] - Started MyshopApplication in 3.397 seconds (process running for 3.935)
[DEBUG] 24-11-12 13:02:19 [login:135] - ==>  Preparing: SELECT id, user_id, user_pw, user_name, email, phone, birthday, gender, postcode, addr1, addr2, photo, is_out, is_admin, login_date, reg_date, edit_date FROM members WHERE user_id = ? AND user_pw = MD5(?)
[DEBUG] 24-11-12 13:02:19 [login:135] - ==> Parameters: abcd(String), 1234(String)
[INFO ] 24-11-12 13:02:19 [sqlonly:228] - SELECT 
id, user_id, user_pw, user_name, email, phone, birthday, gender, 
postcode, addr1, addr2, photo, is_out, is_admin, login_date, reg_date, edit_date 
FROM members 
WHERE user_id = 'abcd' AND user_pw = MD5('1234')

[INFO ] 24-11-12 13:02:19 [resultsettable:610] - 
|---|--------|---------------------------------|----------|--------------|------------|-----------|-------|---------|----------------------------|------|------|-------|---------|--------------------|--------------------|--------------------|
|id |user_id |user_pw                          |user_name |email         |phone       |birthday   |gender |postcode |addr1                       |addr2 |photo |is_out |is_admin |login_date          |reg_date            |edit_date           |
|---|--------|---------------------------------|----------|--------------|------------|-----------|-------|---------|----------------------------|------|------|-------|---------|--------------------|--------------------|--------------------|
|14 |abcd    |81dc9bdb52d04dc20036dbd8313ed055 |박재한       |abc@naver.com |01089961079 |2024-11-13 |M      |02230    |서울 중랑구 겸재로 68 (면목동, 인문학도서당) |123   |null  |N      |N        |2024-11-12 13:00:26 |2024-11-12 11:45:26 |2024-11-12 11:45:26 |
|---|--------|---------------------------------|----------|--------------|------------|-----------|-------|---------|----------------------------|------|------|-------|---------|--------------------|--------------------|--------------------|

[DEBUG] 24-11-12 13:02:19 [login:135] - <==      Total: 1
[DEBUG] 24-11-12 13:02:19 [updateLoginDate:135] - ==>  Preparing: UPDATE members SET login_date = now() WHERE id = ?
[DEBUG] 24-11-12 13:02:19 [updateLoginDate:135] - ==> Parameters: 14(Integer)
[INFO ] 24-11-12 13:02:19 [sqlonly:228] - UPDATE members SET login_date = now() WHERE id = 14

[DEBUG] 24-11-12 13:02:19 [updateLoginDate:135] - <==    Updates: 1
[ERROR] 24-11-12 13:02:19 [TemplateEngine:1141] - [THYMELEAF][http-nio-8080-exec-8] Exception processing template "account/index": An error happened during template parsing (template: "class path resource [templates/account/index.html]")
org.thymeleaf.exceptions.TemplateInputException: An error happened during template parsing (template: "class path resource [templates/account/index.html]")
	at org.thymeleaf.templateparser.markup.AbstractMarkupTemplateParser.parse(AbstractMarkupTemplateParser.java:241)
	at org.thymeleaf.templateparser.markup.AbstractMarkupTemplateParser.parseStandalone(AbstractMarkupTemplateParser.java:100)
	at org.thymeleaf.engine.TemplateManager.parseAndProcess(TemplateManager.java:666)
	at org.thymeleaf.TemplateEngine.process(TemplateEngine.java:1103)
	at org.thymeleaf.TemplateEngine.process(TemplateEngine.java:1077)
	at org.thymeleaf.spring6.view.ThymeleafView.renderFragment(ThymeleafView.java:372)
	at org.thymeleaf.spring6.view.ThymeleafView.render(ThymeleafView.java:192)
	at org.springframework.web.servlet.DispatcherServlet.render(DispatcherServlet.java:1432)
	at org.springframework.web.servlet.DispatcherServlet.processDispatchResult(DispatcherServlet.java:1168)
	at org.springframework.web.servlet.DispatcherServlet.doDispatch(DispatcherServlet.java:1106)
	at org.springframework.web.servlet.DispatcherServlet.doService(DispatcherServlet.java:979)
	at org.springframework.web.servlet.FrameworkServlet.processRequest(FrameworkServlet.java:1014)
	at org.springframework.web.servlet.FrameworkServlet.doGet(FrameworkServlet.java:903)
	at jakarta.servlet.http.HttpServlet.service(HttpServlet.java:564)
	at org.springframework.web.servlet.FrameworkServlet.service(FrameworkServlet.java:885)
	at jakarta.servlet.http.HttpServlet.service(HttpServlet.java:658)
	at org.apache.catalina.core.ApplicationFilterChain.internalDoFilter(ApplicationFilterChain.java:195)
	at org.apache.catalina.core.ApplicationFilterChain.doFilter(ApplicationFilterChain.java:140)
	at org.apache.tomcat.websocket.server.WsFilter.doFilter(WsFilter.java:51)
	at org.apache.catalina.core.ApplicationFilterChain.internalDoFilter(ApplicationFilterChain.java:164)
	at org.apache.catalina.core.ApplicationFilterChain.doFilter(ApplicationFilterChain.java:140)
	at org.springframework.web.filter.RequestContextFilter.doFilterInternal(RequestContextFilter.java:100)
	at org.springframework.web.filter.OncePerRequestFilter.doFilter(OncePerRequestFilter.java:116)
	at org.apache.catalina.core.ApplicationFilterChain.internalDoFilter(ApplicationFilterChain.java:164)
	at org.apache.catalina.core.ApplicationFilterChain.doFilter(ApplicationFilterChain.java:140)
	at org.springframework.web.filter.FormContentFilter.doFilterInternal(FormContentFilter.java:93)
	at org.springframework.web.filter.OncePerRequestFilter.doFilter(OncePerRequestFilter.java:116)
	at org.apache.catalina.core.ApplicationFilterChain.internalDoFilter(ApplicationFilterChain.java:164)
	at org.apache.catalina.core.ApplicationFilterChain.doFilter(ApplicationFilterChain.java:140)
	at org.springframework.web.filter.ServerHttpObservationFilter.doFilterInternal(ServerHttpObservationFilter.java:113)
	at org.springframework.web.filter.OncePerRequestFilter.doFilter(OncePerRequestFilter.java:116)
	at org.apache.catalina.core.ApplicationFilterChain.internalDoFilter(ApplicationFilterChain.java:164)
	at org.apache.catalina.core.ApplicationFilterChain.doFilter(ApplicationFilterChain.java:140)
	at org.springframework.web.filter.CharacterEncodingFilter.doFilterInternal(CharacterEncodingFilter.java:201)
	at org.springframework.web.filter.OncePerRequestFilter.doFilter(OncePerRequestFilter.java:116)
	at org.apache.catalina.core.ApplicationFilterChain.internalDoFilter(ApplicationFilterChain.java:164)
	at org.apache.catalina.core.ApplicationFilterChain.doFilter(ApplicationFilterChain.java:140)
	at org.apache.catalina.core.StandardWrapperValve.invoke(StandardWrapperValve.java:167)
	at org.apache.catalina.core.StandardContextValve.invoke(StandardContextValve.java:90)
	at org.apache.catalina.authenticator.AuthenticatorBase.invoke(AuthenticatorBase.java:483)
	at org.apache.catalina.core.StandardHostValve.invoke(StandardHostValve.java:115)
	at org.apache.catalina.valves.ErrorReportValve.invoke(ErrorReportValve.java:93)
	at org.apache.catalina.core.StandardEngineValve.invoke(StandardEngineValve.java:74)
	at org.apache.catalina.connector.CoyoteAdapter.service(CoyoteAdapter.java:344)
	at org.apache.coyote.http11.Http11Processor.service(Http11Processor.java:384)
	at org.apache.coyote.AbstractProcessorLight.process(AbstractProcessorLight.java:63)
	at org.apache.coyote.AbstractProtocol$ConnectionHandler.process(AbstractProtocol.java:905)
	at org.apache.tomcat.util.net.NioEndpoint$SocketProcessor.doRun(NioEndpoint.java:1741)
	at org.apache.tomcat.util.net.SocketProcessorBase.run(SocketProcessorBase.java:52)
	at org.apache.tomcat.util.threads.ThreadPoolExecutor.runWorker(ThreadPoolExecutor.java:1190)
	at org.apache.tomcat.util.threads.ThreadPoolExecutor$Worker.run(ThreadPoolExecutor.java:659)
	at org.apache.tomcat.util.threads.TaskThread$WrappingRunnable.run(TaskThread.java:63)
	at java.base/java.lang.Thread.run(Thread.java:833)
Caused by: org.attoparser.ParseException: Exception evaluating SpringEL expression: "session.memberInfo.userName" (template: "account/index" - line 35, col 46)
	at org.attoparser.MarkupParser.parseDocument(MarkupParser.java:393)
	at org.attoparser.MarkupParser.parse(MarkupParser.java:257)
	at org.thymeleaf.templateparser.markup.AbstractMarkupTemplateParser.parse(AbstractMarkupTemplateParser.java:230)
	... 52 common frames omitted
Caused by: org.thymeleaf.exceptions.TemplateProcessingException: Exception evaluating SpringEL expression: "session.memberInfo.userName" (template: "account/index" - line 35, col 46)
	at org.thymeleaf.spring6.expression.SPELVariableExpressionEvaluator.evaluate(SPELVariableExpressionEvaluator.java:292)
	at org.thymeleaf.standard.expression.VariableExpression.executeVariableExpression(VariableExpression.java:166)
	at org.thymeleaf.standard.expression.SimpleExpression.executeSimple(SimpleExpression.java:66)
	at org.thymeleaf.standard.expression.Expression.execute(Expression.java:109)
	at org.thymeleaf.standard.expression.Expression.execute(Expression.java:138)
	at org.thymeleaf.standard.processor.AbstractStandardExpressionAttributeTagProcessor.doProcess(AbstractStandardExpressionAttributeTagProcessor.java:144)
	at org.thymeleaf.processor.element.AbstractAttributeTagProcessor.doProcess(AbstractAttributeTagProcessor.java:74)
	at org.thymeleaf.processor.element.AbstractElementTagProcessor.process(AbstractElementTagProcessor.java:95)
	at org.thymeleaf.util.ProcessorConfigurationUtils$ElementTagProcessorWrapper.process(ProcessorConfigurationUtils.java:633)
	at org.thymeleaf.engine.ProcessorTemplateHandler.handleOpenElement(ProcessorTemplateHandler.java:1314)
	at org.thymeleaf.engine.TemplateHandlerAdapterMarkupHandler.handleOpenElementEnd(TemplateHandlerAdapterMarkupHandler.java:304)
	at org.thymeleaf.templateparser.markup.InlinedOutputExpressionMarkupHandler$InlineMarkupAdapterPreProcessorHandler.handleOpenElementEnd(InlinedOutputExpressionMarkupHandler.java:278)
	at org.thymeleaf.standard.inline.OutputExpressionInlinePreProcessorHandler.handleOpenElementEnd(OutputExpressionInlinePreProcessorHandler.java:186)
	at org.thymeleaf.templateparser.markup.InlinedOutputExpressionMarkupHandler.handleOpenElementEnd(InlinedOutputExpressionMarkupHandler.java:124)
	at org.attoparser.HtmlElement.handleOpenElementEnd(HtmlElement.java:109)
	at org.attoparser.HtmlMarkupHandler.handleOpenElementEnd(HtmlMarkupHandler.java:297)
	at org.attoparser.MarkupEventProcessorHandler.handleOpenElementEnd(MarkupEventProcessorHandler.java:402)
	at org.attoparser.ParsingElementMarkupUtil.parseOpenElement(ParsingElementMarkupUtil.java:159)
	at org.attoparser.MarkupParser.parseBuffer(MarkupParser.java:710)
	at org.attoparser.MarkupParser.parseDocument(MarkupParser.java:301)
	... 54 common frames omitted
Caused by: org.springframework.expression.spel.SpelEvaluationException: EL1008E: Property or field 'userName' cannot be found on object of type 'kr.parkjaehan.myshop.models.Members' - maybe not public or not valid?
	at org.springframework.expression.spel.ast.PropertyOrFieldReference.readProperty(PropertyOrFieldReference.java:229)
	at org.springframework.expression.spel.ast.PropertyOrFieldReference.getValueInternal(PropertyOrFieldReference.java:112)
	at org.springframework.expression.spel.ast.PropertyOrFieldReference$AccessorValueRef.getValue(PropertyOrFieldReference.java:417)
	at org.springframework.expression.spel.ast.CompoundExpression.getValueInternal(CompoundExpression.java:97)
	at org.springframework.expression.spel.ast.SpelNodeImpl.getValue(SpelNodeImpl.java:114)
	at org.springframework.expression.spel.standard.SpelExpression.getValue(SpelExpression.java:338)
	at org.thymeleaf.spring6.expression.SPELVariableExpressionEvaluator.evaluate(SPELVariableExpressionEvaluator.java:265)
	... 73 common frames omitted
[ERROR] 24-11-12 13:02:19 [[dispatcherServlet]:175] - Servlet.service() for servlet [dispatcherServlet] in context with path [] threw exception [Request processing failed: org.thymeleaf.exceptions.TemplateInputException: An error happened during template parsing (template: "class path resource [templates/account/index.html]")] with root cause
org.springframework.expression.spel.SpelEvaluationException: EL1008E: Property or field 'userName' cannot be found on object of type 'kr.parkjaehan.myshop.models.Members' - maybe not public or not valid?
	at org.springframework.expression.spel.ast.PropertyOrFieldReference.readProperty(PropertyOrFieldReference.java:229)
	at org.springframework.expression.spel.ast.PropertyOrFieldReference.getValueInternal(PropertyOrFieldReference.java:112)
	at org.springframework.expression.spel.ast.PropertyOrFieldReference$AccessorValueRef.getValue(PropertyOrFieldReference.java:417)
	at org.springframework.expression.spel.ast.CompoundExpression.getValueInternal(CompoundExpression.java:97)
	at org.springframework.expression.spel.ast.SpelNodeImpl.getValue(SpelNodeImpl.java:114)
	at org.springframework.expression.spel.standard.SpelExpression.getValue(SpelExpression.java:338)
	at org.thymeleaf.spring6.expression.SPELVariableExpressionEvaluator.evaluate(SPELVariableExpressionEvaluator.java:265)
	at org.thymeleaf.standard.expression.VariableExpression.executeVariableExpression(VariableExpression.java:166)
	at org.thymeleaf.standard.expression.SimpleExpression.executeSimple(SimpleExpression.java:66)
	at org.thymeleaf.standard.expression.Expression.execute(Expression.java:109)
	at org.thymeleaf.standard.expression.Expression.execute(Expression.java:138)
	at org.thymeleaf.standard.processor.AbstractStandardExpressionAttributeTagProcessor.doProcess(AbstractStandardExpressionAttributeTagProcessor.java:144)
	at org.thymeleaf.processor.element.AbstractAttributeTagProcessor.doProcess(AbstractAttributeTagProcessor.java:74)
	at org.thymeleaf.processor.element.AbstractElementTagProcessor.process(AbstractElementTagProcessor.java:95)
	at org.thymeleaf.util.ProcessorConfigurationUtils$ElementTagProcessorWrapper.process(ProcessorConfigurationUtils.java:633)
	at org.thymeleaf.engine.ProcessorTemplateHandler.handleOpenElement(ProcessorTemplateHandler.java:1314)
	at org.thymeleaf.engine.TemplateHandlerAdapterMarkupHandler.handleOpenElementEnd(TemplateHandlerAdapterMarkupHandler.java:304)
	at org.thymeleaf.templateparser.markup.InlinedOutputExpressionMarkupHandler$InlineMarkupAdapterPreProcessorHandler.handleOpenElementEnd(InlinedOutputExpressionMarkupHandler.java:278)
	at org.thymeleaf.standard.inline.OutputExpressionInlinePreProcessorHandler.handleOpenElementEnd(OutputExpressionInlinePreProcessorHandler.java:186)
	at org.thymeleaf.templateparser.markup.InlinedOutputExpressionMarkupHandler.handleOpenElementEnd(InlinedOutputExpressionMarkupHandler.java:124)
	at org.attoparser.HtmlElement.handleOpenElementEnd(HtmlElement.java:109)
	at org.attoparser.HtmlMarkupHandler.handleOpenElementEnd(HtmlMarkupHandler.java:297)
	at org.attoparser.MarkupEventProcessorHandler.handleOpenElementEnd(MarkupEventProcessorHandler.java:402)
	at org.attoparser.ParsingElementMarkupUtil.parseOpenElement(ParsingElementMarkupUtil.java:159)
	at org.attoparser.MarkupParser.parseBuffer(MarkupParser.java:710)
	at org.attoparser.MarkupParser.parseDocument(MarkupParser.java:301)
	at org.attoparser.MarkupParser.parse(MarkupParser.java:257)
	at org.thymeleaf.templateparser.markup.AbstractMarkupTemplateParser.parse(AbstractMarkupTemplateParser.java:230)
	at org.thymeleaf.templateparser.markup.AbstractMarkupTemplateParser.parseStandalone(AbstractMarkupTemplateParser.java:100)
	at org.thymeleaf.engine.TemplateManager.parseAndProcess(TemplateManager.java:666)
	at org.thymeleaf.TemplateEngine.process(TemplateEngine.java:1103)
	at org.thymeleaf.TemplateEngine.process(TemplateEngine.java:1077)
	at org.thymeleaf.spring6.view.ThymeleafView.renderFragment(ThymeleafView.java:372)
	at org.thymeleaf.spring6.view.ThymeleafView.render(ThymeleafView.java:192)
	at org.springframework.web.servlet.DispatcherServlet.render(DispatcherServlet.java:1432)
	at org.springframework.web.servlet.DispatcherServlet.processDispatchResult(DispatcherServlet.java:1168)
	at org.springframework.web.servlet.DispatcherServlet.doDispatch(DispatcherServlet.java:1106)
	at org.springframework.web.servlet.DispatcherServlet.doService(DispatcherServlet.java:979)
	at org.springframework.web.servlet.FrameworkServlet.processRequest(FrameworkServlet.java:1014)
	at org.springframework.web.servlet.FrameworkServlet.doGet(FrameworkServlet.java:903)
	at jakarta.servlet.http.HttpServlet.service(HttpServlet.java:564)
	at org.springframework.web.servlet.FrameworkServlet.service(FrameworkServlet.java:885)
	at jakarta.servlet.http.HttpServlet.service(HttpServlet.java:658)
	at org.apache.catalina.core.ApplicationFilterChain.internalDoFilter(ApplicationFilterChain.java:195)
	at org.apache.catalina.core.ApplicationFilterChain.doFilter(ApplicationFilterChain.java:140)
	at org.apache.tomcat.websocket.server.WsFilter.doFilter(WsFilter.java:51)
	at org.apache.catalina.core.ApplicationFilterChain.internalDoFilter(ApplicationFilterChain.java:164)
	at org.apache.catalina.core.ApplicationFilterChain.doFilter(ApplicationFilterChain.java:140)
	at org.springframework.web.filter.RequestContextFilter.doFilterInternal(RequestContextFilter.java:100)
	at org.springframework.web.filter.OncePerRequestFilter.doFilter(OncePerRequestFilter.java:116)
	at org.apache.catalina.core.ApplicationFilterChain.internalDoFilter(ApplicationFilterChain.java:164)
	at org.apache.catalina.core.ApplicationFilterChain.doFilter(ApplicationFilterChain.java:140)
	at org.springframework.web.filter.FormContentFilter.doFilterInternal(FormContentFilter.java:93)
	at org.springframework.web.filter.OncePerRequestFilter.doFilter(OncePerRequestFilter.java:116)
	at org.apache.catalina.core.ApplicationFilterChain.internalDoFilter(ApplicationFilterChain.java:164)
	at org.apache.catalina.core.ApplicationFilterChain.doFilter(ApplicationFilterChain.java:140)
	at org.springframework.web.filter.ServerHttpObservationFilter.doFilterInternal(ServerHttpObservationFilter.java:113)
	at org.springframework.web.filter.OncePerRequestFilter.doFilter(OncePerRequestFilter.java:116)
	at org.apache.catalina.core.ApplicationFilterChain.internalDoFilter(ApplicationFilterChain.java:164)
	at org.apache.catalina.core.ApplicationFilterChain.doFilter(ApplicationFilterChain.java:140)
	at org.springframework.web.filter.CharacterEncodingFilter.doFilterInternal(CharacterEncodingFilter.java:201)
	at org.springframework.web.filter.OncePerRequestFilter.doFilter(OncePerRequestFilter.java:116)
	at org.apache.catalina.core.ApplicationFilterChain.internalDoFilter(ApplicationFilterChain.java:164)
	at org.apache.catalina.core.ApplicationFilterChain.doFilter(ApplicationFilterChain.java:140)
	at org.apache.catalina.core.StandardWrapperValve.invoke(StandardWrapperValve.java:167)
	at org.apache.catalina.core.StandardContextValve.invoke(StandardContextValve.java:90)
	at org.apache.catalina.authenticator.AuthenticatorBase.invoke(AuthenticatorBase.java:483)
	at org.apache.catalina.core.StandardHostValve.invoke(StandardHostValve.java:115)
	at org.apache.catalina.valves.ErrorReportValve.invoke(ErrorReportValve.java:93)
	at org.apache.catalina.core.StandardEngineValve.invoke(StandardEngineValve.java:74)
	at org.apache.catalina.connector.CoyoteAdapter.service(CoyoteAdapter.java:344)
	at org.apache.coyote.http11.Http11Processor.service(Http11Processor.java:384)
	at org.apache.coyote.AbstractProcessorLight.process(AbstractProcessorLight.java:63)
	at org.apache.coyote.AbstractProtocol$ConnectionHandler.process(AbstractProtocol.java:905)
	at org.apache.tomcat.util.net.NioEndpoint$SocketProcessor.doRun(NioEndpoint.java:1741)
	at org.apache.tomcat.util.net.SocketProcessorBase.run(SocketProcessorBase.java:52)
	at org.apache.tomcat.util.threads.ThreadPoolExecutor.runWorker(ThreadPoolExecutor.java:1190)
	at org.apache.tomcat.util.threads.ThreadPoolExecutor$Worker.run(ThreadPoolExecutor.java:659)
	at org.apache.tomcat.util.threads.TaskThread$WrappingRunnable.run(TaskThread.java:63)
	at java.base/java.lang.Thread.run(Thread.java:833)
[INFO ] 24-11-12 13:17:17 [MyshopApplication:50] - Starting MyshopApplication using Java 17.0.2 with PID 14980 (C:\Users\user\Desktop\HOME\08_SpringBoot\13_MyShop\bin\main started by user in C:\Users\user\Desktop\HOME\08_SpringBoot\13_MyShop)
[DEBUG] 24-11-12 13:17:17 [MyshopApplication:51] - Running with Spring Boot v3.3.5, Spring v6.1.14
[INFO ] 24-11-12 13:17:17 [MyshopApplication:654] - No active profile set, falling back to 1 default profile: "default"
[DEBUG] 24-11-12 13:17:18 [LogFactory:109] - Logging initialized using 'class org.apache.ibatis.logging.slf4j.Slf4jImpl' adapter.
[INFO ] 24-11-12 13:17:20 [MyshopApplication:56] - Started MyshopApplication in 3.247 seconds (process running for 3.804)
[DEBUG] 24-11-12 13:17:49 [login:135] - ==>  Preparing: SELECT id, user_id, user_pw, user_name, email, phone, birthday, gender, postcode, addr1, addr2, photo, is_out, is_admin, login_date, reg_date, edit_date FROM members WHERE user_id = ? AND user_pw = MD5(?)
[DEBUG] 24-11-12 13:17:49 [login:135] - ==> Parameters: abcd(String), 1234(String)
[INFO ] 24-11-12 13:17:49 [sqlonly:228] - SELECT 
id, user_id, user_pw, user_name, email, phone, birthday, gender, 
postcode, addr1, addr2, photo, is_out, is_admin, login_date, reg_date, edit_date 
FROM members 
WHERE user_id = 'abcd' AND user_pw = MD5('1234')

[INFO ] 24-11-12 13:17:49 [resultsettable:610] - 
|---|--------|---------------------------------|----------|--------------|------------|-----------|-------|---------|----------------------------|------|------|-------|---------|--------------------|--------------------|--------------------|
|id |user_id |user_pw                          |user_name |email         |phone       |birthday   |gender |postcode |addr1                       |addr2 |photo |is_out |is_admin |login_date          |reg_date            |edit_date           |
|---|--------|---------------------------------|----------|--------------|------------|-----------|-------|---------|----------------------------|------|------|-------|---------|--------------------|--------------------|--------------------|
|14 |abcd    |81dc9bdb52d04dc20036dbd8313ed055 |박재한       |abc@naver.com |01089961079 |2024-11-13 |M      |02230    |서울 중랑구 겸재로 68 (면목동, 인문학도서당) |123   |null  |N      |N        |2024-11-12 13:02:19 |2024-11-12 11:45:26 |2024-11-12 11:45:26 |
|---|--------|---------------------------------|----------|--------------|------------|-----------|-------|---------|----------------------------|------|------|-------|---------|--------------------|--------------------|--------------------|

[DEBUG] 24-11-12 13:17:49 [login:135] - <==      Total: 1
[DEBUG] 24-11-12 13:17:49 [updateLoginDate:135] - ==>  Preparing: UPDATE members SET login_date = now() WHERE id = ?
[DEBUG] 24-11-12 13:17:49 [updateLoginDate:135] - ==> Parameters: 14(Integer)
[INFO ] 24-11-12 13:17:49 [sqlonly:228] - UPDATE members SET login_date = now() WHERE id = 14

[DEBUG] 24-11-12 13:17:49 [updateLoginDate:135] - <==    Updates: 1
[ERROR] 24-11-12 13:17:49 [TemplateEngine:1141] - [THYMELEAF][http-nio-8080-exec-2] Exception processing template "account/index": An error happened during template parsing (template: "class path resource [templates/account/index.html]")
org.thymeleaf.exceptions.TemplateInputException: An error happened during template parsing (template: "class path resource [templates/account/index.html]")
	at org.thymeleaf.templateparser.markup.AbstractMarkupTemplateParser.parse(AbstractMarkupTemplateParser.java:241)
	at org.thymeleaf.templateparser.markup.AbstractMarkupTemplateParser.parseStandalone(AbstractMarkupTemplateParser.java:100)
	at org.thymeleaf.engine.TemplateManager.parseAndProcess(TemplateManager.java:666)
	at org.thymeleaf.TemplateEngine.process(TemplateEngine.java:1103)
	at org.thymeleaf.TemplateEngine.process(TemplateEngine.java:1077)
	at org.thymeleaf.spring6.view.ThymeleafView.renderFragment(ThymeleafView.java:372)
	at org.thymeleaf.spring6.view.ThymeleafView.render(ThymeleafView.java:192)
	at org.springframework.web.servlet.DispatcherServlet.render(DispatcherServlet.java:1432)
	at org.springframework.web.servlet.DispatcherServlet.processDispatchResult(DispatcherServlet.java:1168)
	at org.springframework.web.servlet.DispatcherServlet.doDispatch(DispatcherServlet.java:1106)
	at org.springframework.web.servlet.DispatcherServlet.doService(DispatcherServlet.java:979)
	at org.springframework.web.servlet.FrameworkServlet.processRequest(FrameworkServlet.java:1014)
	at org.springframework.web.servlet.FrameworkServlet.doGet(FrameworkServlet.java:903)
	at jakarta.servlet.http.HttpServlet.service(HttpServlet.java:564)
	at org.springframework.web.servlet.FrameworkServlet.service(FrameworkServlet.java:885)
	at jakarta.servlet.http.HttpServlet.service(HttpServlet.java:658)
	at org.apache.catalina.core.ApplicationFilterChain.internalDoFilter(ApplicationFilterChain.java:195)
	at org.apache.catalina.core.ApplicationFilterChain.doFilter(ApplicationFilterChain.java:140)
	at org.apache.tomcat.websocket.server.WsFilter.doFilter(WsFilter.java:51)
	at org.apache.catalina.core.ApplicationFilterChain.internalDoFilter(ApplicationFilterChain.java:164)
	at org.apache.catalina.core.ApplicationFilterChain.doFilter(ApplicationFilterChain.java:140)
	at org.springframework.web.filter.RequestContextFilter.doFilterInternal(RequestContextFilter.java:100)
	at org.springframework.web.filter.OncePerRequestFilter.doFilter(OncePerRequestFilter.java:116)
	at org.apache.catalina.core.ApplicationFilterChain.internalDoFilter(ApplicationFilterChain.java:164)
	at org.apache.catalina.core.ApplicationFilterChain.doFilter(ApplicationFilterChain.java:140)
	at org.springframework.web.filter.FormContentFilter.doFilterInternal(FormContentFilter.java:93)
	at org.springframework.web.filter.OncePerRequestFilter.doFilter(OncePerRequestFilter.java:116)
	at org.apache.catalina.core.ApplicationFilterChain.internalDoFilter(ApplicationFilterChain.java:164)
	at org.apache.catalina.core.ApplicationFilterChain.doFilter(ApplicationFilterChain.java:140)
	at org.springframework.web.filter.ServerHttpObservationFilter.doFilterInternal(ServerHttpObservationFilter.java:113)
	at org.springframework.web.filter.OncePerRequestFilter.doFilter(OncePerRequestFilter.java:116)
	at org.apache.catalina.core.ApplicationFilterChain.internalDoFilter(ApplicationFilterChain.java:164)
	at org.apache.catalina.core.ApplicationFilterChain.doFilter(ApplicationFilterChain.java:140)
	at org.springframework.web.filter.CharacterEncodingFilter.doFilterInternal(CharacterEncodingFilter.java:201)
	at org.springframework.web.filter.OncePerRequestFilter.doFilter(OncePerRequestFilter.java:116)
	at org.apache.catalina.core.ApplicationFilterChain.internalDoFilter(ApplicationFilterChain.java:164)
	at org.apache.catalina.core.ApplicationFilterChain.doFilter(ApplicationFilterChain.java:140)
	at org.apache.catalina.core.StandardWrapperValve.invoke(StandardWrapperValve.java:167)
	at org.apache.catalina.core.StandardContextValve.invoke(StandardContextValve.java:90)
	at org.apache.catalina.authenticator.AuthenticatorBase.invoke(AuthenticatorBase.java:483)
	at org.apache.catalina.core.StandardHostValve.invoke(StandardHostValve.java:115)
	at org.apache.catalina.valves.ErrorReportValve.invoke(ErrorReportValve.java:93)
	at org.apache.catalina.core.StandardEngineValve.invoke(StandardEngineValve.java:74)
	at org.apache.catalina.connector.CoyoteAdapter.service(CoyoteAdapter.java:344)
	at org.apache.coyote.http11.Http11Processor.service(Http11Processor.java:384)
	at org.apache.coyote.AbstractProcessorLight.process(AbstractProcessorLight.java:63)
	at org.apache.coyote.AbstractProtocol$ConnectionHandler.process(AbstractProtocol.java:905)
	at org.apache.tomcat.util.net.NioEndpoint$SocketProcessor.doRun(NioEndpoint.java:1741)
	at org.apache.tomcat.util.net.SocketProcessorBase.run(SocketProcessorBase.java:52)
	at org.apache.tomcat.util.threads.ThreadPoolExecutor.runWorker(ThreadPoolExecutor.java:1190)
	at org.apache.tomcat.util.threads.ThreadPoolExecutor$Worker.run(ThreadPoolExecutor.java:659)
	at org.apache.tomcat.util.threads.TaskThread$WrappingRunnable.run(TaskThread.java:63)
	at java.base/java.lang.Thread.run(Thread.java:833)
Caused by: org.attoparser.ParseException: Exception evaluating SpringEL expression: "session.memberInfo.userName" (template: "account/index" - line 35, col 46)
	at org.attoparser.MarkupParser.parseDocument(MarkupParser.java:393)
	at org.attoparser.MarkupParser.parse(MarkupParser.java:257)
	at org.thymeleaf.templateparser.markup.AbstractMarkupTemplateParser.parse(AbstractMarkupTemplateParser.java:230)
	... 52 common frames omitted
Caused by: org.thymeleaf.exceptions.TemplateProcessingException: Exception evaluating SpringEL expression: "session.memberInfo.userName" (template: "account/index" - line 35, col 46)
	at org.thymeleaf.spring6.expression.SPELVariableExpressionEvaluator.evaluate(SPELVariableExpressionEvaluator.java:292)
	at org.thymeleaf.standard.expression.VariableExpression.executeVariableExpression(VariableExpression.java:166)
	at org.thymeleaf.standard.expression.SimpleExpression.executeSimple(SimpleExpression.java:66)
	at org.thymeleaf.standard.expression.Expression.execute(Expression.java:109)
	at org.thymeleaf.standard.expression.Expression.execute(Expression.java:138)
	at org.thymeleaf.standard.processor.AbstractStandardExpressionAttributeTagProcessor.doProcess(AbstractStandardExpressionAttributeTagProcessor.java:144)
	at org.thymeleaf.processor.element.AbstractAttributeTagProcessor.doProcess(AbstractAttributeTagProcessor.java:74)
	at org.thymeleaf.processor.element.AbstractElementTagProcessor.process(AbstractElementTagProcessor.java:95)
	at org.thymeleaf.util.ProcessorConfigurationUtils$ElementTagProcessorWrapper.process(ProcessorConfigurationUtils.java:633)
	at org.thymeleaf.engine.ProcessorTemplateHandler.handleOpenElement(ProcessorTemplateHandler.java:1314)
	at org.thymeleaf.engine.TemplateHandlerAdapterMarkupHandler.handleOpenElementEnd(TemplateHandlerAdapterMarkupHandler.java:304)
	at org.thymeleaf.templateparser.markup.InlinedOutputExpressionMarkupHandler$InlineMarkupAdapterPreProcessorHandler.handleOpenElementEnd(InlinedOutputExpressionMarkupHandler.java:278)
	at org.thymeleaf.standard.inline.OutputExpressionInlinePreProcessorHandler.handleOpenElementEnd(OutputExpressionInlinePreProcessorHandler.java:186)
	at org.thymeleaf.templateparser.markup.InlinedOutputExpressionMarkupHandler.handleOpenElementEnd(InlinedOutputExpressionMarkupHandler.java:124)
	at org.attoparser.HtmlElement.handleOpenElementEnd(HtmlElement.java:109)
	at org.attoparser.HtmlMarkupHandler.handleOpenElementEnd(HtmlMarkupHandler.java:297)
	at org.attoparser.MarkupEventProcessorHandler.handleOpenElementEnd(MarkupEventProcessorHandler.java:402)
	at org.attoparser.ParsingElementMarkupUtil.parseOpenElement(ParsingElementMarkupUtil.java:159)
	at org.attoparser.MarkupParser.parseBuffer(MarkupParser.java:710)
	at org.attoparser.MarkupParser.parseDocument(MarkupParser.java:301)
	... 54 common frames omitted
Caused by: org.springframework.expression.spel.SpelEvaluationException: EL1008E: Property or field 'userName' cannot be found on object of type 'kr.parkjaehan.myshop.models.Members' - maybe not public or not valid?
	at org.springframework.expression.spel.ast.PropertyOrFieldReference.readProperty(PropertyOrFieldReference.java:229)
	at org.springframework.expression.spel.ast.PropertyOrFieldReference.getValueInternal(PropertyOrFieldReference.java:112)
	at org.springframework.expression.spel.ast.PropertyOrFieldReference$AccessorValueRef.getValue(PropertyOrFieldReference.java:417)
	at org.springframework.expression.spel.ast.CompoundExpression.getValueInternal(CompoundExpression.java:97)
	at org.springframework.expression.spel.ast.SpelNodeImpl.getValue(SpelNodeImpl.java:114)
	at org.springframework.expression.spel.standard.SpelExpression.getValue(SpelExpression.java:338)
	at org.thymeleaf.spring6.expression.SPELVariableExpressionEvaluator.evaluate(SPELVariableExpressionEvaluator.java:265)
	... 73 common frames omitted
[ERROR] 24-11-12 13:17:49 [[dispatcherServlet]:175] - Servlet.service() for servlet [dispatcherServlet] in context with path [] threw exception [Request processing failed: org.thymeleaf.exceptions.TemplateInputException: An error happened during template parsing (template: "class path resource [templates/account/index.html]")] with root cause
org.springframework.expression.spel.SpelEvaluationException: EL1008E: Property or field 'userName' cannot be found on object of type 'kr.parkjaehan.myshop.models.Members' - maybe not public or not valid?
	at org.springframework.expression.spel.ast.PropertyOrFieldReference.readProperty(PropertyOrFieldReference.java:229)
	at org.springframework.expression.spel.ast.PropertyOrFieldReference.getValueInternal(PropertyOrFieldReference.java:112)
	at org.springframework.expression.spel.ast.PropertyOrFieldReference$AccessorValueRef.getValue(PropertyOrFieldReference.java:417)
	at org.springframework.expression.spel.ast.CompoundExpression.getValueInternal(CompoundExpression.java:97)
	at org.springframework.expression.spel.ast.SpelNodeImpl.getValue(SpelNodeImpl.java:114)
	at org.springframework.expression.spel.standard.SpelExpression.getValue(SpelExpression.java:338)
	at org.thymeleaf.spring6.expression.SPELVariableExpressionEvaluator.evaluate(SPELVariableExpressionEvaluator.java:265)
	at org.thymeleaf.standard.expression.VariableExpression.executeVariableExpression(VariableExpression.java:166)
	at org.thymeleaf.standard.expression.SimpleExpression.executeSimple(SimpleExpression.java:66)
	at org.thymeleaf.standard.expression.Expression.execute(Expression.java:109)
	at org.thymeleaf.standard.expression.Expression.execute(Expression.java:138)
	at org.thymeleaf.standard.processor.AbstractStandardExpressionAttributeTagProcessor.doProcess(AbstractStandardExpressionAttributeTagProcessor.java:144)
	at org.thymeleaf.processor.element.AbstractAttributeTagProcessor.doProcess(AbstractAttributeTagProcessor.java:74)
	at org.thymeleaf.processor.element.AbstractElementTagProcessor.process(AbstractElementTagProcessor.java:95)
	at org.thymeleaf.util.ProcessorConfigurationUtils$ElementTagProcessorWrapper.process(ProcessorConfigurationUtils.java:633)
	at org.thymeleaf.engine.ProcessorTemplateHandler.handleOpenElement(ProcessorTemplateHandler.java:1314)
	at org.thymeleaf.engine.TemplateHandlerAdapterMarkupHandler.handleOpenElementEnd(TemplateHandlerAdapterMarkupHandler.java:304)
	at org.thymeleaf.templateparser.markup.InlinedOutputExpressionMarkupHandler$InlineMarkupAdapterPreProcessorHandler.handleOpenElementEnd(InlinedOutputExpressionMarkupHandler.java:278)
	at org.thymeleaf.standard.inline.OutputExpressionInlinePreProcessorHandler.handleOpenElementEnd(OutputExpressionInlinePreProcessorHandler.java:186)
	at org.thymeleaf.templateparser.markup.InlinedOutputExpressionMarkupHandler.handleOpenElementEnd(InlinedOutputExpressionMarkupHandler.java:124)
	at org.attoparser.HtmlElement.handleOpenElementEnd(HtmlElement.java:109)
	at org.attoparser.HtmlMarkupHandler.handleOpenElementEnd(HtmlMarkupHandler.java:297)
	at org.attoparser.MarkupEventProcessorHandler.handleOpenElementEnd(MarkupEventProcessorHandler.java:402)
	at org.attoparser.ParsingElementMarkupUtil.parseOpenElement(ParsingElementMarkupUtil.java:159)
	at org.attoparser.MarkupParser.parseBuffer(MarkupParser.java:710)
	at org.attoparser.MarkupParser.parseDocument(MarkupParser.java:301)
	at org.attoparser.MarkupParser.parse(MarkupParser.java:257)
	at org.thymeleaf.templateparser.markup.AbstractMarkupTemplateParser.parse(AbstractMarkupTemplateParser.java:230)
	at org.thymeleaf.templateparser.markup.AbstractMarkupTemplateParser.parseStandalone(AbstractMarkupTemplateParser.java:100)
	at org.thymeleaf.engine.TemplateManager.parseAndProcess(TemplateManager.java:666)
	at org.thymeleaf.TemplateEngine.process(TemplateEngine.java:1103)
	at org.thymeleaf.TemplateEngine.process(TemplateEngine.java:1077)
	at org.thymeleaf.spring6.view.ThymeleafView.renderFragment(ThymeleafView.java:372)
	at org.thymeleaf.spring6.view.ThymeleafView.render(ThymeleafView.java:192)
	at org.springframework.web.servlet.DispatcherServlet.render(DispatcherServlet.java:1432)
	at org.springframework.web.servlet.DispatcherServlet.processDispatchResult(DispatcherServlet.java:1168)
	at org.springframework.web.servlet.DispatcherServlet.doDispatch(DispatcherServlet.java:1106)
	at org.springframework.web.servlet.DispatcherServlet.doService(DispatcherServlet.java:979)
	at org.springframework.web.servlet.FrameworkServlet.processRequest(FrameworkServlet.java:1014)
	at org.springframework.web.servlet.FrameworkServlet.doGet(FrameworkServlet.java:903)
	at jakarta.servlet.http.HttpServlet.service(HttpServlet.java:564)
	at org.springframework.web.servlet.FrameworkServlet.service(FrameworkServlet.java:885)
	at jakarta.servlet.http.HttpServlet.service(HttpServlet.java:658)
	at org.apache.catalina.core.ApplicationFilterChain.internalDoFilter(ApplicationFilterChain.java:195)
	at org.apache.catalina.core.ApplicationFilterChain.doFilter(ApplicationFilterChain.java:140)
	at org.apache.tomcat.websocket.server.WsFilter.doFilter(WsFilter.java:51)
	at org.apache.catalina.core.ApplicationFilterChain.internalDoFilter(ApplicationFilterChain.java:164)
	at org.apache.catalina.core.ApplicationFilterChain.doFilter(ApplicationFilterChain.java:140)
	at org.springframework.web.filter.RequestContextFilter.doFilterInternal(RequestContextFilter.java:100)
	at org.springframework.web.filter.OncePerRequestFilter.doFilter(OncePerRequestFilter.java:116)
	at org.apache.catalina.core.ApplicationFilterChain.internalDoFilter(ApplicationFilterChain.java:164)
	at org.apache.catalina.core.ApplicationFilterChain.doFilter(ApplicationFilterChain.java:140)
	at org.springframework.web.filter.FormContentFilter.doFilterInternal(FormContentFilter.java:93)
	at org.springframework.web.filter.OncePerRequestFilter.doFilter(OncePerRequestFilter.java:116)
	at org.apache.catalina.core.ApplicationFilterChain.internalDoFilter(ApplicationFilterChain.java:164)
	at org.apache.catalina.core.ApplicationFilterChain.doFilter(ApplicationFilterChain.java:140)
	at org.springframework.web.filter.ServerHttpObservationFilter.doFilterInternal(ServerHttpObservationFilter.java:113)
	at org.springframework.web.filter.OncePerRequestFilter.doFilter(OncePerRequestFilter.java:116)
	at org.apache.catalina.core.ApplicationFilterChain.internalDoFilter(ApplicationFilterChain.java:164)
	at org.apache.catalina.core.ApplicationFilterChain.doFilter(ApplicationFilterChain.java:140)
	at org.springframework.web.filter.CharacterEncodingFilter.doFilterInternal(CharacterEncodingFilter.java:201)
	at org.springframework.web.filter.OncePerRequestFilter.doFilter(OncePerRequestFilter.java:116)
	at org.apache.catalina.core.ApplicationFilterChain.internalDoFilter(ApplicationFilterChain.java:164)
	at org.apache.catalina.core.ApplicationFilterChain.doFilter(ApplicationFilterChain.java:140)
	at org.apache.catalina.core.StandardWrapperValve.invoke(StandardWrapperValve.java:167)
	at org.apache.catalina.core.StandardContextValve.invoke(StandardContextValve.java:90)
	at org.apache.catalina.authenticator.AuthenticatorBase.invoke(AuthenticatorBase.java:483)
	at org.apache.catalina.core.StandardHostValve.invoke(StandardHostValve.java:115)
	at org.apache.catalina.valves.ErrorReportValve.invoke(ErrorReportValve.java:93)
	at org.apache.catalina.core.StandardEngineValve.invoke(StandardEngineValve.java:74)
	at org.apache.catalina.connector.CoyoteAdapter.service(CoyoteAdapter.java:344)
	at org.apache.coyote.http11.Http11Processor.service(Http11Processor.java:384)
	at org.apache.coyote.AbstractProcessorLight.process(AbstractProcessorLight.java:63)
	at org.apache.coyote.AbstractProtocol$ConnectionHandler.process(AbstractProtocol.java:905)
	at org.apache.tomcat.util.net.NioEndpoint$SocketProcessor.doRun(NioEndpoint.java:1741)
	at org.apache.tomcat.util.net.SocketProcessorBase.run(SocketProcessorBase.java:52)
	at org.apache.tomcat.util.threads.ThreadPoolExecutor.runWorker(ThreadPoolExecutor.java:1190)
	at org.apache.tomcat.util.threads.ThreadPoolExecutor$Worker.run(ThreadPoolExecutor.java:659)
	at org.apache.tomcat.util.threads.TaskThread$WrappingRunnable.run(TaskThread.java:63)
	at java.base/java.lang.Thread.run(Thread.java:833)
[INFO ] 24-11-12 13:18:45 [MyshopApplication:50] - Starting MyshopApplication using Java 17.0.2 with PID 1704 (C:\Users\user\Desktop\HOME\08_SpringBoot\13_MyShop\bin\main started by user in C:\Users\user\Desktop\HOME\08_SpringBoot\13_MyShop)
[DEBUG] 24-11-12 13:18:45 [MyshopApplication:51] - Running with Spring Boot v3.3.5, Spring v6.1.14
[INFO ] 24-11-12 13:18:45 [MyshopApplication:654] - No active profile set, falling back to 1 default profile: "default"
[DEBUG] 24-11-12 13:18:46 [LogFactory:109] - Logging initialized using 'class org.apache.ibatis.logging.slf4j.Slf4jImpl' adapter.
[INFO ] 24-11-12 13:18:48 [MyshopApplication:56] - Started MyshopApplication in 3.315 seconds (process running for 3.972)
[DEBUG] 24-11-12 13:18:59 [login:135] - ==>  Preparing: SELECT id, user_id, user_pw, user_name, email, phone, birthday, gender, postcode, addr1, addr2, photo, is_out, is_admin, login_date, reg_date, edit_date FROM members WHERE user_id = ? AND user_pw = MD5(?)
[DEBUG] 24-11-12 13:18:59 [login:135] - ==> Parameters: abcd(String), 1234(String)
[INFO ] 24-11-12 13:18:59 [sqlonly:228] - SELECT 
id, user_id, user_pw, user_name, email, phone, birthday, gender, 
postcode, addr1, addr2, photo, is_out, is_admin, login_date, reg_date, edit_date 
FROM members 
WHERE user_id = 'abcd' AND user_pw = MD5('1234')

[INFO ] 24-11-12 13:18:59 [resultsettable:610] - 
|---|--------|---------------------------------|----------|--------------|------------|-----------|-------|---------|----------------------------|------|------|-------|---------|--------------------|--------------------|--------------------|
|id |user_id |user_pw                          |user_name |email         |phone       |birthday   |gender |postcode |addr1                       |addr2 |photo |is_out |is_admin |login_date          |reg_date            |edit_date           |
|---|--------|---------------------------------|----------|--------------|------------|-----------|-------|---------|----------------------------|------|------|-------|---------|--------------------|--------------------|--------------------|
|14 |abcd    |81dc9bdb52d04dc20036dbd8313ed055 |박재한       |abc@naver.com |01089961079 |2024-11-13 |M      |02230    |서울 중랑구 겸재로 68 (면목동, 인문학도서당) |123   |null  |N      |N        |2024-11-12 13:17:49 |2024-11-12 11:45:26 |2024-11-12 11:45:26 |
|---|--------|---------------------------------|----------|--------------|------------|-----------|-------|---------|----------------------------|------|------|-------|---------|--------------------|--------------------|--------------------|

[DEBUG] 24-11-12 13:18:59 [login:135] - <==      Total: 1
[DEBUG] 24-11-12 13:18:59 [updateLoginDate:135] - ==>  Preparing: UPDATE members SET login_date = now() WHERE id = ?
[DEBUG] 24-11-12 13:18:59 [updateLoginDate:135] - ==> Parameters: 14(Integer)
[INFO ] 24-11-12 13:18:59 [sqlonly:228] - UPDATE members SET login_date = now() WHERE id = 14

[DEBUG] 24-11-12 13:18:59 [updateLoginDate:135] - <==    Updates: 1
[INFO ] 24-11-12 14:21:10 [MyshopApplication:50] - Starting MyshopApplication using Java 17.0.2 with PID 1704 (C:\Users\user\Desktop\HOME\08_SpringBoot\13_MyShop\bin\main started by user in C:\Users\user\Desktop\HOME\08_SpringBoot\13_MyShop)
[DEBUG] 24-11-12 14:21:10 [MyshopApplication:51] - Running with Spring Boot v3.3.5, Spring v6.1.14
[INFO ] 24-11-12 14:21:10 [MyshopApplication:654] - No active profile set, falling back to 1 default profile: "default"
[INFO ] 24-11-12 14:21:10 [MyshopApplication:56] - Started MyshopApplication in 0.814 seconds (process running for 3746.533)
[DEBUG] 24-11-12 14:21:17 [login:135] - ==>  Preparing: SELECT id, user_id, user_pw, user_name, email, phone, birthday, gender, postcode, addr1, addr2, photo, is_out, is_admin, login_date, reg_date, edit_date FROM members WHERE user_id = ? AND user_pw = MD5(?)
[DEBUG] 24-11-12 14:21:17 [login:135] - ==> Parameters: abcd(String), 1234(String)
[INFO ] 24-11-12 14:21:17 [sqlonly:228] - SELECT 
id, user_id, user_pw, user_name, email, phone, birthday, gender, 
postcode, addr1, addr2, photo, is_out, is_admin, login_date, reg_date, edit_date 
FROM members 
WHERE user_id = 'abcd' AND user_pw = MD5('1234')

[INFO ] 24-11-12 14:21:17 [resultsettable:610] - 
|---|--------|---------------------------------|----------|--------------|------------|-----------|-------|---------|----------------------------|------|------|-------|---------|--------------------|--------------------|--------------------|
|id |user_id |user_pw                          |user_name |email         |phone       |birthday   |gender |postcode |addr1                       |addr2 |photo |is_out |is_admin |login_date          |reg_date            |edit_date           |
|---|--------|---------------------------------|----------|--------------|------------|-----------|-------|---------|----------------------------|------|------|-------|---------|--------------------|--------------------|--------------------|
|14 |abcd    |81dc9bdb52d04dc20036dbd8313ed055 |박재한       |abc@naver.com |01089961079 |2024-11-13 |M      |02230    |서울 중랑구 겸재로 68 (면목동, 인문학도서당) |123   |null  |N      |N        |2024-11-12 13:18:59 |2024-11-12 11:45:26 |2024-11-12 11:45:26 |
|---|--------|---------------------------------|----------|--------------|------------|-----------|-------|---------|----------------------------|------|------|-------|---------|--------------------|--------------------|--------------------|

[DEBUG] 24-11-12 14:21:17 [login:135] - <==      Total: 1
[DEBUG] 24-11-12 14:21:17 [updateLoginDate:135] - ==>  Preparing: UPDATE members SET login_date = now() WHERE id = ?
[DEBUG] 24-11-12 14:21:17 [updateLoginDate:135] - ==> Parameters: 14(Integer)
[INFO ] 24-11-12 14:21:17 [sqlonly:228] - UPDATE members SET login_date = now() WHERE id = 14

[DEBUG] 24-11-12 14:21:17 [updateLoginDate:135] - <==    Updates: 1
[DEBUG] 24-11-12 14:25:11 [selectCount:135] - ==>  Preparing: SELECT COUNT(*) FROM members WHERE user_id = ?
[DEBUG] 24-11-12 14:25:11 [selectCount:135] - ==> Parameters: pjhshowme(String)
[INFO ] 24-11-12 14:25:11 [sqlonly:228] - SELECT COUNT(*) FROM members
 WHERE user_id = 'pjhshowme'

[INFO ] 24-11-12 14:25:11 [resultsettable:610] - 
|---------|
|count(*) |
|---------|
|0        |
|---------|

[DEBUG] 24-11-12 14:25:11 [selectCount:135] - <==      Total: 1
[DEBUG] 24-11-12 14:25:36 [selectCount:135] - ==>  Preparing: SELECT COUNT(*) FROM members WHERE email = ?
[DEBUG] 24-11-12 14:25:36 [selectCount:135] - ==> Parameters: mitshowme@gmail.com(String)
[INFO ] 24-11-12 14:25:36 [sqlonly:228] - SELECT COUNT(*) FROM members
 WHERE email = 'mitshowme@gmail.com'

[INFO ] 24-11-12 14:25:36 [resultsettable:610] - 
|---------|
|count(*) |
|---------|
|0        |
|---------|

[DEBUG] 24-11-12 14:25:36 [selectCount:135] - <==      Total: 1
[DEBUG] 24-11-12 14:26:02 [selectCount:135] - ==>  Preparing: SELECT COUNT(*) FROM members WHERE user_id = ?
[DEBUG] 24-11-12 14:26:02 [selectCount:135] - ==> Parameters: pjhshowme(String)
[INFO ] 24-11-12 14:26:02 [sqlonly:228] - SELECT COUNT(*) FROM members
 WHERE user_id = 'pjhshowme'

[INFO ] 24-11-12 14:26:02 [resultsettable:610] - 
|---------|
|count(*) |
|---------|
|0        |
|---------|

[DEBUG] 24-11-12 14:26:02 [selectCount:135] - <==      Total: 1
[DEBUG] 24-11-12 14:26:02 [selectCount:135] - ==>  Preparing: SELECT COUNT(*) FROM members WHERE email = ?
[DEBUG] 24-11-12 14:26:02 [selectCount:135] - ==> Parameters: mitshowme@gmail.com(String)
[INFO ] 24-11-12 14:26:02 [sqlonly:228] - SELECT COUNT(*) FROM members
 WHERE email = 'mitshowme@gmail.com'

[INFO ] 24-11-12 14:26:02 [resultsettable:610] - 
|---------|
|count(*) |
|---------|
|0        |
|---------|

[DEBUG] 24-11-12 14:26:02 [selectCount:135] - <==      Total: 1
[DEBUG] 24-11-12 14:26:02 [FileHelper:290] - [Thumbnail] Path: /2024/11/12/17313891622270.jpeg, Size: 640x640, Crop: true
[DEBUG] 24-11-12 14:26:02 [FileHelper:308] - [Thumbnail] Thumbnail File: C:\Users\user\Desktop\HOME\08_SpringBoot\FileUpload\2024\11\12\17313891622270_640x640.jpeg
[DEBUG] 24-11-12 14:26:02 [FileHelper:273] - UploadItem(fieldName=photo, originName=보노보노.jpeg, contentType=image/jpeg, fileSize=65159, filePath=/2024/11/12/17313891622270.jpeg, fileUrl=/files/2024/11/12/17313891622270.jpeg, thumbnailPath=/2024/11/12/17313891622270_640x640.jpeg, thumbnailUrl=/files/2024/11/12/17313891622270_640x640.jpeg)
[DEBUG] 24-11-12 14:26:02 [insert:135] - ==>  Preparing: INSERT INTO members (user_id, user_pw, user_name, email, phone, birthday, gender, postcode, addr1, addr2, photo, is_out, is_admin, login_date, reg_date, edit_date) VALUES (?, MD5(?), ?, ?, ?, ?, ? , ?, ?, ?, ?, 'N', 'N', Null, now(), now())
[DEBUG] 24-11-12 14:26:02 [insert:135] - ==> Parameters: pjhshowme(String), 1234(String), 박재한(String), mitshowme@gmail.com(String), 01012345678(String), 2024-11-01(String), M(String), 08200(String), 서울 구로구 신도림동 271-86(String), 111(String), /2024/11/12/17313891622270.jpeg(String)
[INFO ] 24-11-12 14:26:02 [sqlonly:228] - INSERT INTO members (user_id, user_pw, user_name, email, phone, birthday, gender, postcode, addr1, addr2, photo, is_out, is_admin, login_date, reg_date, edit_date) VALUES ('pjhshowme', MD5('1234'), '박재한', 'mitshowme@gmail.com', '01012345678', '2024-11-01', 'M' , '08200', '서울 구로구 신도림동 271-86', '111', '/2024/11/12/17313891622270.jpeg', 'N', 'N', Null, now(), now())

[DEBUG] 24-11-12 14:26:02 [insert:135] - <==    Updates: 1
[INFO ] 24-11-12 14:26:02 [resultsettable:610] - 
|--------------|
|generated_key |
|--------------|
|16            |
|--------------|

[DEBUG] 24-11-12 14:26:02 [selectItem:135] - ==>  Preparing: SELECT * FROM members WHERE id = ?
[DEBUG] 24-11-12 14:26:02 [selectItem:135] - ==> Parameters: 16(Integer)
[INFO ] 24-11-12 14:26:02 [sqlonly:228] - SELECT * FROM members WHERE id = 16

[INFO ] 24-11-12 14:26:02 [resultsettable:610] - 
|---|----------|---------------------------------|----------|--------------------|------------|-----------|-------|---------|-------------------|------|--------------------------------|-------|---------|-----------|--------------------|--------------------|
|id |user_id   |user_pw                          |user_name |email               |phone       |birthday   |gender |postcode |addr1              |addr2 |photo                           |is_out |is_admin |login_date |reg_date            |edit_date           |
|---|----------|---------------------------------|----------|--------------------|------------|-----------|-------|---------|-------------------|------|--------------------------------|-------|---------|-----------|--------------------|--------------------|
|16 |pjhshowme |81dc9bdb52d04dc20036dbd8313ed055 |박재한       |mitshowme@gmail.com |01012345678 |2024-11-01 |M      |08200    |서울 구로구 신도림동 271-86 |111   |/2024/11/12/17313891622270.jpeg |N      |N        |null       |2024-11-12 14:26:02 |2024-11-12 14:26:02 |
|---|----------|---------------------------------|----------|--------------------|------------|-----------|-------|---------|-------------------|------|--------------------------------|-------|---------|-----------|--------------------|--------------------|

[DEBUG] 24-11-12 14:26:02 [selectItem:135] - <==      Total: 1
[DEBUG] 24-11-12 14:26:12 [login:135] - ==>  Preparing: SELECT id, user_id, user_pw, user_name, email, phone, birthday, gender, postcode, addr1, addr2, photo, is_out, is_admin, login_date, reg_date, edit_date FROM members WHERE user_id = ? AND user_pw = MD5(?)
[DEBUG] 24-11-12 14:26:12 [login:135] - ==> Parameters: pjhshowme(String), 1234(String)
[INFO ] 24-11-12 14:26:12 [sqlonly:228] - SELECT 
id, user_id, user_pw, user_name, email, phone, birthday, gender, 
postcode, addr1, addr2, photo, is_out, is_admin, login_date, reg_date, edit_date 
FROM members 
WHERE user_id = 'pjhshowme' AND user_pw = MD5('1234')

[INFO ] 24-11-12 14:26:12 [resultsettable:610] - 
|---|----------|---------------------------------|----------|--------------------|------------|-----------|-------|---------|-------------------|------|--------------------------------|-------|---------|-----------|--------------------|--------------------|
|id |user_id   |user_pw                          |user_name |email               |phone       |birthday   |gender |postcode |addr1              |addr2 |photo                           |is_out |is_admin |login_date |reg_date            |edit_date           |
|---|----------|---------------------------------|----------|--------------------|------------|-----------|-------|---------|-------------------|------|--------------------------------|-------|---------|-----------|--------------------|--------------------|
|16 |pjhshowme |81dc9bdb52d04dc20036dbd8313ed055 |박재한       |mitshowme@gmail.com |01012345678 |2024-11-01 |M      |08200    |서울 구로구 신도림동 271-86 |111   |/2024/11/12/17313891622270.jpeg |N      |N        |null       |2024-11-12 14:26:02 |2024-11-12 14:26:02 |
|---|----------|---------------------------------|----------|--------------------|------------|-----------|-------|---------|-------------------|------|--------------------------------|-------|---------|-----------|--------------------|--------------------|

[DEBUG] 24-11-12 14:26:12 [login:135] - <==      Total: 1
[DEBUG] 24-11-12 14:26:12 [updateLoginDate:135] - ==>  Preparing: UPDATE members SET login_date = now() WHERE id = ?
[DEBUG] 24-11-12 14:26:12 [updateLoginDate:135] - ==> Parameters: 16(Integer)
[INFO ] 24-11-12 14:26:12 [sqlonly:228] - UPDATE members SET login_date = now() WHERE id = 16

[DEBUG] 24-11-12 14:26:12 [updateLoginDate:135] - <==    Updates: 1
[DEBUG] 24-11-12 14:36:10 [login:135] - ==>  Preparing: SELECT id, user_id, user_pw, user_name, email, phone, birthday, gender, postcode, addr1, addr2, photo, is_out, is_admin, login_date, reg_date, edit_date FROM members WHERE user_id = ? AND user_pw = MD5(?)
[DEBUG] 24-11-12 14:36:10 [login:135] - ==> Parameters: pjhshowme(String), 1234(String)
[INFO ] 24-11-12 14:36:10 [sqlonly:228] - SELECT 
id, user_id, user_pw, user_name, email, phone, birthday, gender, 
postcode, addr1, addr2, photo, is_out, is_admin, login_date, reg_date, edit_date 
FROM members 
WHERE user_id = 'pjhshowme' AND user_pw = MD5('1234')

[INFO ] 24-11-12 14:36:10 [resultsettable:610] - 
|---|----------|---------------------------------|----------|--------------------|------------|-----------|-------|---------|-------------------|------|--------------------------------|-------|---------|--------------------|--------------------|--------------------|
|id |user_id   |user_pw                          |user_name |email               |phone       |birthday   |gender |postcode |addr1              |addr2 |photo                           |is_out |is_admin |login_date          |reg_date            |edit_date           |
|---|----------|---------------------------------|----------|--------------------|------------|-----------|-------|---------|-------------------|------|--------------------------------|-------|---------|--------------------|--------------------|--------------------|
|16 |pjhshowme |81dc9bdb52d04dc20036dbd8313ed055 |박재한       |mitshowme@gmail.com |01012345678 |2024-11-01 |M      |08200    |서울 구로구 신도림동 271-86 |111   |/2024/11/12/17313891622270.jpeg |N      |N        |2024-11-12 14:26:12 |2024-11-12 14:26:02 |2024-11-12 14:26:02 |
|---|----------|---------------------------------|----------|--------------------|------------|-----------|-------|---------|-------------------|------|--------------------------------|-------|---------|--------------------|--------------------|--------------------|

[DEBUG] 24-11-12 14:36:10 [login:135] - <==      Total: 1
[DEBUG] 24-11-12 14:36:10 [updateLoginDate:135] - ==>  Preparing: UPDATE members SET login_date = now() WHERE id = ?
[DEBUG] 24-11-12 14:36:10 [updateLoginDate:135] - ==> Parameters: 16(Integer)
[INFO ] 24-11-12 14:36:10 [sqlonly:228] - UPDATE members SET login_date = now() WHERE id = 16

[DEBUG] 24-11-12 14:36:10 [updateLoginDate:135] - <==    Updates: 1
[INFO ] 24-11-12 14:41:13 [MyshopApplication:50] - Starting MyshopApplication using Java 17.0.2 with PID 1704 (C:\Users\user\Desktop\HOME\08_SpringBoot\13_MyShop\bin\main started by user in C:\Users\user\Desktop\HOME\08_SpringBoot\13_MyShop)
[DEBUG] 24-11-12 14:41:13 [MyshopApplication:51] - Running with Spring Boot v3.3.5, Spring v6.1.14
[INFO ] 24-11-12 14:41:13 [MyshopApplication:654] - No active profile set, falling back to 1 default profile: "default"
[WARN ] 24-11-12 14:41:14 [AnnotationConfigServletWebServerApplicationContext:633] - Exception encountered during context initialization - cancelling refresh attempt: org.springframework.beans.factory.BeanCreationException: Error creating bean with name 'myWebConfig' defined in file [C:\Users\user\Desktop\HOME\08_SpringBoot\13_MyShop\bin\main\kr\parkjaehan\myshop\MyWebConfig.class]: Failed to instantiate [kr.parkjaehan.myshop.MyWebConfig$$SpringCGLIB$$0]: Constructor threw exception
[ERROR] 24-11-12 14:41:14 [SpringApplication:859] - Application run failed
org.springframework.beans.factory.BeanCreationException: Error creating bean with name 'myWebConfig' defined in file [C:\Users\user\Desktop\HOME\08_SpringBoot\13_MyShop\bin\main\kr\parkjaehan\myshop\MyWebConfig.class]: Failed to instantiate [kr.parkjaehan.myshop.MyWebConfig$$SpringCGLIB$$0]: Constructor threw exception
	at org.springframework.beans.factory.support.AbstractAutowireCapableBeanFactory.instantiateBean(AbstractAutowireCapableBeanFactory.java:1337)
	at org.springframework.beans.factory.support.AbstractAutowireCapableBeanFactory.createBeanInstance(AbstractAutowireCapableBeanFactory.java:1222)
	at org.springframework.beans.factory.support.AbstractAutowireCapableBeanFactory.doCreateBean(AbstractAutowireCapableBeanFactory.java:562)
	at org.springframework.beans.factory.support.AbstractAutowireCapableBeanFactory.createBean(AbstractAutowireCapableBeanFactory.java:522)
	at org.springframework.beans.factory.support.AbstractBeanFactory.lambda$doGetBean$0(AbstractBeanFactory.java:337)
	at org.springframework.beans.factory.support.DefaultSingletonBeanRegistry.getSingleton(DefaultSingletonBeanRegistry.java:234)
	at org.springframework.beans.factory.support.AbstractBeanFactory.doGetBean(AbstractBeanFactory.java:335)
	at org.springframework.beans.factory.support.AbstractBeanFactory.getBean(AbstractBeanFactory.java:200)
	at org.springframework.beans.factory.support.DefaultListableBeanFactory.preInstantiateSingletons(DefaultListableBeanFactory.java:975)
	at org.springframework.context.support.AbstractApplicationContext.finishBeanFactoryInitialization(AbstractApplicationContext.java:971)
	at org.springframework.context.support.AbstractApplicationContext.refresh(AbstractApplicationContext.java:625)
	at org.springframework.boot.web.servlet.context.ServletWebServerApplicationContext.refresh(ServletWebServerApplicationContext.java:146)
	at org.springframework.boot.SpringApplication.refresh(SpringApplication.java:754)
	at org.springframework.boot.SpringApplication.refreshContext(SpringApplication.java:456)
	at org.springframework.boot.SpringApplication.run(SpringApplication.java:335)
	at org.springframework.boot.SpringApplication.run(SpringApplication.java:1363)
	at org.springframework.boot.SpringApplication.run(SpringApplication.java:1352)
	at kr.parkjaehan.myshop.MyshopApplication.main(MyshopApplication.java:10)
	at java.base/jdk.internal.reflect.NativeMethodAccessorImpl.invoke0(Native Method)
	at java.base/jdk.internal.reflect.NativeMethodAccessorImpl.invoke(NativeMethodAccessorImpl.java:77)
	at java.base/jdk.internal.reflect.DelegatingMethodAccessorImpl.invoke(DelegatingMethodAccessorImpl.java:43)
	at java.base/java.lang.reflect.Method.invoke(Method.java:568)
	at org.springframework.boot.devtools.restart.RestartLauncher.run(RestartLauncher.java:50)
Caused by: org.springframework.beans.BeanInstantiationException: Failed to instantiate [kr.parkjaehan.myshop.MyWebConfig$$SpringCGLIB$$0]: Constructor threw exception
	at org.springframework.beans.BeanUtils.instantiateClass(BeanUtils.java:221)
	at org.springframework.beans.factory.support.SimpleInstantiationStrategy.instantiate(SimpleInstantiationStrategy.java:94)
	at org.springframework.beans.factory.support.AbstractAutowireCapableBeanFactory.instantiateBean(AbstractAutowireCapableBeanFactory.java:1331)
	... 22 common frames omitted
Caused by: java.lang.Error: Unresolved compilation problems: 
	The declared package "kr.parkjaehan.fileupload" does not match the expected package "kr.parkjaehan.myshop"
	The import kr.parkjaehan.fileupload cannot be resolved
	MyInterceptor cannot be resolved to a type
	MyInterceptor cannot be resolved to a type

	at kr.parkjaehan.myshop.MyWebConfig.<init>(MyWebConfig.java:1)
	at kr.parkjaehan.myshop.MyWebConfig$$SpringCGLIB$$0.<init>(<generated>)
	at java.base/jdk.internal.reflect.NativeConstructorAccessorImpl.newInstance0(Native Method)
	at java.base/jdk.internal.reflect.NativeConstructorAccessorImpl.newInstance(NativeConstructorAccessorImpl.java:77)
	at java.base/jdk.internal.reflect.DelegatingConstructorAccessorImpl.newInstance(DelegatingConstructorAccessorImpl.java:45)
	at java.base/java.lang.reflect.Constructor.newInstanceWithCaller(Constructor.java:499)
	at java.base/java.lang.reflect.Constructor.newInstance(Constructor.java:480)
	at org.springframework.beans.BeanUtils.instantiateClass(BeanUtils.java:195)
	... 24 common frames omitted
[INFO ] 24-11-12 14:41:25 [MyshopApplication:50] - Starting MyshopApplication using Java 17.0.2 with PID 1704 (C:\Users\user\Desktop\HOME\08_SpringBoot\13_MyShop\bin\main started by user in C:\Users\user\Desktop\HOME\08_SpringBoot\13_MyShop)
[DEBUG] 24-11-12 14:41:25 [MyshopApplication:51] - Running with Spring Boot v3.3.5, Spring v6.1.14
[INFO ] 24-11-12 14:41:25 [MyshopApplication:654] - No active profile set, falling back to 1 default profile: "default"
[INFO ] 24-11-12 14:41:26 [MyshopApplication:56] - Started MyshopApplication in 1.331 seconds (process running for 4962.075)
[INFO ] 24-11-12 14:41:28 [MyshopApplication:50] - Starting MyshopApplication using Java 17.0.2 with PID 1704 (C:\Users\user\Desktop\HOME\08_SpringBoot\13_MyShop\bin\main started by user in C:\Users\user\Desktop\HOME\08_SpringBoot\13_MyShop)
[DEBUG] 24-11-12 14:41:28 [MyshopApplication:51] - Running with Spring Boot v3.3.5, Spring v6.1.14
[INFO ] 24-11-12 14:41:28 [MyshopApplication:654] - No active profile set, falling back to 1 default profile: "default"
[INFO ] 24-11-12 14:41:30 [MyshopApplication:50] - Starting MyshopApplication using Java 17.0.2 with PID 15592 (C:\Users\user\Desktop\HOME\08_SpringBoot\13_MyShop\bin\main started by user in C:\Users\user\Desktop\HOME\08_SpringBoot\13_MyShop)
[DEBUG] 24-11-12 14:41:30 [MyshopApplication:51] - Running with Spring Boot v3.3.5, Spring v6.1.14
[INFO ] 24-11-12 14:41:30 [MyshopApplication:654] - No active profile set, falling back to 1 default profile: "default"
[DEBUG] 24-11-12 14:41:31 [LogFactory:109] - Logging initialized using 'class org.apache.ibatis.logging.slf4j.Slf4jImpl' adapter.
[INFO ] 24-11-12 14:41:32 [MyshopApplication:56] - Started MyshopApplication in 3.43 seconds (process running for 4.109)
[INFO ] 24-11-12 14:41:48 [MyInterceptor:44] - ---------- new client connected ----------
[INFO ] 24-11-12 14:41:48 [MyInterceptor:62] - [Client] 0:0:0:0:0:0:0:1, Chrome, 130.0, Windows, 10, Other
[INFO ] 24-11-12 14:41:48 [MyInterceptor:80] - [GET], http://localhost:8080/account/login
[INFO ] 24-11-12 14:41:48 [MyInterceptor:117] - - duration : 204 ms
[INFO ] 24-11-12 14:41:54 [MyInterceptor:44] - ---------- new client connected ----------
[INFO ] 24-11-12 14:41:54 [MyInterceptor:62] - [Client] 0:0:0:0:0:0:0:1, Chrome, 130.0, Windows, 10, Other
[INFO ] 24-11-12 14:41:54 [MyInterceptor:80] - [POST], http://localhost:8080/api/account/login
[INFO ] 24-11-12 14:41:54 [MyInterceptor:87] - (params) <-- user_id = pjhshowme
[INFO ] 24-11-12 14:41:54 [MyInterceptor:87] - (params) <-- user_pw = 1234
[INFO ] 24-11-12 14:41:54 [MyInterceptor:96] - - Referer : time=5415, url = http://localhost:8080/account/login
[DEBUG] 24-11-12 14:41:54 [login:135] - ==>  Preparing: SELECT id, user_id, user_pw, user_name, email, phone, birthday, gender, postcode, addr1, addr2, photo, is_out, is_admin, login_date, reg_date, edit_date FROM members WHERE user_id = ? AND user_pw = MD5(?)
[DEBUG] 24-11-12 14:41:54 [login:135] - ==> Parameters: pjhshowme(String), 1234(String)
[INFO ] 24-11-12 14:41:54 [sqlonly:228] - SELECT 
id, user_id, user_pw, user_name, email, phone, birthday, gender, 
postcode, addr1, addr2, photo, is_out, is_admin, login_date, reg_date, edit_date 
FROM members 
WHERE user_id = 'pjhshowme' AND user_pw = MD5('1234')

[INFO ] 24-11-12 14:41:54 [resultsettable:610] - 
|---|----------|---------------------------------|----------|--------------------|------------|-----------|-------|---------|-------------------|------|--------------------------------|-------|---------|--------------------|--------------------|--------------------|
|id |user_id   |user_pw                          |user_name |email               |phone       |birthday   |gender |postcode |addr1              |addr2 |photo                           |is_out |is_admin |login_date          |reg_date            |edit_date           |
|---|----------|---------------------------------|----------|--------------------|------------|-----------|-------|---------|-------------------|------|--------------------------------|-------|---------|--------------------|--------------------|--------------------|
|16 |pjhshowme |81dc9bdb52d04dc20036dbd8313ed055 |박재한       |mitshowme@gmail.com |01012345678 |2024-11-01 |M      |08200    |서울 구로구 신도림동 271-86 |111   |/2024/11/12/17313891622270.jpeg |N      |N        |2024-11-12 14:36:10 |2024-11-12 14:26:02 |2024-11-12 14:26:02 |
|---|----------|---------------------------------|----------|--------------------|------------|-----------|-------|---------|-------------------|------|--------------------------------|-------|---------|--------------------|--------------------|--------------------|

[DEBUG] 24-11-12 14:41:54 [login:135] - <==      Total: 1
[DEBUG] 24-11-12 14:41:54 [updateLoginDate:135] - ==>  Preparing: UPDATE members SET login_date = now() WHERE id = ?
[DEBUG] 24-11-12 14:41:54 [updateLoginDate:135] - ==> Parameters: 16(Integer)
[INFO ] 24-11-12 14:41:54 [sqlonly:228] - UPDATE members SET login_date = now() WHERE id = 16

[DEBUG] 24-11-12 14:41:54 [updateLoginDate:135] - <==    Updates: 1
[INFO ] 24-11-12 14:41:54 [MyInterceptor:117] - - duration : 488 ms
[INFO ] 24-11-12 14:41:54 [MyInterceptor:44] - ---------- new client connected ----------
[INFO ] 24-11-12 14:41:54 [MyInterceptor:62] - [Client] 0:0:0:0:0:0:0:1, Chrome, 130.0, Windows, 10, Other
[INFO ] 24-11-12 14:41:54 [MyInterceptor:80] - [GET], http://localhost:8080/account
[INFO ] 24-11-12 14:41:54 [MyInterceptor:96] - - Referer : time=12, url = http://localhost:8080/account/login
[INFO ] 24-11-12 14:41:54 [MyInterceptor:117] - - duration : 48 ms
[INFO ] 24-11-12 14:41:54 [MyInterceptor:44] - ---------- new client connected ----------
[INFO ] 24-11-12 14:41:54 [MyInterceptor:62] - [Client] 0:0:0:0:0:0:0:1, Chrome, 130.0, Windows, 10, Other
[INFO ] 24-11-12 14:41:54 [MyInterceptor:80] - [GET], http://localhost:8080/files/2024/11/12/17313891622270.jpeg
[INFO ] 24-11-12 14:41:54 [MyInterceptor:96] - - Referer : time=78, url = http://localhost:8080/account
[INFO ] 24-11-12 14:41:54 [MyInterceptor:117] - - duration : 56 ms
[INFO ] 24-11-12 14:42:20 [MyInterceptor:44] - ---------- new client connected ----------
[INFO ] 24-11-12 14:42:20 [MyInterceptor:62] - [Client] 0:0:0:0:0:0:0:1, Chrome, 130.0, Windows, 10, Other
[INFO ] 24-11-12 14:42:20 [MyInterceptor:80] - [GET], http://localhost:8080/account/logout
[INFO ] 24-11-12 14:42:20 [MyInterceptor:96] - - Referer : time=25445, url = http://localhost:8080/account
[INFO ] 24-11-12 14:42:20 [MyInterceptor:117] - - duration : 30 ms
[INFO ] 24-11-12 14:42:20 [MyInterceptor:44] - ---------- new client connected ----------
[INFO ] 24-11-12 14:42:20 [MyInterceptor:62] - [Client] 0:0:0:0:0:0:0:1, Chrome, 130.0, Windows, 10, Other
[INFO ] 24-11-12 14:42:20 [MyInterceptor:80] - [GET], http://localhost:8080/account
[INFO ] 24-11-12 14:42:20 [MyInterceptor:96] - - Referer : time=9, url = http://localhost:8080/account
[INFO ] 24-11-12 14:42:20 [MyInterceptor:117] - - duration : 28 ms
[INFO ] 24-11-12 14:42:21 [MyInterceptor:44] - ---------- new client connected ----------
[INFO ] 24-11-12 14:42:22 [MyInterceptor:62] - [Client] 0:0:0:0:0:0:0:1, Chrome, 130.0, Windows, 10, Other
[INFO ] 24-11-12 14:42:22 [MyInterceptor:80] - [GET], http://localhost:8080/account/login
[INFO ] 24-11-12 14:42:22 [MyInterceptor:96] - - Referer : time=1793, url = http://localhost:8080/account
[INFO ] 24-11-12 14:42:22 [MyInterceptor:117] - - duration : 26 ms
