[INFO ] 24-11-05 15:24:25 [MyInterceptor:44] - ---------- new client connected ----------
[INFO ] 24-11-05 15:24:25 [MyInterceptor:62] - [Client] 0:0:0:0:0:0:0:1, Chrome, 130.0, Windows, 10, Other
[INFO ] 24-11-05 15:24:25 [MyInterceptor:80] - [POST], http://localhost:8080/multi/upload_ok
[INFO ] 24-11-05 15:24:25 [MyInterceptor:96] - - Referer : time=15373, url = http://localhost:8080/multi/upload
[DEBUG] 24-11-05 15:24:25 [FileHelper:290] - [Thumbnail] Path: /2024/11/05/17307878654490.png, Size: 640x640, Crop: true
[DEBUG] 24-11-05 15:24:25 [FileHelper:308] - [Thumbnail] Thumbnail File: C:\Users\user\Desktop\HOME\08_SpringBoot\FileUpload\2024\11\05\17307878654490_640x640.png
[DEBUG] 24-11-05 15:24:26 [FileHelper:273] - UploadItem(fieldName=photo, originName=01-MyWebConfig.java.png, contentType=image/png, fileSize=601429, filePath=/2024/11/05/17307878654490.png, fileUrl=/files/2024/11/05/17307878654490.png, thumbnailPath=/2024/11/05/17307878654490_640x640.png, thumbnailUrl=/files/2024/11/05/17307878654490_640x640.png)
[DEBUG] 24-11-05 15:24:26 [FileHelper:290] - [Thumbnail] Path: /2024/11/05/17307878661540.png, Size: 640x640, Crop: true
[DEBUG] 24-11-05 15:24:26 [FileHelper:308] - [Thumbnail] Thumbnail File: C:\Users\user\Desktop\HOME\08_SpringBoot\FileUpload\2024\11\05\17307878661540_640x640.png
[DEBUG] 24-11-05 15:24:26 [FileHelper:273] - UploadItem(fieldName=photo, originName=02_SimpleUploadController.java.png, contentType=image/png, fileSize=1541896, filePath=/2024/11/05/17307878661540.png, fileUrl=/files/2024/11/05/17307878661540.png, thumbnailPath=/2024/11/05/17307878661540_640x640.png, thumbnailUrl=/files/2024/11/05/17307878661540_640x640.png)
[DEBUG] 24-11-05 15:24:26 [FileHelper:290] - [Thumbnail] Path: /2024/11/05/17307878667960.png, Size: 640x640, Crop: true
[DEBUG] 24-11-05 15:24:26 [FileHelper:308] - [Thumbnail] Thumbnail File: C:\Users\user\Desktop\HOME\08_SpringBoot\FileUpload\2024\11\05\17307878667960_640x640.png
[DEBUG] 24-11-05 15:24:26 [FileHelper:273] - UploadItem(fieldName=photo, originName=03-upload_sinlge_ok.html.png, contentType=image/png, fileSize=277430, filePath=/2024/11/05/17307878667960.png, fileUrl=/files/2024/11/05/17307878667960.png, thumbnailPath=/2024/11/05/17307878667960_640x640.png, thumbnailUrl=/files/2024/11/05/17307878667960_640x640.png)
[INFO ] 24-11-05 15:24:27 [MyInterceptor:117] - - duration : 1680 ms
[ERROR] 24-11-05 15:24:27 [TemplateEngine:1141] - [THYMELEAF][http-nio-8080-exec-6] Exception processing template "multi/upload_ok": An error happened during template parsing (template: "class path resource [templates/multi/upload_ok.html]")
org.thymeleaf.exceptions.TemplateInputException: An error happened during template parsing (template: "class path resource [templates/multi/upload_ok.html]")
	at org.thymeleaf.templateparser.markup.AbstractMarkupTemplateParser.parse(AbstractMarkupTemplateParser.java:241)
	at org.thymeleaf.templateparser.markup.AbstractMarkupTemplateParser.parseStandalone(AbstractMarkupTemplateParser.java:100)
	at org.thymeleaf.engine.TemplateManager.parseAndProcess(TemplateManager.java:666)
	at org.thymeleaf.TemplateEngine.process(TemplateEngine.java:1103)
	at org.thymeleaf.TemplateEngine.process(TemplateEngine.java:1077)
	at org.thymeleaf.spring6.view.ThymeleafView.renderFragment(ThymeleafView.java:372)
	at org.thymeleaf.spring6.view.ThymeleafView.render(ThymeleafView.java:192)
	at org.springframework.web.servlet.DispatcherServlet.render(DispatcherServlet.java:1432)
	at org.springframework.web.servlet.DispatcherServlet.processDispatchResult(DispatcherServlet.java:1168)
	at org.springframework.web.servlet.DispatcherServlet.doDispatch(DispatcherServlet.java:1106)
	at org.springframework.web.servlet.DispatcherServlet.doService(DispatcherServlet.java:979)
	at org.springframework.web.servlet.FrameworkServlet.processRequest(FrameworkServlet.java:1014)
	at org.springframework.web.servlet.FrameworkServlet.doPost(FrameworkServlet.java:914)
	at jakarta.servlet.http.HttpServlet.service(HttpServlet.java:590)
	at org.springframework.web.servlet.FrameworkServlet.service(FrameworkServlet.java:885)
	at jakarta.servlet.http.HttpServlet.service(HttpServlet.java:658)
	at org.apache.catalina.core.ApplicationFilterChain.internalDoFilter(ApplicationFilterChain.java:195)
	at org.apache.catalina.core.ApplicationFilterChain.doFilter(ApplicationFilterChain.java:140)
	at org.apache.tomcat.websocket.server.WsFilter.doFilter(WsFilter.java:51)
	at org.apache.catalina.core.ApplicationFilterChain.internalDoFilter(ApplicationFilterChain.java:164)
	at org.apache.catalina.core.ApplicationFilterChain.doFilter(ApplicationFilterChain.java:140)
	at org.springframework.web.filter.RequestContextFilter.doFilterInternal(RequestContextFilter.java:100)
	at org.springframework.web.filter.OncePerRequestFilter.doFilter(OncePerRequestFilter.java:116)
	at org.apache.catalina.core.ApplicationFilterChain.internalDoFilter(ApplicationFilterChain.java:164)
	at org.apache.catalina.core.ApplicationFilterChain.doFilter(ApplicationFilterChain.java:140)
	at org.springframework.web.filter.FormContentFilter.doFilterInternal(FormContentFilter.java:93)
	at org.springframework.web.filter.OncePerRequestFilter.doFilter(OncePerRequestFilter.java:116)
	at org.apache.catalina.core.ApplicationFilterChain.internalDoFilter(ApplicationFilterChain.java:164)
	at org.apache.catalina.core.ApplicationFilterChain.doFilter(ApplicationFilterChain.java:140)
	at org.springframework.web.filter.ServerHttpObservationFilter.doFilterInternal(ServerHttpObservationFilter.java:113)
	at org.springframework.web.filter.OncePerRequestFilter.doFilter(OncePerRequestFilter.java:116)
	at org.apache.catalina.core.ApplicationFilterChain.internalDoFilter(ApplicationFilterChain.java:164)
	at org.apache.catalina.core.ApplicationFilterChain.doFilter(ApplicationFilterChain.java:140)
	at org.springframework.web.filter.CharacterEncodingFilter.doFilterInternal(CharacterEncodingFilter.java:201)
	at org.springframework.web.filter.OncePerRequestFilter.doFilter(OncePerRequestFilter.java:116)
	at org.apache.catalina.core.ApplicationFilterChain.internalDoFilter(ApplicationFilterChain.java:164)
	at org.apache.catalina.core.ApplicationFilterChain.doFilter(ApplicationFilterChain.java:140)
	at org.apache.catalina.core.StandardWrapperValve.invoke(StandardWrapperValve.java:167)
	at org.apache.catalina.core.StandardContextValve.invoke(StandardContextValve.java:90)
	at org.apache.catalina.authenticator.AuthenticatorBase.invoke(AuthenticatorBase.java:483)
	at org.apache.catalina.core.StandardHostValve.invoke(StandardHostValve.java:115)
	at org.apache.catalina.valves.ErrorReportValve.invoke(ErrorReportValve.java:93)
	at org.apache.catalina.core.StandardEngineValve.invoke(StandardEngineValve.java:74)
	at org.apache.catalina.connector.CoyoteAdapter.service(CoyoteAdapter.java:344)
	at org.apache.coyote.http11.Http11Processor.service(Http11Processor.java:384)
	at org.apache.coyote.AbstractProcessorLight.process(AbstractProcessorLight.java:63)
	at org.apache.coyote.AbstractProtocol$ConnectionHandler.process(AbstractProtocol.java:905)
	at org.apache.tomcat.util.net.NioEndpoint$SocketProcessor.doRun(NioEndpoint.java:1741)
	at org.apache.tomcat.util.net.SocketProcessorBase.run(SocketProcessorBase.java:52)
	at org.apache.tomcat.util.threads.ThreadPoolExecutor.runWorker(ThreadPoolExecutor.java:1190)
	at org.apache.tomcat.util.threads.ThreadPoolExecutor$Worker.run(ThreadPoolExecutor.java:659)
	at org.apache.tomcat.util.threads.TaskThread$WrappingRunnable.run(TaskThread.java:63)
	at java.base/java.lang.Thread.run(Thread.java:833)
Caused by: org.attoparser.ParseException: Exception evaluating SpringEL expression: "item.fieldName" (template: "multi/upload_ok" - line 57, col 30)
	at org.attoparser.MarkupParser.parseDocument(MarkupParser.java:393)
	at org.attoparser.MarkupParser.parse(MarkupParser.java:257)
	at org.thymeleaf.templateparser.markup.AbstractMarkupTemplateParser.parse(AbstractMarkupTemplateParser.java:230)
	... 52 common frames omitted
Caused by: org.thymeleaf.exceptions.TemplateProcessingException: Exception evaluating SpringEL expression: "item.fieldName" (template: "multi/upload_ok" - line 57, col 30)
	at org.thymeleaf.spring6.expression.SPELVariableExpressionEvaluator.evaluate(SPELVariableExpressionEvaluator.java:292)
	at org.thymeleaf.standard.expression.VariableExpression.executeVariableExpression(VariableExpression.java:166)
	at org.thymeleaf.standard.expression.SimpleExpression.executeSimple(SimpleExpression.java:66)
	at org.thymeleaf.standard.expression.Expression.execute(Expression.java:109)
	at org.thymeleaf.standard.expression.Expression.execute(Expression.java:138)
	at org.thymeleaf.standard.processor.AbstractStandardExpressionAttributeTagProcessor.doProcess(AbstractStandardExpressionAttributeTagProcessor.java:144)
	at org.thymeleaf.processor.element.AbstractAttributeTagProcessor.doProcess(AbstractAttributeTagProcessor.java:74)
	at org.thymeleaf.processor.element.AbstractElementTagProcessor.process(AbstractElementTagProcessor.java:95)
	at org.thymeleaf.util.ProcessorConfigurationUtils$ElementTagProcessorWrapper.process(ProcessorConfigurationUtils.java:633)
	at org.thymeleaf.engine.ProcessorTemplateHandler.handleStandaloneElement(ProcessorTemplateHandler.java:918)
	at org.thymeleaf.engine.TemplateHandlerAdapterMarkupHandler.handleStandaloneElementEnd(TemplateHandlerAdapterMarkupHandler.java:260)
	at org.thymeleaf.templateparser.markup.InlinedOutputExpressionMarkupHandler$InlineMarkupAdapterPreProcessorHandler.handleStandaloneElementEnd(InlinedOutputExpressionMarkupHandler.java:256)
	at org.thymeleaf.standard.inline.OutputExpressionInlinePreProcessorHandler.handleStandaloneElementEnd(OutputExpressionInlinePreProcessorHandler.java:169)
	at org.thymeleaf.templateparser.markup.InlinedOutputExpressionMarkupHandler.handleStandaloneElementEnd(InlinedOutputExpressionMarkupHandler.java:104)
	at org.attoparser.HtmlElement.handleStandaloneElementEnd(HtmlElement.java:79)
	at org.attoparser.HtmlMarkupHandler.handleStandaloneElementEnd(HtmlMarkupHandler.java:241)
	at org.attoparser.MarkupEventProcessorHandler.handleStandaloneElementEnd(MarkupEventProcessorHandler.java:327)
	at org.attoparser.ParsingElementMarkupUtil.parseStandaloneElement(ParsingElementMarkupUtil.java:96)
	at org.attoparser.MarkupParser.parseBuffer(MarkupParser.java:706)
	at org.attoparser.MarkupParser.parseDocument(MarkupParser.java:301)
	... 54 common frames omitted
Caused by: org.springframework.expression.spel.SpelEvaluationException: EL1007E: Property or field 'fieldName' cannot be found on null
	at org.springframework.expression.spel.ast.PropertyOrFieldReference.readProperty(PropertyOrFieldReference.java:225)
	at org.springframework.expression.spel.ast.PropertyOrFieldReference.getValueInternal(PropertyOrFieldReference.java:112)
	at org.springframework.expression.spel.ast.PropertyOrFieldReference$AccessorValueRef.getValue(PropertyOrFieldReference.java:417)
	at org.springframework.expression.spel.ast.CompoundExpression.getValueInternal(CompoundExpression.java:97)
	at org.springframework.expression.spel.ast.SpelNodeImpl.getValue(SpelNodeImpl.java:114)
	at org.springframework.expression.spel.standard.SpelExpression.getValue(SpelExpression.java:338)
	at org.thymeleaf.spring6.expression.SPELVariableExpressionEvaluator.evaluate(SPELVariableExpressionEvaluator.java:265)
	... 73 common frames omitted
[ERROR] 24-11-05 15:24:27 [[dispatcherServlet]:175] - Servlet.service() for servlet [dispatcherServlet] in context with path [] threw exception [Request processing failed: org.thymeleaf.exceptions.TemplateInputException: An error happened during template parsing (template: "class path resource [templates/multi/upload_ok.html]")] with root cause
org.springframework.expression.spel.SpelEvaluationException: EL1007E: Property or field 'fieldName' cannot be found on null
	at org.springframework.expression.spel.ast.PropertyOrFieldReference.readProperty(PropertyOrFieldReference.java:225)
	at org.springframework.expression.spel.ast.PropertyOrFieldReference.getValueInternal(PropertyOrFieldReference.java:112)
	at org.springframework.expression.spel.ast.PropertyOrFieldReference$AccessorValueRef.getValue(PropertyOrFieldReference.java:417)
	at org.springframework.expression.spel.ast.CompoundExpression.getValueInternal(CompoundExpression.java:97)
	at org.springframework.expression.spel.ast.SpelNodeImpl.getValue(SpelNodeImpl.java:114)
	at org.springframework.expression.spel.standard.SpelExpression.getValue(SpelExpression.java:338)
	at org.thymeleaf.spring6.expression.SPELVariableExpressionEvaluator.evaluate(SPELVariableExpressionEvaluator.java:265)
	at org.thymeleaf.standard.expression.VariableExpression.executeVariableExpression(VariableExpression.java:166)
	at org.thymeleaf.standard.expression.SimpleExpression.executeSimple(SimpleExpression.java:66)
	at org.thymeleaf.standard.expression.Expression.execute(Expression.java:109)
	at org.thymeleaf.standard.expression.Expression.execute(Expression.java:138)
	at org.thymeleaf.standard.processor.AbstractStandardExpressionAttributeTagProcessor.doProcess(AbstractStandardExpressionAttributeTagProcessor.java:144)
	at org.thymeleaf.processor.element.AbstractAttributeTagProcessor.doProcess(AbstractAttributeTagProcessor.java:74)
	at org.thymeleaf.processor.element.AbstractElementTagProcessor.process(AbstractElementTagProcessor.java:95)
	at org.thymeleaf.util.ProcessorConfigurationUtils$ElementTagProcessorWrapper.process(ProcessorConfigurationUtils.java:633)
	at org.thymeleaf.engine.ProcessorTemplateHandler.handleStandaloneElement(ProcessorTemplateHandler.java:918)
	at org.thymeleaf.engine.TemplateHandlerAdapterMarkupHandler.handleStandaloneElementEnd(TemplateHandlerAdapterMarkupHandler.java:260)
	at org.thymeleaf.templateparser.markup.InlinedOutputExpressionMarkupHandler$InlineMarkupAdapterPreProcessorHandler.handleStandaloneElementEnd(InlinedOutputExpressionMarkupHandler.java:256)
	at org.thymeleaf.standard.inline.OutputExpressionInlinePreProcessorHandler.handleStandaloneElementEnd(OutputExpressionInlinePreProcessorHandler.java:169)
	at org.thymeleaf.templateparser.markup.InlinedOutputExpressionMarkupHandler.handleStandaloneElementEnd(InlinedOutputExpressionMarkupHandler.java:104)
	at org.attoparser.HtmlElement.handleStandaloneElementEnd(HtmlElement.java:79)
	at org.attoparser.HtmlMarkupHandler.handleStandaloneElementEnd(HtmlMarkupHandler.java:241)
	at org.attoparser.MarkupEventProcessorHandler.handleStandaloneElementEnd(MarkupEventProcessorHandler.java:327)
	at org.attoparser.ParsingElementMarkupUtil.parseStandaloneElement(ParsingElementMarkupUtil.java:96)
	at org.attoparser.MarkupParser.parseBuffer(MarkupParser.java:706)
	at org.attoparser.MarkupParser.parseDocument(MarkupParser.java:301)
	at org.attoparser.MarkupParser.parse(MarkupParser.java:257)
	at org.thymeleaf.templateparser.markup.AbstractMarkupTemplateParser.parse(AbstractMarkupTemplateParser.java:230)
	at org.thymeleaf.templateparser.markup.AbstractMarkupTemplateParser.parseStandalone(AbstractMarkupTemplateParser.java:100)
	at org.thymeleaf.engine.TemplateManager.parseAndProcess(TemplateManager.java:666)
	at org.thymeleaf.TemplateEngine.process(TemplateEngine.java:1103)
	at org.thymeleaf.TemplateEngine.process(TemplateEngine.java:1077)
	at org.thymeleaf.spring6.view.ThymeleafView.renderFragment(ThymeleafView.java:372)
	at org.thymeleaf.spring6.view.ThymeleafView.render(ThymeleafView.java:192)
	at org.springframework.web.servlet.DispatcherServlet.render(DispatcherServlet.java:1432)
	at org.springframework.web.servlet.DispatcherServlet.processDispatchResult(DispatcherServlet.java:1168)
	at org.springframework.web.servlet.DispatcherServlet.doDispatch(DispatcherServlet.java:1106)
	at org.springframework.web.servlet.DispatcherServlet.doService(DispatcherServlet.java:979)
	at org.springframework.web.servlet.FrameworkServlet.processRequest(FrameworkServlet.java:1014)
	at org.springframework.web.servlet.FrameworkServlet.doPost(FrameworkServlet.java:914)
	at jakarta.servlet.http.HttpServlet.service(HttpServlet.java:590)
	at org.springframework.web.servlet.FrameworkServlet.service(FrameworkServlet.java:885)
	at jakarta.servlet.http.HttpServlet.service(HttpServlet.java:658)
	at org.apache.catalina.core.ApplicationFilterChain.internalDoFilter(ApplicationFilterChain.java:195)
	at org.apache.catalina.core.ApplicationFilterChain.doFilter(ApplicationFilterChain.java:140)
	at org.apache.tomcat.websocket.server.WsFilter.doFilter(WsFilter.java:51)
	at org.apache.catalina.core.ApplicationFilterChain.internalDoFilter(ApplicationFilterChain.java:164)
	at org.apache.catalina.core.ApplicationFilterChain.doFilter(ApplicationFilterChain.java:140)
	at org.springframework.web.filter.RequestContextFilter.doFilterInternal(RequestContextFilter.java:100)
	at org.springframework.web.filter.OncePerRequestFilter.doFilter(OncePerRequestFilter.java:116)
	at org.apache.catalina.core.ApplicationFilterChain.internalDoFilter(ApplicationFilterChain.java:164)
	at org.apache.catalina.core.ApplicationFilterChain.doFilter(ApplicationFilterChain.java:140)
	at org.springframework.web.filter.FormContentFilter.doFilterInternal(FormContentFilter.java:93)
	at org.springframework.web.filter.OncePerRequestFilter.doFilter(OncePerRequestFilter.java:116)
	at org.apache.catalina.core.ApplicationFilterChain.internalDoFilter(ApplicationFilterChain.java:164)
	at org.apache.catalina.core.ApplicationFilterChain.doFilter(ApplicationFilterChain.java:140)
	at org.springframework.web.filter.ServerHttpObservationFilter.doFilterInternal(ServerHttpObservationFilter.java:113)
	at org.springframework.web.filter.OncePerRequestFilter.doFilter(OncePerRequestFilter.java:116)
	at org.apache.catalina.core.ApplicationFilterChain.internalDoFilter(ApplicationFilterChain.java:164)
	at org.apache.catalina.core.ApplicationFilterChain.doFilter(ApplicationFilterChain.java:140)
	at org.springframework.web.filter.CharacterEncodingFilter.doFilterInternal(CharacterEncodingFilter.java:201)
	at org.springframework.web.filter.OncePerRequestFilter.doFilter(OncePerRequestFilter.java:116)
	at org.apache.catalina.core.ApplicationFilterChain.internalDoFilter(ApplicationFilterChain.java:164)
	at org.apache.catalina.core.ApplicationFilterChain.doFilter(ApplicationFilterChain.java:140)
	at org.apache.catalina.core.StandardWrapperValve.invoke(StandardWrapperValve.java:167)
	at org.apache.catalina.core.StandardContextValve.invoke(StandardContextValve.java:90)
	at org.apache.catalina.authenticator.AuthenticatorBase.invoke(AuthenticatorBase.java:483)
	at org.apache.catalina.core.StandardHostValve.invoke(StandardHostValve.java:115)
	at org.apache.catalina.valves.ErrorReportValve.invoke(ErrorReportValve.java:93)
	at org.apache.catalina.core.StandardEngineValve.invoke(StandardEngineValve.java:74)
	at org.apache.catalina.connector.CoyoteAdapter.service(CoyoteAdapter.java:344)
	at org.apache.coyote.http11.Http11Processor.service(Http11Processor.java:384)
	at org.apache.coyote.AbstractProcessorLight.process(AbstractProcessorLight.java:63)
	at org.apache.coyote.AbstractProtocol$ConnectionHandler.process(AbstractProtocol.java:905)
	at org.apache.tomcat.util.net.NioEndpoint$SocketProcessor.doRun(NioEndpoint.java:1741)
	at org.apache.tomcat.util.net.SocketProcessorBase.run(SocketProcessorBase.java:52)
	at org.apache.tomcat.util.threads.ThreadPoolExecutor.runWorker(ThreadPoolExecutor.java:1190)
	at org.apache.tomcat.util.threads.ThreadPoolExecutor$Worker.run(ThreadPoolExecutor.java:659)
	at org.apache.tomcat.util.threads.TaskThread$WrappingRunnable.run(TaskThread.java:63)
	at java.base/java.lang.Thread.run(Thread.java:833)
[INFO ] 24-11-05 15:26:31 [FileuploadApplication:50] - Starting FileuploadApplication using Java 17.0.2 with PID 15292 (C:\Users\user\Desktop\HOME\08_SpringBoot\11_fileupload\build\classes\java\main started by user in C:\Users\user\Desktop\HOME\08_SpringBoot\11_fileupload)
[DEBUG] 24-11-05 15:26:31 [FileuploadApplication:51] - Running with Spring Boot v3.3.5, Spring v6.1.14
[INFO ] 24-11-05 15:26:31 [FileuploadApplication:654] - No active profile set, falling back to 1 default profile: "default"
[DEBUG] 24-11-05 15:26:33 [LogFactory:109] - Logging initialized using 'class org.apache.ibatis.logging.slf4j.Slf4jImpl' adapter.
[WARN ] 24-11-05 15:26:33 [ClassPathMapperScanner:44] - No MyBatis mapper was found in '[kr.parkjaehan.fileupload]' package. Please check your configuration.
[INFO ] 24-11-05 15:26:36 [FileuploadApplication:56] - Started FileuploadApplication in 6.841 seconds (process running for 8.542)
[INFO ] 24-11-05 15:26:40 [MyInterceptor:44] - ---------- new client connected ----------
[INFO ] 24-11-05 15:26:41 [MyInterceptor:62] - [Client] 0:0:0:0:0:0:0:1, Chrome, 130.0, Windows, 10, Other
[INFO ] 24-11-05 15:26:41 [MyInterceptor:80] - [GET], http://localhost:8080/multi/upload
[INFO ] 24-11-05 15:26:41 [MyInterceptor:117] - - duration : 351 ms
[INFO ] 24-11-05 15:26:48 [MyInterceptor:44] - ---------- new client connected ----------
[INFO ] 24-11-05 15:26:48 [MyInterceptor:62] - [Client] 0:0:0:0:0:0:0:1, Chrome, 130.0, Windows, 10, Other
[INFO ] 24-11-05 15:26:48 [MyInterceptor:80] - [POST], http://localhost:8080/multi/upload_ok
[INFO ] 24-11-05 15:26:48 [MyInterceptor:96] - - Referer : time=6853, url = http://localhost:8080/multi/upload
[DEBUG] 24-11-05 15:26:48 [FileHelper:290] - [Thumbnail] Path: /2024/11/05/17307880081870.png, Size: 640x640, Crop: true
[DEBUG] 24-11-05 15:26:48 [FileHelper:308] - [Thumbnail] Thumbnail File: C:\Users\user\Desktop\HOME\08_SpringBoot\FileUpload\2024\11\05\17307880081870_640x640.png
[DEBUG] 24-11-05 15:26:48 [FileHelper:273] - UploadItem(fieldName=photo, originName=01-MyWebConfig.java.png, contentType=image/png, fileSize=601429, filePath=/2024/11/05/17307880081870.png, fileUrl=/files/2024/11/05/17307880081870.png, thumbnailPath=/2024/11/05/17307880081870_640x640.png, thumbnailUrl=/files/2024/11/05/17307880081870_640x640.png)
[DEBUG] 24-11-05 15:26:48 [FileHelper:290] - [Thumbnail] Path: /2024/11/05/17307880089480.png, Size: 640x640, Crop: true
[DEBUG] 24-11-05 15:26:48 [FileHelper:308] - [Thumbnail] Thumbnail File: C:\Users\user\Desktop\HOME\08_SpringBoot\FileUpload\2024\11\05\17307880089480_640x640.png
[DEBUG] 24-11-05 15:26:49 [FileHelper:273] - UploadItem(fieldName=photo, originName=02_SimpleUploadController.java.png, contentType=image/png, fileSize=1541896, filePath=/2024/11/05/17307880089480.png, fileUrl=/files/2024/11/05/17307880089480.png, thumbnailPath=/2024/11/05/17307880089480_640x640.png, thumbnailUrl=/files/2024/11/05/17307880089480_640x640.png)
[DEBUG] 24-11-05 15:26:49 [FileHelper:290] - [Thumbnail] Path: /2024/11/05/17307880096230.png, Size: 640x640, Crop: true
[DEBUG] 24-11-05 15:26:49 [FileHelper:308] - [Thumbnail] Thumbnail File: C:\Users\user\Desktop\HOME\08_SpringBoot\FileUpload\2024\11\05\17307880096230_640x640.png
[DEBUG] 24-11-05 15:26:49 [FileHelper:273] - UploadItem(fieldName=photo, originName=03-upload_sinlge_ok.html.png, contentType=image/png, fileSize=277430, filePath=/2024/11/05/17307880096230.png, fileUrl=/files/2024/11/05/17307880096230.png, thumbnailPath=/2024/11/05/17307880096230_640x640.png, thumbnailUrl=/files/2024/11/05/17307880096230_640x640.png)
[INFO ] 24-11-05 15:26:49 [MyInterceptor:117] - - duration : 1797 ms
[ERROR] 24-11-05 15:26:49 [TemplateEngine:1141] - [THYMELEAF][http-nio-8080-exec-7] Exception processing template "multi/upload_ok": An error happened during template parsing (template: "class path resource [templates/multi/upload_ok.html]")
org.thymeleaf.exceptions.TemplateInputException: An error happened during template parsing (template: "class path resource [templates/multi/upload_ok.html]")
	at org.thymeleaf.templateparser.markup.AbstractMarkupTemplateParser.parse(AbstractMarkupTemplateParser.java:241)
	at org.thymeleaf.templateparser.markup.AbstractMarkupTemplateParser.parseStandalone(AbstractMarkupTemplateParser.java:100)
	at org.thymeleaf.engine.TemplateManager.parseAndProcess(TemplateManager.java:666)
	at org.thymeleaf.TemplateEngine.process(TemplateEngine.java:1103)
	at org.thymeleaf.TemplateEngine.process(TemplateEngine.java:1077)
	at org.thymeleaf.spring6.view.ThymeleafView.renderFragment(ThymeleafView.java:372)
	at org.thymeleaf.spring6.view.ThymeleafView.render(ThymeleafView.java:192)
	at org.springframework.web.servlet.DispatcherServlet.render(DispatcherServlet.java:1432)
	at org.springframework.web.servlet.DispatcherServlet.processDispatchResult(DispatcherServlet.java:1168)
	at org.springframework.web.servlet.DispatcherServlet.doDispatch(DispatcherServlet.java:1106)
	at org.springframework.web.servlet.DispatcherServlet.doService(DispatcherServlet.java:979)
	at org.springframework.web.servlet.FrameworkServlet.processRequest(FrameworkServlet.java:1014)
	at org.springframework.web.servlet.FrameworkServlet.doPost(FrameworkServlet.java:914)
	at jakarta.servlet.http.HttpServlet.service(HttpServlet.java:590)
	at org.springframework.web.servlet.FrameworkServlet.service(FrameworkServlet.java:885)
	at jakarta.servlet.http.HttpServlet.service(HttpServlet.java:658)
	at org.apache.catalina.core.ApplicationFilterChain.internalDoFilter(ApplicationFilterChain.java:195)
	at org.apache.catalina.core.ApplicationFilterChain.doFilter(ApplicationFilterChain.java:140)
	at org.apache.tomcat.websocket.server.WsFilter.doFilter(WsFilter.java:51)
	at org.apache.catalina.core.ApplicationFilterChain.internalDoFilter(ApplicationFilterChain.java:164)
	at org.apache.catalina.core.ApplicationFilterChain.doFilter(ApplicationFilterChain.java:140)
	at org.springframework.web.filter.RequestContextFilter.doFilterInternal(RequestContextFilter.java:100)
	at org.springframework.web.filter.OncePerRequestFilter.doFilter(OncePerRequestFilter.java:116)
	at org.apache.catalina.core.ApplicationFilterChain.internalDoFilter(ApplicationFilterChain.java:164)
	at org.apache.catalina.core.ApplicationFilterChain.doFilter(ApplicationFilterChain.java:140)
	at org.springframework.web.filter.FormContentFilter.doFilterInternal(FormContentFilter.java:93)
	at org.springframework.web.filter.OncePerRequestFilter.doFilter(OncePerRequestFilter.java:116)
	at org.apache.catalina.core.ApplicationFilterChain.internalDoFilter(ApplicationFilterChain.java:164)
	at org.apache.catalina.core.ApplicationFilterChain.doFilter(ApplicationFilterChain.java:140)
	at org.springframework.web.filter.ServerHttpObservationFilter.doFilterInternal(ServerHttpObservationFilter.java:113)
	at org.springframework.web.filter.OncePerRequestFilter.doFilter(OncePerRequestFilter.java:116)
	at org.apache.catalina.core.ApplicationFilterChain.internalDoFilter(ApplicationFilterChain.java:164)
	at org.apache.catalina.core.ApplicationFilterChain.doFilter(ApplicationFilterChain.java:140)
	at org.springframework.web.filter.CharacterEncodingFilter.doFilterInternal(CharacterEncodingFilter.java:201)
	at org.springframework.web.filter.OncePerRequestFilter.doFilter(OncePerRequestFilter.java:116)
	at org.apache.catalina.core.ApplicationFilterChain.internalDoFilter(ApplicationFilterChain.java:164)
	at org.apache.catalina.core.ApplicationFilterChain.doFilter(ApplicationFilterChain.java:140)
	at org.apache.catalina.core.StandardWrapperValve.invoke(StandardWrapperValve.java:167)
	at org.apache.catalina.core.StandardContextValve.invoke(StandardContextValve.java:90)
	at org.apache.catalina.authenticator.AuthenticatorBase.invoke(AuthenticatorBase.java:483)
	at org.apache.catalina.core.StandardHostValve.invoke(StandardHostValve.java:115)
	at org.apache.catalina.valves.ErrorReportValve.invoke(ErrorReportValve.java:93)
	at org.apache.catalina.core.StandardEngineValve.invoke(StandardEngineValve.java:74)
	at org.apache.catalina.connector.CoyoteAdapter.service(CoyoteAdapter.java:344)
	at org.apache.coyote.http11.Http11Processor.service(Http11Processor.java:384)
	at org.apache.coyote.AbstractProcessorLight.process(AbstractProcessorLight.java:63)
	at org.apache.coyote.AbstractProtocol$ConnectionHandler.process(AbstractProtocol.java:905)
	at org.apache.tomcat.util.net.NioEndpoint$SocketProcessor.doRun(NioEndpoint.java:1741)
	at org.apache.tomcat.util.net.SocketProcessorBase.run(SocketProcessorBase.java:52)
	at org.apache.tomcat.util.threads.ThreadPoolExecutor.runWorker(ThreadPoolExecutor.java:1190)
	at org.apache.tomcat.util.threads.ThreadPoolExecutor$Worker.run(ThreadPoolExecutor.java:659)
	at org.apache.tomcat.util.threads.TaskThread$WrappingRunnable.run(TaskThread.java:63)
	at java.base/java.lang.Thread.run(Thread.java:833)
Caused by: org.attoparser.ParseException: Exception evaluating SpringEL expression: "item.fieldName" (template: "multi/upload_ok" - line 57, col 30)
	at org.attoparser.MarkupParser.parseDocument(MarkupParser.java:393)
	at org.attoparser.MarkupParser.parse(MarkupParser.java:257)
	at org.thymeleaf.templateparser.markup.AbstractMarkupTemplateParser.parse(AbstractMarkupTemplateParser.java:230)
	... 52 common frames omitted
Caused by: org.thymeleaf.exceptions.TemplateProcessingException: Exception evaluating SpringEL expression: "item.fieldName" (template: "multi/upload_ok" - line 57, col 30)
	at org.thymeleaf.spring6.expression.SPELVariableExpressionEvaluator.evaluate(SPELVariableExpressionEvaluator.java:292)
	at org.thymeleaf.standard.expression.VariableExpression.executeVariableExpression(VariableExpression.java:166)
	at org.thymeleaf.standard.expression.SimpleExpression.executeSimple(SimpleExpression.java:66)
	at org.thymeleaf.standard.expression.Expression.execute(Expression.java:109)
	at org.thymeleaf.standard.expression.Expression.execute(Expression.java:138)
	at org.thymeleaf.standard.processor.AbstractStandardExpressionAttributeTagProcessor.doProcess(AbstractStandardExpressionAttributeTagProcessor.java:144)
	at org.thymeleaf.processor.element.AbstractAttributeTagProcessor.doProcess(AbstractAttributeTagProcessor.java:74)
	at org.thymeleaf.processor.element.AbstractElementTagProcessor.process(AbstractElementTagProcessor.java:95)
	at org.thymeleaf.util.ProcessorConfigurationUtils$ElementTagProcessorWrapper.process(ProcessorConfigurationUtils.java:633)
	at org.thymeleaf.engine.ProcessorTemplateHandler.handleStandaloneElement(ProcessorTemplateHandler.java:918)
	at org.thymeleaf.engine.TemplateHandlerAdapterMarkupHandler.handleStandaloneElementEnd(TemplateHandlerAdapterMarkupHandler.java:260)
	at org.thymeleaf.templateparser.markup.InlinedOutputExpressionMarkupHandler$InlineMarkupAdapterPreProcessorHandler.handleStandaloneElementEnd(InlinedOutputExpressionMarkupHandler.java:256)
	at org.thymeleaf.standard.inline.OutputExpressionInlinePreProcessorHandler.handleStandaloneElementEnd(OutputExpressionInlinePreProcessorHandler.java:169)
	at org.thymeleaf.templateparser.markup.InlinedOutputExpressionMarkupHandler.handleStandaloneElementEnd(InlinedOutputExpressionMarkupHandler.java:104)
	at org.attoparser.HtmlElement.handleStandaloneElementEnd(HtmlElement.java:79)
	at org.attoparser.HtmlMarkupHandler.handleStandaloneElementEnd(HtmlMarkupHandler.java:241)
	at org.attoparser.MarkupEventProcessorHandler.handleStandaloneElementEnd(MarkupEventProcessorHandler.java:327)
	at org.attoparser.ParsingElementMarkupUtil.parseStandaloneElement(ParsingElementMarkupUtil.java:96)
	at org.attoparser.MarkupParser.parseBuffer(MarkupParser.java:706)
	at org.attoparser.MarkupParser.parseDocument(MarkupParser.java:301)
	... 54 common frames omitted
Caused by: org.springframework.expression.spel.SpelEvaluationException: EL1007E: Property or field 'fieldName' cannot be found on null
	at org.springframework.expression.spel.ast.PropertyOrFieldReference.readProperty(PropertyOrFieldReference.java:225)
	at org.springframework.expression.spel.ast.PropertyOrFieldReference.getValueInternal(PropertyOrFieldReference.java:112)
	at org.springframework.expression.spel.ast.PropertyOrFieldReference$AccessorValueRef.getValue(PropertyOrFieldReference.java:417)
	at org.springframework.expression.spel.ast.CompoundExpression.getValueInternal(CompoundExpression.java:97)
	at org.springframework.expression.spel.ast.SpelNodeImpl.getValue(SpelNodeImpl.java:114)
	at org.springframework.expression.spel.standard.SpelExpression.getValue(SpelExpression.java:338)
	at org.thymeleaf.spring6.expression.SPELVariableExpressionEvaluator.evaluate(SPELVariableExpressionEvaluator.java:265)
	... 73 common frames omitted
[ERROR] 24-11-05 15:26:49 [[dispatcherServlet]:175] - Servlet.service() for servlet [dispatcherServlet] in context with path [] threw exception [Request processing failed: org.thymeleaf.exceptions.TemplateInputException: An error happened during template parsing (template: "class path resource [templates/multi/upload_ok.html]")] with root cause
org.springframework.expression.spel.SpelEvaluationException: EL1007E: Property or field 'fieldName' cannot be found on null
	at org.springframework.expression.spel.ast.PropertyOrFieldReference.readProperty(PropertyOrFieldReference.java:225)
	at org.springframework.expression.spel.ast.PropertyOrFieldReference.getValueInternal(PropertyOrFieldReference.java:112)
	at org.springframework.expression.spel.ast.PropertyOrFieldReference$AccessorValueRef.getValue(PropertyOrFieldReference.java:417)
	at org.springframework.expression.spel.ast.CompoundExpression.getValueInternal(CompoundExpression.java:97)
	at org.springframework.expression.spel.ast.SpelNodeImpl.getValue(SpelNodeImpl.java:114)
	at org.springframework.expression.spel.standard.SpelExpression.getValue(SpelExpression.java:338)
	at org.thymeleaf.spring6.expression.SPELVariableExpressionEvaluator.evaluate(SPELVariableExpressionEvaluator.java:265)
	at org.thymeleaf.standard.expression.VariableExpression.executeVariableExpression(VariableExpression.java:166)
	at org.thymeleaf.standard.expression.SimpleExpression.executeSimple(SimpleExpression.java:66)
	at org.thymeleaf.standard.expression.Expression.execute(Expression.java:109)
	at org.thymeleaf.standard.expression.Expression.execute(Expression.java:138)
	at org.thymeleaf.standard.processor.AbstractStandardExpressionAttributeTagProcessor.doProcess(AbstractStandardExpressionAttributeTagProcessor.java:144)
	at org.thymeleaf.processor.element.AbstractAttributeTagProcessor.doProcess(AbstractAttributeTagProcessor.java:74)
	at org.thymeleaf.processor.element.AbstractElementTagProcessor.process(AbstractElementTagProcessor.java:95)
	at org.thymeleaf.util.ProcessorConfigurationUtils$ElementTagProcessorWrapper.process(ProcessorConfigurationUtils.java:633)
	at org.thymeleaf.engine.ProcessorTemplateHandler.handleStandaloneElement(ProcessorTemplateHandler.java:918)
	at org.thymeleaf.engine.TemplateHandlerAdapterMarkupHandler.handleStandaloneElementEnd(TemplateHandlerAdapterMarkupHandler.java:260)
	at org.thymeleaf.templateparser.markup.InlinedOutputExpressionMarkupHandler$InlineMarkupAdapterPreProcessorHandler.handleStandaloneElementEnd(InlinedOutputExpressionMarkupHandler.java:256)
	at org.thymeleaf.standard.inline.OutputExpressionInlinePreProcessorHandler.handleStandaloneElementEnd(OutputExpressionInlinePreProcessorHandler.java:169)
	at org.thymeleaf.templateparser.markup.InlinedOutputExpressionMarkupHandler.handleStandaloneElementEnd(InlinedOutputExpressionMarkupHandler.java:104)
	at org.attoparser.HtmlElement.handleStandaloneElementEnd(HtmlElement.java:79)
	at org.attoparser.HtmlMarkupHandler.handleStandaloneElementEnd(HtmlMarkupHandler.java:241)
	at org.attoparser.MarkupEventProcessorHandler.handleStandaloneElementEnd(MarkupEventProcessorHandler.java:327)
	at org.attoparser.ParsingElementMarkupUtil.parseStandaloneElement(ParsingElementMarkupUtil.java:96)
	at org.attoparser.MarkupParser.parseBuffer(MarkupParser.java:706)
	at org.attoparser.MarkupParser.parseDocument(MarkupParser.java:301)
	at org.attoparser.MarkupParser.parse(MarkupParser.java:257)
	at org.thymeleaf.templateparser.markup.AbstractMarkupTemplateParser.parse(AbstractMarkupTemplateParser.java:230)
	at org.thymeleaf.templateparser.markup.AbstractMarkupTemplateParser.parseStandalone(AbstractMarkupTemplateParser.java:100)
	at org.thymeleaf.engine.TemplateManager.parseAndProcess(TemplateManager.java:666)
	at org.thymeleaf.TemplateEngine.process(TemplateEngine.java:1103)
	at org.thymeleaf.TemplateEngine.process(TemplateEngine.java:1077)
	at org.thymeleaf.spring6.view.ThymeleafView.renderFragment(ThymeleafView.java:372)
	at org.thymeleaf.spring6.view.ThymeleafView.render(ThymeleafView.java:192)
	at org.springframework.web.servlet.DispatcherServlet.render(DispatcherServlet.java:1432)
	at org.springframework.web.servlet.DispatcherServlet.processDispatchResult(DispatcherServlet.java:1168)
	at org.springframework.web.servlet.DispatcherServlet.doDispatch(DispatcherServlet.java:1106)
	at org.springframework.web.servlet.DispatcherServlet.doService(DispatcherServlet.java:979)
	at org.springframework.web.servlet.FrameworkServlet.processRequest(FrameworkServlet.java:1014)
	at org.springframework.web.servlet.FrameworkServlet.doPost(FrameworkServlet.java:914)
	at jakarta.servlet.http.HttpServlet.service(HttpServlet.java:590)
	at org.springframework.web.servlet.FrameworkServlet.service(FrameworkServlet.java:885)
	at jakarta.servlet.http.HttpServlet.service(HttpServlet.java:658)
	at org.apache.catalina.core.ApplicationFilterChain.internalDoFilter(ApplicationFilterChain.java:195)
	at org.apache.catalina.core.ApplicationFilterChain.doFilter(ApplicationFilterChain.java:140)
	at org.apache.tomcat.websocket.server.WsFilter.doFilter(WsFilter.java:51)
	at org.apache.catalina.core.ApplicationFilterChain.internalDoFilter(ApplicationFilterChain.java:164)
	at org.apache.catalina.core.ApplicationFilterChain.doFilter(ApplicationFilterChain.java:140)
	at org.springframework.web.filter.RequestContextFilter.doFilterInternal(RequestContextFilter.java:100)
	at org.springframework.web.filter.OncePerRequestFilter.doFilter(OncePerRequestFilter.java:116)
	at org.apache.catalina.core.ApplicationFilterChain.internalDoFilter(ApplicationFilterChain.java:164)
	at org.apache.catalina.core.ApplicationFilterChain.doFilter(ApplicationFilterChain.java:140)
	at org.springframework.web.filter.FormContentFilter.doFilterInternal(FormContentFilter.java:93)
	at org.springframework.web.filter.OncePerRequestFilter.doFilter(OncePerRequestFilter.java:116)
	at org.apache.catalina.core.ApplicationFilterChain.internalDoFilter(ApplicationFilterChain.java:164)
	at org.apache.catalina.core.ApplicationFilterChain.doFilter(ApplicationFilterChain.java:140)
	at org.springframework.web.filter.ServerHttpObservationFilter.doFilterInternal(ServerHttpObservationFilter.java:113)
	at org.springframework.web.filter.OncePerRequestFilter.doFilter(OncePerRequestFilter.java:116)
	at org.apache.catalina.core.ApplicationFilterChain.internalDoFilter(ApplicationFilterChain.java:164)
	at org.apache.catalina.core.ApplicationFilterChain.doFilter(ApplicationFilterChain.java:140)
	at org.springframework.web.filter.CharacterEncodingFilter.doFilterInternal(CharacterEncodingFilter.java:201)
	at org.springframework.web.filter.OncePerRequestFilter.doFilter(OncePerRequestFilter.java:116)
	at org.apache.catalina.core.ApplicationFilterChain.internalDoFilter(ApplicationFilterChain.java:164)
	at org.apache.catalina.core.ApplicationFilterChain.doFilter(ApplicationFilterChain.java:140)
	at org.apache.catalina.core.StandardWrapperValve.invoke(StandardWrapperValve.java:167)
	at org.apache.catalina.core.StandardContextValve.invoke(StandardContextValve.java:90)
	at org.apache.catalina.authenticator.AuthenticatorBase.invoke(AuthenticatorBase.java:483)
	at org.apache.catalina.core.StandardHostValve.invoke(StandardHostValve.java:115)
	at org.apache.catalina.valves.ErrorReportValve.invoke(ErrorReportValve.java:93)
	at org.apache.catalina.core.StandardEngineValve.invoke(StandardEngineValve.java:74)
	at org.apache.catalina.connector.CoyoteAdapter.service(CoyoteAdapter.java:344)
	at org.apache.coyote.http11.Http11Processor.service(Http11Processor.java:384)
	at org.apache.coyote.AbstractProcessorLight.process(AbstractProcessorLight.java:63)
	at org.apache.coyote.AbstractProtocol$ConnectionHandler.process(AbstractProtocol.java:905)
	at org.apache.tomcat.util.net.NioEndpoint$SocketProcessor.doRun(NioEndpoint.java:1741)
	at org.apache.tomcat.util.net.SocketProcessorBase.run(SocketProcessorBase.java:52)
	at org.apache.tomcat.util.threads.ThreadPoolExecutor.runWorker(ThreadPoolExecutor.java:1190)
	at org.apache.tomcat.util.threads.ThreadPoolExecutor$Worker.run(ThreadPoolExecutor.java:659)
	at org.apache.tomcat.util.threads.TaskThread$WrappingRunnable.run(TaskThread.java:63)
	at java.base/java.lang.Thread.run(Thread.java:833)
[INFO ] 24-11-05 15:28:50 [FileuploadApplication:50] - Starting FileuploadApplication using Java 17.0.2 with PID 15292 (C:\Users\user\Desktop\HOME\08_SpringBoot\11_fileupload\build\classes\java\main started by user in C:\Users\user\Desktop\HOME\08_SpringBoot\11_fileupload)
[DEBUG] 24-11-05 15:28:50 [FileuploadApplication:51] - Running with Spring Boot v3.3.5, Spring v6.1.14
[INFO ] 24-11-05 15:28:50 [FileuploadApplication:654] - No active profile set, falling back to 1 default profile: "default"
[WARN ] 24-11-05 15:28:51 [ClassPathMapperScanner:44] - No MyBatis mapper was found in '[kr.parkjaehan.fileupload]' package. Please check your configuration.
[INFO ] 24-11-05 15:28:52 [FileuploadApplication:56] - Started FileuploadApplication in 3.258 seconds (process running for 144.602)
[INFO ] 24-11-05 15:29:44 [FileuploadApplication:50] - Starting FileuploadApplication using Java 17.0.2 with PID 15732 (C:\Users\user\Desktop\HOME\08_SpringBoot\11_fileupload\build\classes\java\main started by user in C:\Users\user\Desktop\HOME\08_SpringBoot\11_fileupload)
[DEBUG] 24-11-05 15:29:44 [FileuploadApplication:51] - Running with Spring Boot v3.3.5, Spring v6.1.14
[INFO ] 24-11-05 15:29:44 [FileuploadApplication:654] - No active profile set, falling back to 1 default profile: "default"
[DEBUG] 24-11-05 15:29:46 [LogFactory:109] - Logging initialized using 'class org.apache.ibatis.logging.slf4j.Slf4jImpl' adapter.
[WARN ] 24-11-05 15:29:46 [ClassPathMapperScanner:44] - No MyBatis mapper was found in '[kr.parkjaehan.fileupload]' package. Please check your configuration.
[INFO ] 24-11-05 15:29:49 [FileuploadApplication:56] - Started FileuploadApplication in 6.553 seconds (process running for 7.773)
[INFO ] 24-11-05 15:29:55 [MyInterceptor:44] - ---------- new client connected ----------
[INFO ] 24-11-05 15:29:55 [MyInterceptor:62] - [Client] 0:0:0:0:0:0:0:1, Chrome, 130.0, Windows, 10, Other
[INFO ] 24-11-05 15:29:55 [MyInterceptor:80] - [GET], http://localhost:8080/multi/upload
[INFO ] 24-11-05 15:29:55 [MyInterceptor:117] - - duration : 320 ms
[INFO ] 24-11-05 15:29:58 [MyInterceptor:44] - ---------- new client connected ----------
[INFO ] 24-11-05 15:29:58 [MyInterceptor:62] - [Client] 0:0:0:0:0:0:0:1, Chrome, 130.0, Windows, 10, Other
[INFO ] 24-11-05 15:29:58 [MyInterceptor:80] - [GET], http://localhost:8080/simple/upload_single
[INFO ] 24-11-05 15:29:58 [MyInterceptor:96] - - Referer : time=2911, url = http://localhost:8080/multi/upload
[INFO ] 24-11-05 15:29:58 [MyInterceptor:117] - - duration : 128 ms
[INFO ] 24-11-05 15:29:59 [MyInterceptor:44] - ---------- new client connected ----------
[INFO ] 24-11-05 15:29:59 [MyInterceptor:62] - [Client] 0:0:0:0:0:0:0:1, Chrome, 130.0, Windows, 10, Other
[INFO ] 24-11-05 15:29:59 [MyInterceptor:80] - [GET], http://localhost:8080/use_helper/upload_single
[INFO ] 24-11-05 15:29:59 [MyInterceptor:96] - - Referer : time=365, url = http://localhost:8080/simple/upload_single
[INFO ] 24-11-05 15:29:59 [MyInterceptor:117] - - duration : 96 ms
[INFO ] 24-11-05 15:29:59 [MyInterceptor:44] - ---------- new client connected ----------
[INFO ] 24-11-05 15:29:59 [MyInterceptor:62] - [Client] 0:0:0:0:0:0:0:1, Chrome, 130.0, Windows, 10, Other
[INFO ] 24-11-05 15:29:59 [MyInterceptor:80] - [GET], http://localhost:8080/use_helper/@%7B/assets/img/noimg.jpg%7D
[INFO ] 24-11-05 15:29:59 [MyInterceptor:96] - - Referer : time=52, url = http://localhost:8080/use_helper/upload_single
[INFO ] 24-11-05 15:29:59 [MyInterceptor:44] - ---------- new client connected ----------
[INFO ] 24-11-05 15:29:59 [MyInterceptor:62] - [Client] 0:0:0:0:0:0:0:1, Chrome, 130.0, Windows, 10, Other
[INFO ] 24-11-05 15:29:59 [MyInterceptor:80] - [GET], http://localhost:8080/multi/upload
[INFO ] 24-11-05 15:29:59 [MyInterceptor:96] - - Referer : time=506, url = http://localhost:8080/use_helper/upload_single
[INFO ] 24-11-05 15:29:59 [MyInterceptor:117] - - duration : 75 ms
[INFO ] 24-11-05 15:30:09 [MyInterceptor:44] - ---------- new client connected ----------
[INFO ] 24-11-05 15:30:09 [MyInterceptor:62] - [Client] 0:0:0:0:0:0:0:1, Chrome, 130.0, Windows, 10, Other
[INFO ] 24-11-05 15:30:09 [MyInterceptor:80] - [POST], http://localhost:8080/multi/upload_ok
[INFO ] 24-11-05 15:30:09 [MyInterceptor:96] - - Referer : time=9812, url = http://localhost:8080/multi/upload
[DEBUG] 24-11-05 15:30:09 [FileHelper:290] - [Thumbnail] Path: /2024/11/05/17307882095940.png, Size: 640x640, Crop: true
[DEBUG] 24-11-05 15:30:09 [FileHelper:308] - [Thumbnail] Thumbnail File: C:\Users\user\Desktop\HOME\08_SpringBoot\FileUpload\2024\11\05\17307882095940_640x640.png
[DEBUG] 24-11-05 15:30:10 [FileHelper:273] - UploadItem(fieldName=photo, originName=01-MyWebConfig.java.png, contentType=image/png, fileSize=601429, filePath=/2024/11/05/17307882095940.png, fileUrl=/files/2024/11/05/17307882095940.png, thumbnailPath=/2024/11/05/17307882095940_640x640.png, thumbnailUrl=/files/2024/11/05/17307882095940_640x640.png)
[DEBUG] 24-11-05 15:30:10 [FileHelper:290] - [Thumbnail] Path: /2024/11/05/17307882103170.png, Size: 640x640, Crop: true
[DEBUG] 24-11-05 15:30:10 [FileHelper:308] - [Thumbnail] Thumbnail File: C:\Users\user\Desktop\HOME\08_SpringBoot\FileUpload\2024\11\05\17307882103170_640x640.png
[DEBUG] 24-11-05 15:30:10 [FileHelper:273] - UploadItem(fieldName=photo, originName=02_SimpleUploadController.java.png, contentType=image/png, fileSize=1541896, filePath=/2024/11/05/17307882103170.png, fileUrl=/files/2024/11/05/17307882103170.png, thumbnailPath=/2024/11/05/17307882103170_640x640.png, thumbnailUrl=/files/2024/11/05/17307882103170_640x640.png)
[DEBUG] 24-11-05 15:30:10 [FileHelper:290] - [Thumbnail] Path: /2024/11/05/17307882109960.png, Size: 640x640, Crop: true
[DEBUG] 24-11-05 15:30:10 [FileHelper:308] - [Thumbnail] Thumbnail File: C:\Users\user\Desktop\HOME\08_SpringBoot\FileUpload\2024\11\05\17307882109960_640x640.png
[DEBUG] 24-11-05 15:30:11 [FileHelper:273] - UploadItem(fieldName=photo, originName=03-upload_sinlge_ok.html.png, contentType=image/png, fileSize=277430, filePath=/2024/11/05/17307882109960.png, fileUrl=/files/2024/11/05/17307882109960.png, thumbnailPath=/2024/11/05/17307882109960_640x640.png, thumbnailUrl=/files/2024/11/05/17307882109960_640x640.png)
[INFO ] 24-11-05 15:30:11 [MyInterceptor:117] - - duration : 1708 ms
[ERROR] 24-11-05 15:30:11 [TemplateEngine:1141] - [THYMELEAF][http-nio-8080-exec-3] Exception processing template "multi/upload_ok": An error happened during template parsing (template: "class path resource [templates/multi/upload_ok.html]")
org.thymeleaf.exceptions.TemplateInputException: An error happened during template parsing (template: "class path resource [templates/multi/upload_ok.html]")
	at org.thymeleaf.templateparser.markup.AbstractMarkupTemplateParser.parse(AbstractMarkupTemplateParser.java:241)
	at org.thymeleaf.templateparser.markup.AbstractMarkupTemplateParser.parseStandalone(AbstractMarkupTemplateParser.java:100)
	at org.thymeleaf.engine.TemplateManager.parseAndProcess(TemplateManager.java:666)
	at org.thymeleaf.TemplateEngine.process(TemplateEngine.java:1103)
	at org.thymeleaf.TemplateEngine.process(TemplateEngine.java:1077)
	at org.thymeleaf.spring6.view.ThymeleafView.renderFragment(ThymeleafView.java:372)
	at org.thymeleaf.spring6.view.ThymeleafView.render(ThymeleafView.java:192)
	at org.springframework.web.servlet.DispatcherServlet.render(DispatcherServlet.java:1432)
	at org.springframework.web.servlet.DispatcherServlet.processDispatchResult(DispatcherServlet.java:1168)
	at org.springframework.web.servlet.DispatcherServlet.doDispatch(DispatcherServlet.java:1106)
	at org.springframework.web.servlet.DispatcherServlet.doService(DispatcherServlet.java:979)
	at org.springframework.web.servlet.FrameworkServlet.processRequest(FrameworkServlet.java:1014)
	at org.springframework.web.servlet.FrameworkServlet.doPost(FrameworkServlet.java:914)
	at jakarta.servlet.http.HttpServlet.service(HttpServlet.java:590)
	at org.springframework.web.servlet.FrameworkServlet.service(FrameworkServlet.java:885)
	at jakarta.servlet.http.HttpServlet.service(HttpServlet.java:658)
	at org.apache.catalina.core.ApplicationFilterChain.internalDoFilter(ApplicationFilterChain.java:195)
	at org.apache.catalina.core.ApplicationFilterChain.doFilter(ApplicationFilterChain.java:140)
	at org.apache.tomcat.websocket.server.WsFilter.doFilter(WsFilter.java:51)
	at org.apache.catalina.core.ApplicationFilterChain.internalDoFilter(ApplicationFilterChain.java:164)
	at org.apache.catalina.core.ApplicationFilterChain.doFilter(ApplicationFilterChain.java:140)
	at org.springframework.web.filter.RequestContextFilter.doFilterInternal(RequestContextFilter.java:100)
	at org.springframework.web.filter.OncePerRequestFilter.doFilter(OncePerRequestFilter.java:116)
	at org.apache.catalina.core.ApplicationFilterChain.internalDoFilter(ApplicationFilterChain.java:164)
	at org.apache.catalina.core.ApplicationFilterChain.doFilter(ApplicationFilterChain.java:140)
	at org.springframework.web.filter.FormContentFilter.doFilterInternal(FormContentFilter.java:93)
	at org.springframework.web.filter.OncePerRequestFilter.doFilter(OncePerRequestFilter.java:116)
	at org.apache.catalina.core.ApplicationFilterChain.internalDoFilter(ApplicationFilterChain.java:164)
	at org.apache.catalina.core.ApplicationFilterChain.doFilter(ApplicationFilterChain.java:140)
	at org.springframework.web.filter.ServerHttpObservationFilter.doFilterInternal(ServerHttpObservationFilter.java:113)
	at org.springframework.web.filter.OncePerRequestFilter.doFilter(OncePerRequestFilter.java:116)
	at org.apache.catalina.core.ApplicationFilterChain.internalDoFilter(ApplicationFilterChain.java:164)
	at org.apache.catalina.core.ApplicationFilterChain.doFilter(ApplicationFilterChain.java:140)
	at org.springframework.web.filter.CharacterEncodingFilter.doFilterInternal(CharacterEncodingFilter.java:201)
	at org.springframework.web.filter.OncePerRequestFilter.doFilter(OncePerRequestFilter.java:116)
	at org.apache.catalina.core.ApplicationFilterChain.internalDoFilter(ApplicationFilterChain.java:164)
	at org.apache.catalina.core.ApplicationFilterChain.doFilter(ApplicationFilterChain.java:140)
	at org.apache.catalina.core.StandardWrapperValve.invoke(StandardWrapperValve.java:167)
	at org.apache.catalina.core.StandardContextValve.invoke(StandardContextValve.java:90)
	at org.apache.catalina.authenticator.AuthenticatorBase.invoke(AuthenticatorBase.java:483)
	at org.apache.catalina.core.StandardHostValve.invoke(StandardHostValve.java:115)
	at org.apache.catalina.valves.ErrorReportValve.invoke(ErrorReportValve.java:93)
	at org.apache.catalina.core.StandardEngineValve.invoke(StandardEngineValve.java:74)
	at org.apache.catalina.connector.CoyoteAdapter.service(CoyoteAdapter.java:344)
	at org.apache.coyote.http11.Http11Processor.service(Http11Processor.java:384)
	at org.apache.coyote.AbstractProcessorLight.process(AbstractProcessorLight.java:63)
	at org.apache.coyote.AbstractProtocol$ConnectionHandler.process(AbstractProtocol.java:905)
	at org.apache.tomcat.util.net.NioEndpoint$SocketProcessor.doRun(NioEndpoint.java:1741)
	at org.apache.tomcat.util.net.SocketProcessorBase.run(SocketProcessorBase.java:52)
	at org.apache.tomcat.util.threads.ThreadPoolExecutor.runWorker(ThreadPoolExecutor.java:1190)
	at org.apache.tomcat.util.threads.ThreadPoolExecutor$Worker.run(ThreadPoolExecutor.java:659)
	at org.apache.tomcat.util.threads.TaskThread$WrappingRunnable.run(TaskThread.java:63)
	at java.base/java.lang.Thread.run(Thread.java:833)
Caused by: org.attoparser.ParseException: Exception evaluating SpringEL expression: "item.fieldName" (template: "multi/upload_ok" - line 57, col 30)
	at org.attoparser.MarkupParser.parseDocument(MarkupParser.java:393)
	at org.attoparser.MarkupParser.parse(MarkupParser.java:257)
	at org.thymeleaf.templateparser.markup.AbstractMarkupTemplateParser.parse(AbstractMarkupTemplateParser.java:230)
	... 52 common frames omitted
Caused by: org.thymeleaf.exceptions.TemplateProcessingException: Exception evaluating SpringEL expression: "item.fieldName" (template: "multi/upload_ok" - line 57, col 30)
	at org.thymeleaf.spring6.expression.SPELVariableExpressionEvaluator.evaluate(SPELVariableExpressionEvaluator.java:292)
	at org.thymeleaf.standard.expression.VariableExpression.executeVariableExpression(VariableExpression.java:166)
	at org.thymeleaf.standard.expression.SimpleExpression.executeSimple(SimpleExpression.java:66)
	at org.thymeleaf.standard.expression.Expression.execute(Expression.java:109)
	at org.thymeleaf.standard.expression.Expression.execute(Expression.java:138)
	at org.thymeleaf.standard.processor.AbstractStandardExpressionAttributeTagProcessor.doProcess(AbstractStandardExpressionAttributeTagProcessor.java:144)
	at org.thymeleaf.processor.element.AbstractAttributeTagProcessor.doProcess(AbstractAttributeTagProcessor.java:74)
	at org.thymeleaf.processor.element.AbstractElementTagProcessor.process(AbstractElementTagProcessor.java:95)
	at org.thymeleaf.util.ProcessorConfigurationUtils$ElementTagProcessorWrapper.process(ProcessorConfigurationUtils.java:633)
	at org.thymeleaf.engine.ProcessorTemplateHandler.handleStandaloneElement(ProcessorTemplateHandler.java:918)
	at org.thymeleaf.engine.TemplateHandlerAdapterMarkupHandler.handleStandaloneElementEnd(TemplateHandlerAdapterMarkupHandler.java:260)
	at org.thymeleaf.templateparser.markup.InlinedOutputExpressionMarkupHandler$InlineMarkupAdapterPreProcessorHandler.handleStandaloneElementEnd(InlinedOutputExpressionMarkupHandler.java:256)
	at org.thymeleaf.standard.inline.OutputExpressionInlinePreProcessorHandler.handleStandaloneElementEnd(OutputExpressionInlinePreProcessorHandler.java:169)
	at org.thymeleaf.templateparser.markup.InlinedOutputExpressionMarkupHandler.handleStandaloneElementEnd(InlinedOutputExpressionMarkupHandler.java:104)
	at org.attoparser.HtmlElement.handleStandaloneElementEnd(HtmlElement.java:79)
	at org.attoparser.HtmlMarkupHandler.handleStandaloneElementEnd(HtmlMarkupHandler.java:241)
	at org.attoparser.MarkupEventProcessorHandler.handleStandaloneElementEnd(MarkupEventProcessorHandler.java:327)
	at org.attoparser.ParsingElementMarkupUtil.parseStandaloneElement(ParsingElementMarkupUtil.java:96)
	at org.attoparser.MarkupParser.parseBuffer(MarkupParser.java:706)
	at org.attoparser.MarkupParser.parseDocument(MarkupParser.java:301)
	... 54 common frames omitted
Caused by: org.springframework.expression.spel.SpelEvaluationException: EL1007E: Property or field 'fieldName' cannot be found on null
	at org.springframework.expression.spel.ast.PropertyOrFieldReference.readProperty(PropertyOrFieldReference.java:225)
	at org.springframework.expression.spel.ast.PropertyOrFieldReference.getValueInternal(PropertyOrFieldReference.java:112)
	at org.springframework.expression.spel.ast.PropertyOrFieldReference$AccessorValueRef.getValue(PropertyOrFieldReference.java:417)
	at org.springframework.expression.spel.ast.CompoundExpression.getValueInternal(CompoundExpression.java:97)
	at org.springframework.expression.spel.ast.SpelNodeImpl.getValue(SpelNodeImpl.java:114)
	at org.springframework.expression.spel.standard.SpelExpression.getValue(SpelExpression.java:338)
	at org.thymeleaf.spring6.expression.SPELVariableExpressionEvaluator.evaluate(SPELVariableExpressionEvaluator.java:265)
	... 73 common frames omitted
[ERROR] 24-11-05 15:30:11 [[dispatcherServlet]:175] - Servlet.service() for servlet [dispatcherServlet] in context with path [] threw exception [Request processing failed: org.thymeleaf.exceptions.TemplateInputException: An error happened during template parsing (template: "class path resource [templates/multi/upload_ok.html]")] with root cause
org.springframework.expression.spel.SpelEvaluationException: EL1007E: Property or field 'fieldName' cannot be found on null
	at org.springframework.expression.spel.ast.PropertyOrFieldReference.readProperty(PropertyOrFieldReference.java:225)
	at org.springframework.expression.spel.ast.PropertyOrFieldReference.getValueInternal(PropertyOrFieldReference.java:112)
	at org.springframework.expression.spel.ast.PropertyOrFieldReference$AccessorValueRef.getValue(PropertyOrFieldReference.java:417)
	at org.springframework.expression.spel.ast.CompoundExpression.getValueInternal(CompoundExpression.java:97)
	at org.springframework.expression.spel.ast.SpelNodeImpl.getValue(SpelNodeImpl.java:114)
	at org.springframework.expression.spel.standard.SpelExpression.getValue(SpelExpression.java:338)
	at org.thymeleaf.spring6.expression.SPELVariableExpressionEvaluator.evaluate(SPELVariableExpressionEvaluator.java:265)
	at org.thymeleaf.standard.expression.VariableExpression.executeVariableExpression(VariableExpression.java:166)
	at org.thymeleaf.standard.expression.SimpleExpression.executeSimple(SimpleExpression.java:66)
	at org.thymeleaf.standard.expression.Expression.execute(Expression.java:109)
	at org.thymeleaf.standard.expression.Expression.execute(Expression.java:138)
	at org.thymeleaf.standard.processor.AbstractStandardExpressionAttributeTagProcessor.doProcess(AbstractStandardExpressionAttributeTagProcessor.java:144)
	at org.thymeleaf.processor.element.AbstractAttributeTagProcessor.doProcess(AbstractAttributeTagProcessor.java:74)
	at org.thymeleaf.processor.element.AbstractElementTagProcessor.process(AbstractElementTagProcessor.java:95)
	at org.thymeleaf.util.ProcessorConfigurationUtils$ElementTagProcessorWrapper.process(ProcessorConfigurationUtils.java:633)
	at org.thymeleaf.engine.ProcessorTemplateHandler.handleStandaloneElement(ProcessorTemplateHandler.java:918)
	at org.thymeleaf.engine.TemplateHandlerAdapterMarkupHandler.handleStandaloneElementEnd(TemplateHandlerAdapterMarkupHandler.java:260)
	at org.thymeleaf.templateparser.markup.InlinedOutputExpressionMarkupHandler$InlineMarkupAdapterPreProcessorHandler.handleStandaloneElementEnd(InlinedOutputExpressionMarkupHandler.java:256)
	at org.thymeleaf.standard.inline.OutputExpressionInlinePreProcessorHandler.handleStandaloneElementEnd(OutputExpressionInlinePreProcessorHandler.java:169)
	at org.thymeleaf.templateparser.markup.InlinedOutputExpressionMarkupHandler.handleStandaloneElementEnd(InlinedOutputExpressionMarkupHandler.java:104)
	at org.attoparser.HtmlElement.handleStandaloneElementEnd(HtmlElement.java:79)
	at org.attoparser.HtmlMarkupHandler.handleStandaloneElementEnd(HtmlMarkupHandler.java:241)
	at org.attoparser.MarkupEventProcessorHandler.handleStandaloneElementEnd(MarkupEventProcessorHandler.java:327)
	at org.attoparser.ParsingElementMarkupUtil.parseStandaloneElement(ParsingElementMarkupUtil.java:96)
	at org.attoparser.MarkupParser.parseBuffer(MarkupParser.java:706)
	at org.attoparser.MarkupParser.parseDocument(MarkupParser.java:301)
	at org.attoparser.MarkupParser.parse(MarkupParser.java:257)
	at org.thymeleaf.templateparser.markup.AbstractMarkupTemplateParser.parse(AbstractMarkupTemplateParser.java:230)
	at org.thymeleaf.templateparser.markup.AbstractMarkupTemplateParser.parseStandalone(AbstractMarkupTemplateParser.java:100)
	at org.thymeleaf.engine.TemplateManager.parseAndProcess(TemplateManager.java:666)
	at org.thymeleaf.TemplateEngine.process(TemplateEngine.java:1103)
	at org.thymeleaf.TemplateEngine.process(TemplateEngine.java:1077)
	at org.thymeleaf.spring6.view.ThymeleafView.renderFragment(ThymeleafView.java:372)
	at org.thymeleaf.spring6.view.ThymeleafView.render(ThymeleafView.java:192)
	at org.springframework.web.servlet.DispatcherServlet.render(DispatcherServlet.java:1432)
	at org.springframework.web.servlet.DispatcherServlet.processDispatchResult(DispatcherServlet.java:1168)
	at org.springframework.web.servlet.DispatcherServlet.doDispatch(DispatcherServlet.java:1106)
	at org.springframework.web.servlet.DispatcherServlet.doService(DispatcherServlet.java:979)
	at org.springframework.web.servlet.FrameworkServlet.processRequest(FrameworkServlet.java:1014)
	at org.springframework.web.servlet.FrameworkServlet.doPost(FrameworkServlet.java:914)
	at jakarta.servlet.http.HttpServlet.service(HttpServlet.java:590)
	at org.springframework.web.servlet.FrameworkServlet.service(FrameworkServlet.java:885)
	at jakarta.servlet.http.HttpServlet.service(HttpServlet.java:658)
	at org.apache.catalina.core.ApplicationFilterChain.internalDoFilter(ApplicationFilterChain.java:195)
	at org.apache.catalina.core.ApplicationFilterChain.doFilter(ApplicationFilterChain.java:140)
	at org.apache.tomcat.websocket.server.WsFilter.doFilter(WsFilter.java:51)
	at org.apache.catalina.core.ApplicationFilterChain.internalDoFilter(ApplicationFilterChain.java:164)
	at org.apache.catalina.core.ApplicationFilterChain.doFilter(ApplicationFilterChain.java:140)
	at org.springframework.web.filter.RequestContextFilter.doFilterInternal(RequestContextFilter.java:100)
	at org.springframework.web.filter.OncePerRequestFilter.doFilter(OncePerRequestFilter.java:116)
	at org.apache.catalina.core.ApplicationFilterChain.internalDoFilter(ApplicationFilterChain.java:164)
	at org.apache.catalina.core.ApplicationFilterChain.doFilter(ApplicationFilterChain.java:140)
	at org.springframework.web.filter.FormContentFilter.doFilterInternal(FormContentFilter.java:93)
	at org.springframework.web.filter.OncePerRequestFilter.doFilter(OncePerRequestFilter.java:116)
	at org.apache.catalina.core.ApplicationFilterChain.internalDoFilter(ApplicationFilterChain.java:164)
	at org.apache.catalina.core.ApplicationFilterChain.doFilter(ApplicationFilterChain.java:140)
	at org.springframework.web.filter.ServerHttpObservationFilter.doFilterInternal(ServerHttpObservationFilter.java:113)
	at org.springframework.web.filter.OncePerRequestFilter.doFilter(OncePerRequestFilter.java:116)
	at org.apache.catalina.core.ApplicationFilterChain.internalDoFilter(ApplicationFilterChain.java:164)
	at org.apache.catalina.core.ApplicationFilterChain.doFilter(ApplicationFilterChain.java:140)
	at org.springframework.web.filter.CharacterEncodingFilter.doFilterInternal(CharacterEncodingFilter.java:201)
	at org.springframework.web.filter.OncePerRequestFilter.doFilter(OncePerRequestFilter.java:116)
	at org.apache.catalina.core.ApplicationFilterChain.internalDoFilter(ApplicationFilterChain.java:164)
	at org.apache.catalina.core.ApplicationFilterChain.doFilter(ApplicationFilterChain.java:140)
	at org.apache.catalina.core.StandardWrapperValve.invoke(StandardWrapperValve.java:167)
	at org.apache.catalina.core.StandardContextValve.invoke(StandardContextValve.java:90)
	at org.apache.catalina.authenticator.AuthenticatorBase.invoke(AuthenticatorBase.java:483)
	at org.apache.catalina.core.StandardHostValve.invoke(StandardHostValve.java:115)
	at org.apache.catalina.valves.ErrorReportValve.invoke(ErrorReportValve.java:93)
	at org.apache.catalina.core.StandardEngineValve.invoke(StandardEngineValve.java:74)
	at org.apache.catalina.connector.CoyoteAdapter.service(CoyoteAdapter.java:344)
	at org.apache.coyote.http11.Http11Processor.service(Http11Processor.java:384)
	at org.apache.coyote.AbstractProcessorLight.process(AbstractProcessorLight.java:63)
	at org.apache.coyote.AbstractProtocol$ConnectionHandler.process(AbstractProtocol.java:905)
	at org.apache.tomcat.util.net.NioEndpoint$SocketProcessor.doRun(NioEndpoint.java:1741)
	at org.apache.tomcat.util.net.SocketProcessorBase.run(SocketProcessorBase.java:52)
	at org.apache.tomcat.util.threads.ThreadPoolExecutor.runWorker(ThreadPoolExecutor.java:1190)
	at org.apache.tomcat.util.threads.ThreadPoolExecutor$Worker.run(ThreadPoolExecutor.java:659)
	at org.apache.tomcat.util.threads.TaskThread$WrappingRunnable.run(TaskThread.java:63)
	at java.base/java.lang.Thread.run(Thread.java:833)
[INFO ] 24-11-05 15:31:09 [FileuploadApplication:50] - Starting FileuploadApplication using Java 17.0.2 with PID 19892 (C:\Users\user\Desktop\HOME\08_SpringBoot\11_fileupload\build\classes\java\main started by user in C:\Users\user\Desktop\HOME\08_SpringBoot\11_fileupload)
[DEBUG] 24-11-05 15:31:09 [FileuploadApplication:51] - Running with Spring Boot v3.3.5, Spring v6.1.14
[INFO ] 24-11-05 15:31:09 [FileuploadApplication:654] - No active profile set, falling back to 1 default profile: "default"
[DEBUG] 24-11-05 15:31:11 [LogFactory:109] - Logging initialized using 'class org.apache.ibatis.logging.slf4j.Slf4jImpl' adapter.
[WARN ] 24-11-05 15:31:11 [ClassPathMapperScanner:44] - No MyBatis mapper was found in '[kr.parkjaehan.fileupload]' package. Please check your configuration.
[INFO ] 24-11-05 15:31:14 [FileuploadApplication:56] - Started FileuploadApplication in 5.88 seconds (process running for 7.518)
[INFO ] 24-11-05 15:31:20 [MyInterceptor:44] - ---------- new client connected ----------
[INFO ] 24-11-05 15:31:20 [MyInterceptor:62] - [Client] 0:0:0:0:0:0:0:1, Chrome, 130.0, Windows, 10, Other
[INFO ] 24-11-05 15:31:20 [MyInterceptor:80] - [GET], http://localhost:8080/multi/upload
[INFO ] 24-11-05 15:31:20 [MyInterceptor:117] - - duration : 342 ms
[INFO ] 24-11-05 15:31:23 [MyInterceptor:44] - ---------- new client connected ----------
[INFO ] 24-11-05 15:31:23 [MyInterceptor:62] - [Client] 0:0:0:0:0:0:0:1, Chrome, 130.0, Windows, 10, Other
[INFO ] 24-11-05 15:31:23 [MyInterceptor:80] - [GET], http://localhost:8080/multi/upload
[INFO ] 24-11-05 15:31:23 [MyInterceptor:96] - - Referer : time=2469, url = http://localhost:8080/multi/upload
[INFO ] 24-11-05 15:31:23 [MyInterceptor:117] - - duration : 149 ms
[INFO ] 24-11-05 15:31:27 [MyInterceptor:44] - ---------- new client connected ----------
[INFO ] 24-11-05 15:31:27 [MyInterceptor:62] - [Client] 0:0:0:0:0:0:0:1, Chrome, 130.0, Windows, 10, Other
[INFO ] 24-11-05 15:31:27 [MyInterceptor:80] - [POST], http://localhost:8080/multi/upload_ok
[INFO ] 24-11-05 15:31:27 [MyInterceptor:96] - - Referer : time=4354, url = http://localhost:8080/multi/upload
[DEBUG] 24-11-05 15:31:28 [FileHelper:290] - [Thumbnail] Path: /2024/11/05/17307882880140.png, Size: 640x640, Crop: true
[DEBUG] 24-11-05 15:31:28 [FileHelper:308] - [Thumbnail] Thumbnail File: C:\Users\user\Desktop\HOME\08_SpringBoot\FileUpload\2024\11\05\17307882880140_640x640.png
[DEBUG] 24-11-05 15:31:28 [FileHelper:273] - UploadItem(fieldName=photo, originName=01-MyWebConfig.java.png, contentType=image/png, fileSize=601429, filePath=/2024/11/05/17307882880140.png, fileUrl=/files/2024/11/05/17307882880140.png, thumbnailPath=/2024/11/05/17307882880140_640x640.png, thumbnailUrl=/files/2024/11/05/17307882880140_640x640.png)
[DEBUG] 24-11-05 15:31:28 [FileHelper:290] - [Thumbnail] Path: /2024/11/05/17307882887670.png, Size: 640x640, Crop: true
[DEBUG] 24-11-05 15:31:28 [FileHelper:308] - [Thumbnail] Thumbnail File: C:\Users\user\Desktop\HOME\08_SpringBoot\FileUpload\2024\11\05\17307882887670_640x640.png
[DEBUG] 24-11-05 15:31:29 [FileHelper:273] - UploadItem(fieldName=photo, originName=02_SimpleUploadController.java.png, contentType=image/png, fileSize=1541896, filePath=/2024/11/05/17307882887670.png, fileUrl=/files/2024/11/05/17307882887670.png, thumbnailPath=/2024/11/05/17307882887670_640x640.png, thumbnailUrl=/files/2024/11/05/17307882887670_640x640.png)
[DEBUG] 24-11-05 15:31:29 [FileHelper:290] - [Thumbnail] Path: /2024/11/05/17307882894420.png, Size: 640x640, Crop: true
[DEBUG] 24-11-05 15:31:29 [FileHelper:308] - [Thumbnail] Thumbnail File: C:\Users\user\Desktop\HOME\08_SpringBoot\FileUpload\2024\11\05\17307882894420_640x640.png
[DEBUG] 24-11-05 15:31:29 [FileHelper:273] - UploadItem(fieldName=photo, originName=03-upload_sinlge_ok.html.png, contentType=image/png, fileSize=277430, filePath=/2024/11/05/17307882894420.png, fileUrl=/files/2024/11/05/17307882894420.png, thumbnailPath=/2024/11/05/17307882894420_640x640.png, thumbnailUrl=/files/2024/11/05/17307882894420_640x640.png)
[INFO ] 24-11-05 15:31:29 [MyInterceptor:117] - - duration : 1848 ms
[INFO ] 24-11-05 15:31:29 [MyInterceptor:44] - ---------- new client connected ----------
[INFO ] 24-11-05 15:31:29 [MyInterceptor:44] - ---------- new client connected ----------
[INFO ] 24-11-05 15:31:29 [MyInterceptor:44] - ---------- new client connected ----------
[INFO ] 24-11-05 15:31:29 [MyInterceptor:62] - [Client] 0:0:0:0:0:0:0:1, Chrome, 130.0, Windows, 10, Other
[INFO ] 24-11-05 15:31:29 [MyInterceptor:80] - [GET], http://localhost:8080/files/2024/11/05/17307882880140_640x640.png
[INFO ] 24-11-05 15:31:29 [MyInterceptor:96] - - Referer : time=88, url = http://localhost:8080/multi/upload_ok
[INFO ] 24-11-05 15:31:29 [MyInterceptor:62] - [Client] 0:0:0:0:0:0:0:1, Chrome, 130.0, Windows, 10, Other
[INFO ] 24-11-05 15:31:29 [MyInterceptor:62] - [Client] 0:0:0:0:0:0:0:1, Chrome, 130.0, Windows, 10, Other
[INFO ] 24-11-05 15:31:29 [MyInterceptor:80] - [GET], http://localhost:8080/files/2024/11/05/17307882894420_640x640.png
[INFO ] 24-11-05 15:31:29 [MyInterceptor:96] - - Referer : time=88, url = http://localhost:8080/multi/upload_ok
[INFO ] 24-11-05 15:31:29 [MyInterceptor:80] - [GET], http://localhost:8080/files/2024/11/05/17307882887670_640x640.png
[INFO ] 24-11-05 15:31:29 [MyInterceptor:96] - - Referer : time=88, url = http://localhost:8080/multi/upload_ok
[INFO ] 24-11-05 15:31:29 [MyInterceptor:117] - - duration : 143 ms
[INFO ] 24-11-05 15:31:29 [MyInterceptor:117] - - duration : 146 ms
[INFO ] 24-11-05 15:31:29 [MyInterceptor:117] - - duration : 160 ms
[INFO ] 24-11-05 15:31:42 [MyInterceptor:44] - ---------- new client connected ----------
[INFO ] 24-11-05 15:31:42 [MyInterceptor:44] - ---------- new client connected ----------
[INFO ] 24-11-05 15:31:42 [MyInterceptor:44] - ---------- new client connected ----------
[INFO ] 24-11-05 15:31:42 [MyInterceptor:62] - [Client] 0:0:0:0:0:0:0:1, Chrome, 130.0, Windows, 10, Other
[INFO ] 24-11-05 15:31:42 [MyInterceptor:80] - [GET], http://localhost:8080/files/2024/11/05/17307882880140.png
[INFO ] 24-11-05 15:31:42 [MyInterceptor:96] - - Referer : time=12550, url = http://localhost:8080/multi/upload_ok
[INFO ] 24-11-05 15:31:42 [MyInterceptor:62] - [Client] 0:0:0:0:0:0:0:1, Chrome, 130.0, Windows, 10, Other
[INFO ] 24-11-05 15:31:42 [MyInterceptor:44] - ---------- new client connected ----------
[INFO ] 24-11-05 15:31:42 [MyInterceptor:80] - [GET], http://localhost:8080/files/2024/11/05/17307882894420.png
[INFO ] 24-11-05 15:31:42 [MyInterceptor:96] - - Referer : time=12691, url = http://localhost:8080/multi/upload_ok
[INFO ] 24-11-05 15:31:42 [MyInterceptor:62] - [Client] 0:0:0:0:0:0:0:1, Chrome, 130.0, Windows, 10, Other
[INFO ] 24-11-05 15:31:42 [MyInterceptor:80] - [GET], http://localhost:8080/files/2024/11/05/17307882887670.png
[INFO ] 24-11-05 15:31:42 [MyInterceptor:96] - - Referer : time=12691, url = http://localhost:8080/multi/upload_ok
[INFO ] 24-11-05 15:31:42 [MyInterceptor:117] - - duration : 108 ms
[INFO ] 24-11-05 15:31:42 [MyInterceptor:117] - - duration : 134 ms
[INFO ] 24-11-05 15:31:42 [MyInterceptor:62] - [Client] 0:0:0:0:0:0:0:1, Chrome, 130.0, Windows, 10, Other
[INFO ] 24-11-05 15:31:42 [MyInterceptor:80] - [GET], http://localhost:8080/files/2024/11/05/17307882880140.png
[INFO ] 24-11-05 15:31:42 [MyInterceptor:96] - - Referer : time=-134, url = http://localhost:8080/multi/upload_ok
[INFO ] 24-11-05 15:31:42 [MyInterceptor:44] - ---------- new client connected ----------
[INFO ] 24-11-05 15:31:42 [MyInterceptor:44] - ---------- new client connected ----------
[INFO ] 24-11-05 15:31:42 [MyInterceptor:117] - - duration : 1 ms
[INFO ] 24-11-05 15:31:42 [MyInterceptor:62] - [Client] 0:0:0:0:0:0:0:1, Chrome, 130.0, Windows, 10, Other
[INFO ] 24-11-05 15:31:42 [MyInterceptor:62] - [Client] 0:0:0:0:0:0:0:1, Chrome, 130.0, Windows, 10, Other
[INFO ] 24-11-05 15:31:42 [MyInterceptor:80] - [GET], http://localhost:8080/files/2024/11/05/17307882894420.png
[INFO ] 24-11-05 15:31:42 [MyInterceptor:80] - [GET], http://localhost:8080/files/2024/11/05/17307882887670.png
[INFO ] 24-11-05 15:31:42 [MyInterceptor:96] - - Referer : time=-1, url = http://localhost:8080/multi/upload_ok
[INFO ] 24-11-05 15:31:42 [MyInterceptor:96] - - Referer : time=-1, url = http://localhost:8080/multi/upload_ok
[INFO ] 24-11-05 15:31:42 [MyInterceptor:117] - - duration : 97 ms
[INFO ] 24-11-05 15:31:43 [MyInterceptor:117] - - duration : 121 ms
