[INFO ] 24-10-25 17:18:39 [DatabaseApplication:50] - Starting DatabaseApplication using Java 17.0.2 with PID 16360 (C:\Users\user\Desktop\HOME\08_SpringBoot\08_Database\build\classes\java\main started by user in C:\Users\user\Desktop\HOME\08_SpringBoot\08_Database)
[DEBUG] 24-10-25 17:18:39 [DatabaseApplication:51] - Running with Spring Boot v3.3.4, Spring v6.1.13
[INFO ] 24-10-25 17:18:39 [DatabaseApplication:654] - No active profile set, falling back to 1 default profile: "default"
[DEBUG] 24-10-25 17:18:40 [LogFactory:109] - Logging initialized using 'class org.apache.ibatis.logging.slf4j.Slf4jImpl' adapter.
[INFO ] 24-10-25 17:18:42 [DatabaseApplication:56] - Started DatabaseApplication in 3.147 seconds (process running for 3.718)
[INFO ] 24-10-25 17:18:47 [MyInterceptor:42] - ------------------new client connect ------------------
[INFO ] 24-10-25 17:18:47 [MyInterceptor:59] - [Client] 0:0:0:0:0:0:0:1 Other Windows 10 Chrome
[INFO ] 24-10-25 17:18:47 [MyInterceptor:76] - [GET] http://localhost:8080/department
[DEBUG] 24-10-25 17:18:48 [selectList:135] - ==>  Preparing: SELECT deptno, dname, loc FROM department ORDER BY deptno DESC
[DEBUG] 24-10-25 17:18:48 [selectList:135] - ==> Parameters: 
[INFO ] 24-10-25 17:18:48 [sqlonly:228] - SELECT deptno, dname, loc FROM department ORDER BY deptno DESC

[INFO ] 24-10-25 17:18:48 [resultsettable:610] - 
|-------|--------|-------|
|deptno |dname   |loc    |
|-------|--------|-------|
|217    |테스트학과   |테스트강의실 |
|216    |테스트학과   |테스트강의실 |
|215    |테스트학과   |테스트강의실 |
|214    |테스트학과   |테스트강의실 |
|213    |테스트학과   |테스트강의실 |
|212    |테스트학과   |테스트강의실 |
|211    |테스트학과   |테스트강의실 |
|210    |테스트학과   |테스트강의실 |
|209    |테스트학과   |테스트강의실 |
|208    |메가스터디   |강남     |
|206    |오징어심리학과 |내마음속   |
|205    |목탁디자인학과 |개불     |
|202    |기계공학과   |4호관    |
|201    |전자공학과   |3호관    |
|102    |테스트학과   |테스트강의실 |
|101    |컴퓨터공학과  |1호관    |
|-------|--------|-------|

[DEBUG] 24-10-25 17:18:48 [selectList:135] - <==      Total: 16
[INFO ] 24-10-25 17:18:48 [MyInterceptor:112] - - 실행시간 : 617 ms
[INFO ] 24-10-25 17:18:53 [MyInterceptor:42] - ------------------new client connect ------------------
[INFO ] 24-10-25 17:18:53 [MyInterceptor:59] - [Client] 0:0:0:0:0:0:0:1 Other Windows 10 Chrome
[INFO ] 24-10-25 17:18:53 [MyInterceptor:76] - [GET] http://localhost:8080/professor
[INFO ] 24-10-25 17:18:53 [MyInterceptor:94] - - REFERER : time=4741, url=http://localhost:8080/department
[DEBUG] 24-10-25 17:18:53 [selectList:135] - ==>  Preparing: SELECT profno, name, userid, position, sal, DATE_FORMAT(hiredate, '%Y-%m-%d') AS hiredate, comm, deptno FROM professor p
[DEBUG] 24-10-25 17:18:53 [selectList:135] - ==> Parameters: 
[INFO ] 24-10-25 17:18:53 [sqlonly:228] - SELECT profno, name, userid, position, sal, DATE_FORMAT(hiredate, '%Y-%m-%d') AS hiredate, comm, deptno FROM professor p

[INFO ] 24-10-25 17:18:53 [resultsettable:610] - 
|-------|-------------|-------------|---------|--------|-----------|---------|-------|
|profno |name         |userid       |position |sal     |hiredate   |comm     |deptno |
|-------|-------------|-------------|---------|--------|-----------|---------|-------|
|9901   |김도훈          |capool       |교수       |500     |1982-06-12 |20       |101    |
|9902   |이재우          |sweat413     |조교수      |320     |1995-04-12 |[null]   |201    |
|9903   |성연희          |pascal       |조교수      |360     |1993-03-17 |15       |101    |
|9904   |염일웅          |blue77       |전임강사     |240     |1998-10-11 |[null]   |102    |
|9905   |권혁일          |refresh      |교수       |450     |1986-02-11 |25       |102    |
|9906   |이만식          |pocari       |부교수      |420     |1988-07-11 |[null]   |101    |
|9907   |전은지          |totoro       |전임강사     |210     |2001-05-11 |[null]   |101    |
|9908   |박송은          |fpfl123      |교수       |600     |2018-01-01 |[null]   |202    |
|9911   |박재한          |mitshowme    |교수       |500     |2018-01-01 |[null]   |202    |
|9916   |고양이를연구하던미치광이 |mylifeforCAT |고양이연구원   |9999999 |2020-02-20 |10101010 |102    |
|-------|-------------|-------------|---------|--------|-----------|---------|-------|

[DEBUG] 24-10-25 17:18:53 [selectList:135] - <==      Total: 10
[INFO ] 24-10-25 17:18:53 [MyInterceptor:112] - - 실행시간 : 85 ms
[INFO ] 24-10-25 17:18:55 [MyInterceptor:42] - ------------------new client connect ------------------
[INFO ] 24-10-25 17:18:55 [MyInterceptor:59] - [Client] 0:0:0:0:0:0:0:1 Other Windows 10 Chrome
[INFO ] 24-10-25 17:18:55 [MyInterceptor:76] - [GET] http://localhost:8080/student
[INFO ] 24-10-25 17:18:55 [MyInterceptor:94] - - REFERER : time=2485, url=http://localhost:8080/professor
[DEBUG] 24-10-25 17:18:55 [selectList:135] - ==>  Preparing: SELECT studno, name, userid, grade, idnum, DATE_FORMAT(birthdate, '%Y-%m-%d') AS birthdate, tel, height, weight, deptno, profno FROM student s
[DEBUG] 24-10-25 17:18:55 [selectList:135] - ==> Parameters: 
[INFO ] 24-10-25 17:18:55 [sqlonly:228] - SELECT studno, name, userid, grade, idnum, DATE_FORMAT(birthdate, '%Y-%m-%d') AS birthdate, tel, height, weight, deptno, profno FROM student s

[INFO ] 24-10-25 17:18:55 [resultsettable:610] - 
|-------|-----|----------|------|--------------|-----------|-------------|-------|-------|-------|-------|
|studno |name |userid    |grade |idnum         |birthdate  |tel          |height |weight |deptno |profno |
|-------|-----|----------|------|--------------|-----------|-------------|-------|-------|-------|-------|
|10101  |전인하  |jun123    |4     |7907021369824 |1979-07-02 |051)781-2158 |176    |72     |101    |9903   |
|10102  |박미경  |ansel414  |1     |8405162123648 |1984-05-16 |055)261-8947 |168    |52     |101    |[null] |
|10103  |김영균  |mandu     |3     |8103211063421 |1981-03-21 |051)824-9637 |170    |88     |101    |9906   |
|10104  |지은경  |gomo00    |2     |8004122298371 |1980-04-12 |055)418-9627 |161    |42     |101    |9907   |
|10105  |임유진  |youjin12  |2     |8301212196482 |1983-01-21 |02)312-9838  |171    |54     |101    |9907   |
|10106  |서재진  |seolly    |1     |8511291186273 |1985-11-29 |051)239-4861 |186    |72     |101    |[null] |
|10107  |이광훈  |huriky    |4     |8109131276431 |1981-09-13 |055)736-4981 |175    |92     |101    |9903   |
|10108  |류민정  |cleansky  |2     |8108192157498 |1981-08-19 |055)248-3679 |162    |72     |101    |9907   |
|10201  |김진영  |simply    |2     |8206062186327 |1982-06-06 |055)419-6328 |164    |48     |102    |9905   |
|10202  |오유석  |yousuk    |4     |7709121128379 |1977-09-12 |051)724-9618 |177    |92     |102    |9905   |
|10203  |하나리  |hanal     |1     |8501092378641 |1985-01-09 |055)296-3784 |160    |68     |102    |[null] |
|10204  |윤진욱  |samba7    |3     |7904021358671 |1979-04-02 |053)487-2698 |171    |70     |102    |9905   |
|20101  |이동훈  |dals      |1     |8312101128467 |1983-12-10 |055)426-1752 |172    |64     |201    |[null] |
|20102  |박동진  |ping2     |1     |8511241639826 |1985-11-24 |051)742-6384 |182    |70     |201    |[null] |
|20103  |박재한  |mitshowme |4     |9706231123016 |1997-06-23 |010)123-4567 |178    |60     |202    |[null] |
|-------|-----|----------|------|--------------|-----------|-------------|-------|-------|-------|-------|

[DEBUG] 24-10-25 17:18:55 [selectList:135] - <==      Total: 15
[INFO ] 24-10-25 17:18:55 [MyInterceptor:112] - - 실행시간 : 78 ms
[INFO ] 24-10-25 17:18:56 [MyInterceptor:42] - ------------------new client connect ------------------
[INFO ] 24-10-25 17:18:56 [MyInterceptor:59] - [Client] 0:0:0:0:0:0:0:1 Other Windows 10 Chrome
[INFO ] 24-10-25 17:18:56 [MyInterceptor:76] - [GET] http://localhost:8080/professor
[INFO ] 24-10-25 17:18:56 [MyInterceptor:94] - - REFERER : time=815, url=http://localhost:8080/student
[DEBUG] 24-10-25 17:18:56 [selectList:135] - ==>  Preparing: SELECT profno, name, userid, position, sal, DATE_FORMAT(hiredate, '%Y-%m-%d') AS hiredate, comm, deptno FROM professor p
[DEBUG] 24-10-25 17:18:56 [selectList:135] - ==> Parameters: 
[INFO ] 24-10-25 17:18:56 [sqlonly:228] - SELECT profno, name, userid, position, sal, DATE_FORMAT(hiredate, '%Y-%m-%d') AS hiredate, comm, deptno FROM professor p

[INFO ] 24-10-25 17:18:56 [resultsettable:610] - 
|-------|-------------|-------------|---------|--------|-----------|---------|-------|
|profno |name         |userid       |position |sal     |hiredate   |comm     |deptno |
|-------|-------------|-------------|---------|--------|-----------|---------|-------|
|9901   |김도훈          |capool       |교수       |500     |1982-06-12 |20       |101    |
|9902   |이재우          |sweat413     |조교수      |320     |1995-04-12 |[null]   |201    |
|9903   |성연희          |pascal       |조교수      |360     |1993-03-17 |15       |101    |
|9904   |염일웅          |blue77       |전임강사     |240     |1998-10-11 |[null]   |102    |
|9905   |권혁일          |refresh      |교수       |450     |1986-02-11 |25       |102    |
|9906   |이만식          |pocari       |부교수      |420     |1988-07-11 |[null]   |101    |
|9907   |전은지          |totoro       |전임강사     |210     |2001-05-11 |[null]   |101    |
|9908   |박송은          |fpfl123      |교수       |600     |2018-01-01 |[null]   |202    |
|9911   |박재한          |mitshowme    |교수       |500     |2018-01-01 |[null]   |202    |
|9916   |고양이를연구하던미치광이 |mylifeforCAT |고양이연구원   |9999999 |2020-02-20 |10101010 |102    |
|-------|-------------|-------------|---------|--------|-----------|---------|-------|

[DEBUG] 24-10-25 17:18:56 [selectList:135] - <==      Total: 10
[INFO ] 24-10-25 17:18:56 [MyInterceptor:112] - - 실행시간 : 55 ms
[INFO ] 24-10-25 17:19:07 [MyInterceptor:42] - ------------------new client connect ------------------
[INFO ] 24-10-25 17:19:07 [MyInterceptor:59] - [Client] 0:0:0:0:0:0:0:1 Other Windows 10 Chrome
[INFO ] 24-10-25 17:19:07 [MyInterceptor:76] - [GET] http://localhost:8080/student
[INFO ] 24-10-25 17:19:07 [MyInterceptor:94] - - REFERER : time=10904, url=http://localhost:8080/professor
[DEBUG] 24-10-25 17:19:07 [selectList:135] - ==>  Preparing: SELECT studno, name, userid, grade, idnum, DATE_FORMAT(birthdate, '%Y-%m-%d') AS birthdate, tel, height, weight, deptno, profno FROM student s
[DEBUG] 24-10-25 17:19:07 [selectList:135] - ==> Parameters: 
[INFO ] 24-10-25 17:19:07 [sqlonly:228] - SELECT studno, name, userid, grade, idnum, DATE_FORMAT(birthdate, '%Y-%m-%d') AS birthdate, tel, height, weight, deptno, profno FROM student s

[INFO ] 24-10-25 17:19:07 [resultsettable:610] - 
|-------|-----|----------|------|--------------|-----------|-------------|-------|-------|-------|-------|
|studno |name |userid    |grade |idnum         |birthdate  |tel          |height |weight |deptno |profno |
|-------|-----|----------|------|--------------|-----------|-------------|-------|-------|-------|-------|
|10101  |전인하  |jun123    |4     |7907021369824 |1979-07-02 |051)781-2158 |176    |72     |101    |9903   |
|10102  |박미경  |ansel414  |1     |8405162123648 |1984-05-16 |055)261-8947 |168    |52     |101    |[null] |
|10103  |김영균  |mandu     |3     |8103211063421 |1981-03-21 |051)824-9637 |170    |88     |101    |9906   |
|10104  |지은경  |gomo00    |2     |8004122298371 |1980-04-12 |055)418-9627 |161    |42     |101    |9907   |
|10105  |임유진  |youjin12  |2     |8301212196482 |1983-01-21 |02)312-9838  |171    |54     |101    |9907   |
|10106  |서재진  |seolly    |1     |8511291186273 |1985-11-29 |051)239-4861 |186    |72     |101    |[null] |
|10107  |이광훈  |huriky    |4     |8109131276431 |1981-09-13 |055)736-4981 |175    |92     |101    |9903   |
|10108  |류민정  |cleansky  |2     |8108192157498 |1981-08-19 |055)248-3679 |162    |72     |101    |9907   |
|10201  |김진영  |simply    |2     |8206062186327 |1982-06-06 |055)419-6328 |164    |48     |102    |9905   |
|10202  |오유석  |yousuk    |4     |7709121128379 |1977-09-12 |051)724-9618 |177    |92     |102    |9905   |
|10203  |하나리  |hanal     |1     |8501092378641 |1985-01-09 |055)296-3784 |160    |68     |102    |[null] |
|10204  |윤진욱  |samba7    |3     |7904021358671 |1979-04-02 |053)487-2698 |171    |70     |102    |9905   |
|20101  |이동훈  |dals      |1     |8312101128467 |1983-12-10 |055)426-1752 |172    |64     |201    |[null] |
|20102  |박동진  |ping2     |1     |8511241639826 |1985-11-24 |051)742-6384 |182    |70     |201    |[null] |
|20103  |박재한  |mitshowme |4     |9706231123016 |1997-06-23 |010)123-4567 |178    |60     |202    |[null] |
|-------|-----|----------|------|--------------|-----------|-------------|-------|-------|-------|-------|

[DEBUG] 24-10-25 17:19:07 [selectList:135] - <==      Total: 15
[INFO ] 24-10-25 17:19:07 [MyInterceptor:112] - - 실행시간 : 47 ms
[INFO ] 24-10-25 17:19:15 [MyInterceptor:42] - ------------------new client connect ------------------
[INFO ] 24-10-25 17:19:15 [MyInterceptor:59] - [Client] 0:0:0:0:0:0:0:1 Other Windows 10 Chrome
[INFO ] 24-10-25 17:19:15 [MyInterceptor:76] - [GET] http://localhost:8080/department
[INFO ] 24-10-25 17:19:15 [MyInterceptor:94] - - REFERER : time=7850, url=http://localhost:8080/student
[DEBUG] 24-10-25 17:19:15 [selectList:135] - ==>  Preparing: SELECT deptno, dname, loc FROM department ORDER BY deptno DESC
[DEBUG] 24-10-25 17:19:15 [selectList:135] - ==> Parameters: 
[INFO ] 24-10-25 17:19:15 [sqlonly:228] - SELECT deptno, dname, loc FROM department ORDER BY deptno DESC

[INFO ] 24-10-25 17:19:15 [resultsettable:610] - 
|-------|--------|-------|
|deptno |dname   |loc    |
|-------|--------|-------|
|217    |테스트학과   |테스트강의실 |
|216    |테스트학과   |테스트강의실 |
|215    |테스트학과   |테스트강의실 |
|214    |테스트학과   |테스트강의실 |
|213    |테스트학과   |테스트강의실 |
|212    |테스트학과   |테스트강의실 |
|211    |테스트학과   |테스트강의실 |
|210    |테스트학과   |테스트강의실 |
|209    |테스트학과   |테스트강의실 |
|208    |메가스터디   |강남     |
|206    |오징어심리학과 |내마음속   |
|205    |목탁디자인학과 |개불     |
|202    |기계공학과   |4호관    |
|201    |전자공학과   |3호관    |
|102    |테스트학과   |테스트강의실 |
|101    |컴퓨터공학과  |1호관    |
|-------|--------|-------|

[DEBUG] 24-10-25 17:19:15 [selectList:135] - <==      Total: 16
[INFO ] 24-10-25 17:19:15 [MyInterceptor:112] - - 실행시간 : 31 ms
[INFO ] 24-10-25 17:19:18 [MyInterceptor:42] - ------------------new client connect ------------------
[INFO ] 24-10-25 17:19:18 [MyInterceptor:59] - [Client] 0:0:0:0:0:0:0:1 Other Windows 10 Chrome
[INFO ] 24-10-25 17:19:18 [MyInterceptor:76] - [GET] http://localhost:8080/department/detail/213
[INFO ] 24-10-25 17:19:18 [MyInterceptor:94] - - REFERER : time=3210, url=http://localhost:8080/department
[DEBUG] 24-10-25 17:19:18 [selectItem:135] - ==>  Preparing: SELECT deptno, dname, loc FROM department WHERE deptno = ?
[DEBUG] 24-10-25 17:19:18 [selectItem:135] - ==> Parameters: 213(Integer)
[INFO ] 24-10-25 17:19:18 [sqlonly:228] - SELECT deptno, dname, loc FROM department WHERE deptno = 213

[INFO ] 24-10-25 17:19:18 [resultsettable:610] - 
|-------|------|-------|
|deptno |dname |loc    |
|-------|------|-------|
|213    |테스트학과 |테스트강의실 |
|-------|------|-------|

[DEBUG] 24-10-25 17:19:18 [selectItem:135] - <==      Total: 1
[INFO ] 24-10-25 17:19:18 [MyInterceptor:112] - - 실행시간 : 38 ms
[INFO ] 24-10-25 17:19:22 [MyInterceptor:42] - ------------------new client connect ------------------
[INFO ] 24-10-25 17:19:22 [MyInterceptor:59] - [Client] 0:0:0:0:0:0:0:1 Other Windows 10 Chrome
[INFO ] 24-10-25 17:19:22 [MyInterceptor:76] - [GET] http://localhost:8080/department
[INFO ] 24-10-25 17:19:22 [MyInterceptor:94] - - REFERER : time=3853, url=http://localhost:8080/department/detail/213
[DEBUG] 24-10-25 17:19:22 [selectList:135] - ==>  Preparing: SELECT deptno, dname, loc FROM department ORDER BY deptno DESC
[DEBUG] 24-10-25 17:19:22 [selectList:135] - ==> Parameters: 
[INFO ] 24-10-25 17:19:22 [sqlonly:228] - SELECT deptno, dname, loc FROM department ORDER BY deptno DESC

[INFO ] 24-10-25 17:19:22 [resultsettable:610] - 
|-------|--------|-------|
|deptno |dname   |loc    |
|-------|--------|-------|
|217    |테스트학과   |테스트강의실 |
|216    |테스트학과   |테스트강의실 |
|215    |테스트학과   |테스트강의실 |
|214    |테스트학과   |테스트강의실 |
|213    |테스트학과   |테스트강의실 |
|212    |테스트학과   |테스트강의실 |
|211    |테스트학과   |테스트강의실 |
|210    |테스트학과   |테스트강의실 |
|209    |테스트학과   |테스트강의실 |
|208    |메가스터디   |강남     |
|206    |오징어심리학과 |내마음속   |
|205    |목탁디자인학과 |개불     |
|202    |기계공학과   |4호관    |
|201    |전자공학과   |3호관    |
|102    |테스트학과   |테스트강의실 |
|101    |컴퓨터공학과  |1호관    |
|-------|--------|-------|

[DEBUG] 24-10-25 17:19:22 [selectList:135] - <==      Total: 16
[INFO ] 24-10-25 17:19:22 [MyInterceptor:112] - - 실행시간 : 29 ms
[INFO ] 24-10-25 17:19:27 [MyInterceptor:42] - ------------------new client connect ------------------
[INFO ] 24-10-25 17:19:27 [MyInterceptor:59] - [Client] 0:0:0:0:0:0:0:1 Other Windows 10 Chrome
[INFO ] 24-10-25 17:19:27 [MyInterceptor:76] - [GET] http://localhost:8080/professor
[INFO ] 24-10-25 17:19:27 [MyInterceptor:94] - - REFERER : time=5231, url=http://localhost:8080/department
[DEBUG] 24-10-25 17:19:27 [selectList:135] - ==>  Preparing: SELECT profno, name, userid, position, sal, DATE_FORMAT(hiredate, '%Y-%m-%d') AS hiredate, comm, deptno FROM professor p
[DEBUG] 24-10-25 17:19:27 [selectList:135] - ==> Parameters: 
[INFO ] 24-10-25 17:19:27 [sqlonly:228] - SELECT profno, name, userid, position, sal, DATE_FORMAT(hiredate, '%Y-%m-%d') AS hiredate, comm, deptno FROM professor p

[INFO ] 24-10-25 17:19:27 [resultsettable:610] - 
|-------|-------------|-------------|---------|--------|-----------|---------|-------|
|profno |name         |userid       |position |sal     |hiredate   |comm     |deptno |
|-------|-------------|-------------|---------|--------|-----------|---------|-------|
|9901   |김도훈          |capool       |교수       |500     |1982-06-12 |20       |101    |
|9902   |이재우          |sweat413     |조교수      |320     |1995-04-12 |[null]   |201    |
|9903   |성연희          |pascal       |조교수      |360     |1993-03-17 |15       |101    |
|9904   |염일웅          |blue77       |전임강사     |240     |1998-10-11 |[null]   |102    |
|9905   |권혁일          |refresh      |교수       |450     |1986-02-11 |25       |102    |
|9906   |이만식          |pocari       |부교수      |420     |1988-07-11 |[null]   |101    |
|9907   |전은지          |totoro       |전임강사     |210     |2001-05-11 |[null]   |101    |
|9908   |박송은          |fpfl123      |교수       |600     |2018-01-01 |[null]   |202    |
|9911   |박재한          |mitshowme    |교수       |500     |2018-01-01 |[null]   |202    |
|9916   |고양이를연구하던미치광이 |mylifeforCAT |고양이연구원   |9999999 |2020-02-20 |10101010 |102    |
|-------|-------------|-------------|---------|--------|-----------|---------|-------|

[DEBUG] 24-10-25 17:19:27 [selectList:135] - <==      Total: 10
[INFO ] 24-10-25 17:19:27 [MyInterceptor:112] - - 실행시간 : 27 ms
[INFO ] 24-10-25 17:19:28 [MyInterceptor:42] - ------------------new client connect ------------------
[INFO ] 24-10-25 17:19:28 [MyInterceptor:59] - [Client] 0:0:0:0:0:0:0:1 Other Windows 10 Chrome
[INFO ] 24-10-25 17:19:28 [MyInterceptor:76] - [GET] http://localhost:8080/department
[INFO ] 24-10-25 17:19:28 [MyInterceptor:94] - - REFERER : time=655, url=http://localhost:8080/professor
[DEBUG] 24-10-25 17:19:28 [selectList:135] - ==>  Preparing: SELECT deptno, dname, loc FROM department ORDER BY deptno DESC
[DEBUG] 24-10-25 17:19:28 [selectList:135] - ==> Parameters: 
[INFO ] 24-10-25 17:19:28 [sqlonly:228] - SELECT deptno, dname, loc FROM department ORDER BY deptno DESC

[INFO ] 24-10-25 17:19:28 [resultsettable:610] - 
|-------|--------|-------|
|deptno |dname   |loc    |
|-------|--------|-------|
|217    |테스트학과   |테스트강의실 |
|216    |테스트학과   |테스트강의실 |
|215    |테스트학과   |테스트강의실 |
|214    |테스트학과   |테스트강의실 |
|213    |테스트학과   |테스트강의실 |
|212    |테스트학과   |테스트강의실 |
|211    |테스트학과   |테스트강의실 |
|210    |테스트학과   |테스트강의실 |
|209    |테스트학과   |테스트강의실 |
|208    |메가스터디   |강남     |
|206    |오징어심리학과 |내마음속   |
|205    |목탁디자인학과 |개불     |
|202    |기계공학과   |4호관    |
|201    |전자공학과   |3호관    |
|102    |테스트학과   |테스트강의실 |
|101    |컴퓨터공학과  |1호관    |
|-------|--------|-------|

[DEBUG] 24-10-25 17:19:28 [selectList:135] - <==      Total: 16
[INFO ] 24-10-25 17:19:28 [MyInterceptor:112] - - 실행시간 : 26 ms
[INFO ] 24-10-25 17:19:31 [MyInterceptor:42] - ------------------new client connect ------------------
[INFO ] 24-10-25 17:19:31 [MyInterceptor:59] - [Client] 0:0:0:0:0:0:0:1 Other Windows 10 Chrome
[INFO ] 24-10-25 17:19:31 [MyInterceptor:76] - [GET] http://localhost:8080/department/detail/209
[INFO ] 24-10-25 17:19:31 [MyInterceptor:94] - - REFERER : time=3222, url=http://localhost:8080/department
[DEBUG] 24-10-25 17:19:31 [selectItem:135] - ==>  Preparing: SELECT deptno, dname, loc FROM department WHERE deptno = ?
[DEBUG] 24-10-25 17:19:31 [selectItem:135] - ==> Parameters: 209(Integer)
[INFO ] 24-10-25 17:19:31 [sqlonly:228] - SELECT deptno, dname, loc FROM department WHERE deptno = 209

[INFO ] 24-10-25 17:19:31 [resultsettable:610] - 
|-------|------|-------|
|deptno |dname |loc    |
|-------|------|-------|
|209    |테스트학과 |테스트강의실 |
|-------|------|-------|

[DEBUG] 24-10-25 17:19:31 [selectItem:135] - <==      Total: 1
[INFO ] 24-10-25 17:19:31 [MyInterceptor:112] - - 실행시간 : 25 ms
[WARN ] 24-10-25 17:19:35 [DefaultHandlerExceptionResolver:247] - Resolved [org.springframework.web.HttpRequestMethodNotSupportedException: Request method 'GET' is not supported]
[INFO ] 24-10-25 17:19:40 [MyInterceptor:42] - ------------------new client connect ------------------
[INFO ] 24-10-25 17:19:40 [MyInterceptor:59] - [Client] 0:0:0:0:0:0:0:1 Other Windows 10 Chrome
[INFO ] 24-10-25 17:19:40 [MyInterceptor:76] - [GET] http://localhost:8080/department
[INFO ] 24-10-25 17:19:40 [MyInterceptor:94] - - REFERER : time=8479, url=http://localhost:8080/department/detail/209
[DEBUG] 24-10-25 17:19:40 [selectList:135] - ==>  Preparing: SELECT deptno, dname, loc FROM department ORDER BY deptno DESC
[DEBUG] 24-10-25 17:19:40 [selectList:135] - ==> Parameters: 
[INFO ] 24-10-25 17:19:40 [sqlonly:228] - SELECT deptno, dname, loc FROM department ORDER BY deptno DESC

[INFO ] 24-10-25 17:19:40 [resultsettable:610] - 
|-------|--------|-------|
|deptno |dname   |loc    |
|-------|--------|-------|
|217    |테스트학과   |테스트강의실 |
|216    |테스트학과   |테스트강의실 |
|215    |테스트학과   |테스트강의실 |
|214    |테스트학과   |테스트강의실 |
|213    |테스트학과   |테스트강의실 |
|212    |테스트학과   |테스트강의실 |
|211    |테스트학과   |테스트강의실 |
|210    |테스트학과   |테스트강의실 |
|209    |테스트학과   |테스트강의실 |
|208    |메가스터디   |강남     |
|206    |오징어심리학과 |내마음속   |
|205    |목탁디자인학과 |개불     |
|202    |기계공학과   |4호관    |
|201    |전자공학과   |3호관    |
|102    |테스트학과   |테스트강의실 |
|101    |컴퓨터공학과  |1호관    |
|-------|--------|-------|

[DEBUG] 24-10-25 17:19:40 [selectList:135] - <==      Total: 16
[INFO ] 24-10-25 17:19:40 [MyInterceptor:112] - - 실행시간 : 26 ms
[INFO ] 24-10-25 17:26:16 [MyInterceptor:42] - ------------------new client connect ------------------
[INFO ] 24-10-25 17:26:16 [MyInterceptor:59] - [Client] 0:0:0:0:0:0:0:1 Other Windows 10 Chrome
[INFO ] 24-10-25 17:26:16 [MyInterceptor:76] - [GET] http://localhost:8080/department/add
[INFO ] 24-10-25 17:26:16 [MyInterceptor:94] - - REFERER : time=396543, url=http://localhost:8080/department
[INFO ] 24-10-25 17:26:16 [MyInterceptor:112] - - 실행시간 : 19 ms
[INFO ] 24-10-25 17:26:18 [MyInterceptor:42] - ------------------new client connect ------------------
[INFO ] 24-10-25 17:26:18 [MyInterceptor:59] - [Client] 0:0:0:0:0:0:0:1 Other Windows 10 Chrome
[INFO ] 24-10-25 17:26:18 [MyInterceptor:76] - [GET] http://localhost:8080/department
[INFO ] 24-10-25 17:26:18 [MyInterceptor:94] - - REFERER : time=1534, url=http://localhost:8080/department/add
[DEBUG] 24-10-25 17:26:18 [selectList:135] - ==>  Preparing: SELECT deptno, dname, loc FROM department ORDER BY deptno DESC
[DEBUG] 24-10-25 17:26:18 [selectList:135] - ==> Parameters: 
[INFO ] 24-10-25 17:26:18 [sqlonly:228] - SELECT deptno, dname, loc FROM department ORDER BY deptno DESC

[INFO ] 24-10-25 17:26:18 [resultsettable:610] - 
|-------|--------|-------|
|deptno |dname   |loc    |
|-------|--------|-------|
|217    |테스트학과   |테스트강의실 |
|216    |테스트학과   |테스트강의실 |
|215    |테스트학과   |테스트강의실 |
|214    |테스트학과   |테스트강의실 |
|213    |테스트학과   |테스트강의실 |
|212    |테스트학과   |테스트강의실 |
|211    |테스트학과   |테스트강의실 |
|210    |테스트학과   |테스트강의실 |
|209    |테스트학과   |테스트강의실 |
|208    |메가스터디   |강남     |
|206    |오징어심리학과 |내마음속   |
|205    |목탁디자인학과 |개불     |
|202    |기계공학과   |4호관    |
|201    |전자공학과   |3호관    |
|102    |테스트학과   |테스트강의실 |
|101    |컴퓨터공학과  |1호관    |
|-------|--------|-------|

[DEBUG] 24-10-25 17:26:18 [selectList:135] - <==      Total: 16
[INFO ] 24-10-25 17:26:18 [MyInterceptor:112] - - 실행시간 : 21 ms
[WARN ] 24-10-25 17:26:26 [DefaultHandlerExceptionResolver:247] - Resolved [org.springframework.web.HttpRequestMethodNotSupportedException: Request method 'GET' is not supported]
[INFO ] 24-10-25 17:27:17 [DatabaseApplication:50] - Starting DatabaseApplication using Java 17.0.2 with PID 32532 (C:\Users\user\Desktop\HOME\08_SpringBoot\08_Database\build\classes\java\main started by user in C:\Users\user\Desktop\HOME\08_SpringBoot\08_Database)
[DEBUG] 24-10-25 17:27:17 [DatabaseApplication:51] - Running with Spring Boot v3.3.4, Spring v6.1.13
[INFO ] 24-10-25 17:27:17 [DatabaseApplication:654] - No active profile set, falling back to 1 default profile: "default"
[DEBUG] 24-10-25 17:27:18 [LogFactory:109] - Logging initialized using 'class org.apache.ibatis.logging.slf4j.Slf4jImpl' adapter.
[INFO ] 24-10-25 17:27:20 [DatabaseApplication:56] - Started DatabaseApplication in 3.007 seconds (process running for 3.795)
[INFO ] 24-10-25 17:27:23 [MyInterceptor:42] - ------------------new client connect ------------------
[INFO ] 24-10-25 17:27:23 [MyInterceptor:59] - [Client] 0:0:0:0:0:0:0:1 Other Windows 10 Chrome
[INFO ] 24-10-25 17:27:23 [MyInterceptor:76] - [GET] http://localhost:8080/department
[DEBUG] 24-10-25 17:27:23 [selectList:135] - ==>  Preparing: SELECT deptno, dname, loc FROM department ORDER BY deptno DESC
[DEBUG] 24-10-25 17:27:23 [selectList:135] - ==> Parameters: 
[INFO ] 24-10-25 17:27:23 [sqlonly:228] - SELECT deptno, dname, loc FROM department ORDER BY deptno DESC

[INFO ] 24-10-25 17:27:23 [resultsettable:610] - 
|-------|--------|-------|
|deptno |dname   |loc    |
|-------|--------|-------|
|217    |테스트학과   |테스트강의실 |
|216    |테스트학과   |테스트강의실 |
|215    |테스트학과   |테스트강의실 |
|214    |테스트학과   |테스트강의실 |
|213    |테스트학과   |테스트강의실 |
|212    |테스트학과   |테스트강의실 |
|211    |테스트학과   |테스트강의실 |
|210    |테스트학과   |테스트강의실 |
|209    |테스트학과   |테스트강의실 |
|208    |메가스터디   |강남     |
|206    |오징어심리학과 |내마음속   |
|205    |목탁디자인학과 |개불     |
|202    |기계공학과   |4호관    |
|201    |전자공학과   |3호관    |
|102    |테스트학과   |테스트강의실 |
|101    |컴퓨터공학과  |1호관    |
|-------|--------|-------|

[DEBUG] 24-10-25 17:27:23 [selectList:135] - <==      Total: 16
[INFO ] 24-10-25 17:27:23 [MyInterceptor:112] - - 실행시간 : 551 ms
[INFO ] 24-10-25 17:27:29 [MyInterceptor:42] - ------------------new client connect ------------------
[INFO ] 24-10-25 17:27:29 [MyInterceptor:59] - [Client] 0:0:0:0:0:0:0:1 Other Windows 10 Chrome
[INFO ] 24-10-25 17:27:29 [MyInterceptor:76] - [GET] http://localhost:8080/department/add
[INFO ] 24-10-25 17:27:29 [MyInterceptor:94] - - REFERER : time=5833, url=http://localhost:8080/department
[INFO ] 24-10-25 17:27:29 [MyInterceptor:112] - - 실행시간 : 53 ms
[INFO ] 24-10-25 17:27:30 [MyInterceptor:42] - ------------------new client connect ------------------
[INFO ] 24-10-25 17:27:30 [MyInterceptor:59] - [Client] 0:0:0:0:0:0:0:1 Other Windows 10 Chrome
[INFO ] 24-10-25 17:27:30 [MyInterceptor:76] - [GET] http://localhost:8080/department
[INFO ] 24-10-25 17:27:30 [MyInterceptor:94] - - REFERER : time=996, url=http://localhost:8080/department/add
[DEBUG] 24-10-25 17:27:30 [selectList:135] - ==>  Preparing: SELECT deptno, dname, loc FROM department ORDER BY deptno DESC
[DEBUG] 24-10-25 17:27:30 [selectList:135] - ==> Parameters: 
[INFO ] 24-10-25 17:27:30 [sqlonly:228] - SELECT deptno, dname, loc FROM department ORDER BY deptno DESC

[INFO ] 24-10-25 17:27:30 [resultsettable:610] - 
|-------|--------|-------|
|deptno |dname   |loc    |
|-------|--------|-------|
|217    |테스트학과   |테스트강의실 |
|216    |테스트학과   |테스트강의실 |
|215    |테스트학과   |테스트강의실 |
|214    |테스트학과   |테스트강의실 |
|213    |테스트학과   |테스트강의실 |
|212    |테스트학과   |테스트강의실 |
|211    |테스트학과   |테스트강의실 |
|210    |테스트학과   |테스트강의실 |
|209    |테스트학과   |테스트강의실 |
|208    |메가스터디   |강남     |
|206    |오징어심리학과 |내마음속   |
|205    |목탁디자인학과 |개불     |
|202    |기계공학과   |4호관    |
|201    |전자공학과   |3호관    |
|102    |테스트학과   |테스트강의실 |
|101    |컴퓨터공학과  |1호관    |
|-------|--------|-------|

[DEBUG] 24-10-25 17:27:30 [selectList:135] - <==      Total: 16
[INFO ] 24-10-25 17:27:30 [MyInterceptor:112] - - 실행시간 : 65 ms
[INFO ] 24-10-25 17:27:35 [MyInterceptor:42] - ------------------new client connect ------------------
[INFO ] 24-10-25 17:27:35 [MyInterceptor:59] - [Client] 0:0:0:0:0:0:0:1 Other Windows 10 Chrome
[INFO ] 24-10-25 17:27:35 [MyInterceptor:76] - [GET] http://localhost:8080/department/detail/209
[INFO ] 24-10-25 17:27:35 [MyInterceptor:94] - - REFERER : time=5217, url=http://localhost:8080/department
[DEBUG] 24-10-25 17:27:35 [selectItem:135] - ==>  Preparing: SELECT deptno, dname, loc FROM department WHERE deptno = ?
[DEBUG] 24-10-25 17:27:35 [selectItem:135] - ==> Parameters: 209(Integer)
[INFO ] 24-10-25 17:27:35 [sqlonly:228] - SELECT deptno, dname, loc FROM department WHERE deptno = 209

[INFO ] 24-10-25 17:27:35 [resultsettable:610] - 
|-------|------|-------|
|deptno |dname |loc    |
|-------|------|-------|
|209    |테스트학과 |테스트강의실 |
|-------|------|-------|

[DEBUG] 24-10-25 17:27:35 [selectItem:135] - <==      Total: 1
[INFO ] 24-10-25 17:27:35 [MyInterceptor:112] - - 실행시간 : 67 ms
[INFO ] 24-10-25 17:27:37 [MyInterceptor:42] - ------------------new client connect ------------------
[INFO ] 24-10-25 17:27:37 [MyInterceptor:59] - [Client] 0:0:0:0:0:0:0:1 Other Windows 10 Chrome
[INFO ] 24-10-25 17:27:37 [MyInterceptor:76] - [GET] http://localhost:8080/department/delete/209
[INFO ] 24-10-25 17:27:37 [MyInterceptor:94] - - REFERER : time=1917, url=http://localhost:8080/department/detail/209
[INFO ] 24-10-25 17:27:37 [MyInterceptor:112] - - 실행시간 : 21 ms
[INFO ] 24-10-25 17:27:42 [MyInterceptor:42] - ------------------new client connect ------------------
[INFO ] 24-10-25 17:27:42 [MyInterceptor:59] - [Client] 0:0:0:0:0:0:0:1 Other Windows 10 Chrome
[INFO ] 24-10-25 17:27:42 [MyInterceptor:76] - [GET] http://localhost:8080/department
[INFO ] 24-10-25 17:27:42 [MyInterceptor:94] - - REFERER : time=4345, url=http://localhost:8080/department/detail/209
[DEBUG] 24-10-25 17:27:42 [selectList:135] - ==>  Preparing: SELECT deptno, dname, loc FROM department ORDER BY deptno DESC
[DEBUG] 24-10-25 17:27:42 [selectList:135] - ==> Parameters: 
[INFO ] 24-10-25 17:27:42 [sqlonly:228] - SELECT deptno, dname, loc FROM department ORDER BY deptno DESC

[INFO ] 24-10-25 17:27:42 [resultsettable:610] - 
|-------|--------|-------|
|deptno |dname   |loc    |
|-------|--------|-------|
|217    |테스트학과   |테스트강의실 |
|216    |테스트학과   |테스트강의실 |
|215    |테스트학과   |테스트강의실 |
|214    |테스트학과   |테스트강의실 |
|213    |테스트학과   |테스트강의실 |
|212    |테스트학과   |테스트강의실 |
|211    |테스트학과   |테스트강의실 |
|210    |테스트학과   |테스트강의실 |
|209    |테스트학과   |테스트강의실 |
|208    |메가스터디   |강남     |
|206    |오징어심리학과 |내마음속   |
|205    |목탁디자인학과 |개불     |
|202    |기계공학과   |4호관    |
|201    |전자공학과   |3호관    |
|102    |테스트학과   |테스트강의실 |
|101    |컴퓨터공학과  |1호관    |
|-------|--------|-------|

[DEBUG] 24-10-25 17:27:42 [selectList:135] - <==      Total: 16
[INFO ] 24-10-25 17:27:42 [MyInterceptor:112] - - 실행시간 : 31 ms
[INFO ] 24-10-25 17:27:46 [MyInterceptor:42] - ------------------new client connect ------------------
[INFO ] 24-10-25 17:27:46 [MyInterceptor:59] - [Client] 0:0:0:0:0:0:0:1 Other Windows 10 Chrome
[INFO ] 24-10-25 17:27:46 [MyInterceptor:76] - [GET] http://localhost:8080/department/delete/208
[INFO ] 24-10-25 17:27:46 [MyInterceptor:94] - - REFERER : time=3946, url=http://localhost:8080/department
[INFO ] 24-10-25 17:27:46 [MyInterceptor:112] - - 실행시간 : 23 ms
[INFO ] 24-10-25 17:41:05 [DatabaseApplication:50] - Starting DatabaseApplication using Java 17.0.2 with PID 31664 (C:\Users\user\Desktop\HOME\08_SpringBoot\08_Database\build\classes\java\main started by user in C:\Users\user\Desktop\HOME\08_SpringBoot\08_Database)
[DEBUG] 24-10-25 17:41:05 [DatabaseApplication:51] - Running with Spring Boot v3.3.4, Spring v6.1.13
[INFO ] 24-10-25 17:41:05 [DatabaseApplication:654] - No active profile set, falling back to 1 default profile: "default"
[DEBUG] 24-10-25 17:41:06 [LogFactory:109] - Logging initialized using 'class org.apache.ibatis.logging.slf4j.Slf4jImpl' adapter.
[INFO ] 24-10-25 17:41:07 [DatabaseApplication:56] - Started DatabaseApplication in 3.012 seconds (process running for 3.899)
[INFO ] 24-10-25 17:41:16 [MyInterceptor:42] - ------------------new client connect ------------------
[INFO ] 24-10-25 17:41:17 [MyInterceptor:59] - [Client] 0:0:0:0:0:0:0:1 Other Windows 10 Chrome
[INFO ] 24-10-25 17:41:17 [MyInterceptor:76] - [GET] http://localhost:8080/department
[DEBUG] 24-10-25 17:41:17 [selectList:135] - ==>  Preparing: SELECT deptno, dname, loc FROM department ORDER BY deptno DESC
[DEBUG] 24-10-25 17:41:17 [selectList:135] - ==> Parameters: 
[INFO ] 24-10-25 17:41:17 [sqlonly:228] - SELECT deptno, dname, loc FROM department ORDER BY deptno DESC

[INFO ] 24-10-25 17:41:17 [resultsettable:610] - 
|-------|--------|-------|
|deptno |dname   |loc    |
|-------|--------|-------|
|217    |테스트학과   |테스트강의실 |
|216    |테스트학과   |테스트강의실 |
|215    |테스트학과   |테스트강의실 |
|214    |테스트학과   |테스트강의실 |
|213    |테스트학과   |테스트강의실 |
|212    |테스트학과   |테스트강의실 |
|211    |테스트학과   |테스트강의실 |
|210    |테스트학과   |테스트강의실 |
|209    |테스트학과   |테스트강의실 |
|208    |메가스터디   |강남     |
|206    |오징어심리학과 |내마음속   |
|205    |목탁디자인학과 |개불     |
|202    |기계공학과   |4호관    |
|201    |전자공학과   |3호관    |
|102    |테스트학과   |테스트강의실 |
|101    |컴퓨터공학과  |1호관    |
|-------|--------|-------|

[DEBUG] 24-10-25 17:41:17 [selectList:135] - <==      Total: 16
[INFO ] 24-10-25 17:41:17 [MyInterceptor:112] - - 실행시간 : 509 ms
[INFO ] 24-10-25 17:41:20 [MyInterceptor:42] - ------------------new client connect ------------------
[INFO ] 24-10-25 17:41:20 [MyInterceptor:59] - [Client] 0:0:0:0:0:0:0:1 Other Windows 10 Chrome
[INFO ] 24-10-25 17:41:20 [MyInterceptor:76] - [GET] http://localhost:8080/department/delete/217
[INFO ] 24-10-25 17:41:20 [MyInterceptor:94] - - REFERER : time=3164, url=http://localhost:8080/department
[INFO ] 24-10-25 17:41:20 [MyInterceptor:112] - - 실행시간 : 73 ms
[INFO ] 24-10-25 17:41:23 [MyInterceptor:42] - ------------------new client connect ------------------
[INFO ] 24-10-25 17:41:23 [MyInterceptor:59] - [Client] 0:0:0:0:0:0:0:1 Other Windows 10 Chrome
[INFO ] 24-10-25 17:41:23 [MyInterceptor:76] - [GET] http://localhost:8080/department/delete/217
[INFO ] 24-10-25 17:41:23 [MyInterceptor:94] - - REFERER : time=3227, url=http://localhost:8080/department
[INFO ] 24-10-25 17:41:23 [MyInterceptor:112] - - 실행시간 : 42 ms
[INFO ] 24-10-25 17:47:48 [DatabaseApplication:50] - Starting DatabaseApplication using Java 17.0.2 with PID 24428 (C:\Users\user\Desktop\HOME\08_SpringBoot\08_Database\build\classes\java\main started by user in C:\Users\user\Desktop\HOME\08_SpringBoot\08_Database)
[DEBUG] 24-10-25 17:47:48 [DatabaseApplication:51] - Running with Spring Boot v3.3.4, Spring v6.1.13
[INFO ] 24-10-25 17:47:48 [DatabaseApplication:654] - No active profile set, falling back to 1 default profile: "default"
[DEBUG] 24-10-25 17:47:49 [LogFactory:109] - Logging initialized using 'class org.apache.ibatis.logging.slf4j.Slf4jImpl' adapter.
[INFO ] 24-10-25 17:47:50 [DatabaseApplication:56] - Started DatabaseApplication in 3.006 seconds (process running for 3.712)
[INFO ] 24-10-25 17:47:54 [MyInterceptor:42] - ------------------new client connect ------------------
[INFO ] 24-10-25 17:47:54 [MyInterceptor:59] - [Client] 0:0:0:0:0:0:0:1 Other Windows 10 Chrome
[INFO ] 24-10-25 17:47:54 [MyInterceptor:76] - [GET] http://localhost:8080/department
[DEBUG] 24-10-25 17:47:55 [selectList:135] - ==>  Preparing: SELECT deptno, dname, loc FROM department ORDER BY deptno DESC
[DEBUG] 24-10-25 17:47:55 [selectList:135] - ==> Parameters: 
[INFO ] 24-10-25 17:47:55 [sqlonly:228] - SELECT deptno, dname, loc FROM department ORDER BY deptno DESC

[INFO ] 24-10-25 17:47:55 [resultsettable:610] - 
|-------|--------|-------|
|deptno |dname   |loc    |
|-------|--------|-------|
|217    |테스트학과   |테스트강의실 |
|216    |테스트학과   |테스트강의실 |
|215    |테스트학과   |테스트강의실 |
|214    |테스트학과   |테스트강의실 |
|213    |테스트학과   |테스트강의실 |
|212    |테스트학과   |테스트강의실 |
|211    |테스트학과   |테스트강의실 |
|210    |테스트학과   |테스트강의실 |
|209    |테스트학과   |테스트강의실 |
|208    |메가스터디   |강남     |
|206    |오징어심리학과 |내마음속   |
|205    |목탁디자인학과 |개불     |
|202    |기계공학과   |4호관    |
|201    |전자공학과   |3호관    |
|102    |테스트학과   |테스트강의실 |
|101    |컴퓨터공학과  |1호관    |
|-------|--------|-------|

[DEBUG] 24-10-25 17:47:55 [selectList:135] - <==      Total: 16
[INFO ] 24-10-25 17:47:55 [MyInterceptor:112] - - 실행시간 : 525 ms
[INFO ] 24-10-25 17:47:58 [MyInterceptor:42] - ------------------new client connect ------------------
[INFO ] 24-10-25 17:47:58 [MyInterceptor:59] - [Client] 0:0:0:0:0:0:0:1 Other Windows 10 Chrome
[INFO ] 24-10-25 17:47:58 [MyInterceptor:76] - [GET] http://localhost:8080/department/delete/217
[INFO ] 24-10-25 17:47:58 [MyInterceptor:94] - - REFERER : time=3683, url=http://localhost:8080/department
[DEBUG] 24-10-25 17:47:58 [deleteByDeptno:135] - ==>  Preparing: DELETE FROM student WHERE deptno = ?
[DEBUG] 24-10-25 17:47:58 [deleteByDeptno:135] - ==> Parameters: 217(Integer)
[INFO ] 24-10-25 17:47:58 [sqlonly:228] - DELETE FROM student WHERE deptno = 217

[DEBUG] 24-10-25 17:47:58 [deleteByDeptno:135] - <==    Updates: 0
[DEBUG] 24-10-25 17:47:58 [deleteByDeptno:135] - ==>  Preparing: DELETE FROM professor WHERE deptno = ?
[DEBUG] 24-10-25 17:47:58 [deleteByDeptno:135] - ==> Parameters: 217(Integer)
[INFO ] 24-10-25 17:47:58 [sqlonly:228] - DELETE FROM professor WHERE deptno = 217

[DEBUG] 24-10-25 17:47:58 [deleteByDeptno:135] - <==    Updates: 0
[DEBUG] 24-10-25 17:47:58 [delete:135] - ==>  Preparing: DELETE FROM department WHERE deptno = ?
[DEBUG] 24-10-25 17:47:58 [delete:135] - ==> Parameters: 217(Integer)
[INFO ] 24-10-25 17:47:58 [sqlonly:228] - DELETE FROM department WHERE deptno = 217

[DEBUG] 24-10-25 17:47:58 [delete:135] - <==    Updates: 1
[INFO ] 24-10-25 17:47:58 [MyInterceptor:112] - - 실행시간 : 103 ms
[INFO ] 24-10-25 17:48:00 [MyInterceptor:42] - ------------------new client connect ------------------
[INFO ] 24-10-25 17:48:00 [MyInterceptor:59] - [Client] 0:0:0:0:0:0:0:1 Other Windows 10 Chrome
[INFO ] 24-10-25 17:48:00 [MyInterceptor:76] - [GET] http://localhost:8080/department
[INFO ] 24-10-25 17:48:00 [MyInterceptor:94] - - REFERER : time=1089, url=http://localhost:8080/department/delete/217
[DEBUG] 24-10-25 17:48:00 [selectList:135] - ==>  Preparing: SELECT deptno, dname, loc FROM department ORDER BY deptno DESC
[DEBUG] 24-10-25 17:48:00 [selectList:135] - ==> Parameters: 
[INFO ] 24-10-25 17:48:00 [sqlonly:228] - SELECT deptno, dname, loc FROM department ORDER BY deptno DESC

[INFO ] 24-10-25 17:48:00 [resultsettable:610] - 
|-------|--------|-------|
|deptno |dname   |loc    |
|-------|--------|-------|
|216    |테스트학과   |테스트강의실 |
|215    |테스트학과   |테스트강의실 |
|214    |테스트학과   |테스트강의실 |
|213    |테스트학과   |테스트강의실 |
|212    |테스트학과   |테스트강의실 |
|211    |테스트학과   |테스트강의실 |
|210    |테스트학과   |테스트강의실 |
|209    |테스트학과   |테스트강의실 |
|208    |메가스터디   |강남     |
|206    |오징어심리학과 |내마음속   |
|205    |목탁디자인학과 |개불     |
|202    |기계공학과   |4호관    |
|201    |전자공학과   |3호관    |
|102    |테스트학과   |테스트강의실 |
|101    |컴퓨터공학과  |1호관    |
|-------|--------|-------|

[DEBUG] 24-10-25 17:48:00 [selectList:135] - <==      Total: 15
[INFO ] 24-10-25 17:48:00 [MyInterceptor:112] - - 실행시간 : 74 ms
