[INFO ] 24-10-29 09:45:48 [DatabaseApplication:50] - Starting DatabaseApplication using Java 17.0.2 with PID 30132 (C:\Users\user\Desktop\HOME\08_SpringBoot\08_Database\build\classes\java\main started by user in C:\Users\user\Desktop\HOME\08_SpringBoot\08_Database)
[DEBUG] 24-10-29 09:45:48 [DatabaseApplication:51] - Running with Spring Boot v3.3.4, Spring v6.1.13
[INFO ] 24-10-29 09:45:48 [DatabaseApplication:654] - No active profile set, falling back to 1 default profile: "default"
[DEBUG] 24-10-29 09:45:51 [LogFactory:109] - Logging initialized using 'class org.apache.ibatis.logging.slf4j.Slf4jImpl' adapter.
[INFO ] 24-10-29 09:45:53 [DatabaseApplication:56] - Started DatabaseApplication in 5.586 seconds (process running for 8.454)
[INFO ] 24-10-29 09:46:22 [DatabaseApplication:50] - Starting DatabaseApplication using Java 17.0.2 with PID 14996 (C:\Users\user\Desktop\HOME\08_SpringBoot\08_Database\build\classes\java\main started by user in C:\Users\user\Desktop\HOME\08_SpringBoot\08_Database)
[DEBUG] 24-10-29 09:46:22 [DatabaseApplication:51] - Running with Spring Boot v3.3.4, Spring v6.1.13
[INFO ] 24-10-29 09:46:22 [DatabaseApplication:654] - No active profile set, falling back to 1 default profile: "default"
[DEBUG] 24-10-29 09:46:23 [LogFactory:109] - Logging initialized using 'class org.apache.ibatis.logging.slf4j.Slf4jImpl' adapter.
[INFO ] 24-10-29 09:46:24 [DatabaseApplication:56] - Started DatabaseApplication in 2.922 seconds (process running for 3.765)
[INFO ] 24-10-29 09:46:28 [MyInterceptor:42] - ------------------new client connect ------------------
[INFO ] 24-10-29 09:46:28 [MyInterceptor:59] - [Client] 0:0:0:0:0:0:0:1 Other Windows 10 Chrome
[INFO ] 24-10-29 09:46:28 [MyInterceptor:76] - [GET] http://localhost:8080/
[DEBUG] 24-10-29 09:46:28 [selectCount:135] - ==>  Preparing: SELECT COUNT(*) FROM department
[DEBUG] 24-10-29 09:46:28 [selectCount:135] - ==> Parameters: 
[INFO ] 24-10-29 09:46:28 [sqlonly:228] - SELECT COUNT(*) FROM department

[INFO ] 24-10-29 09:46:29 [resultsettable:610] - 
|---------|
|count(*) |
|---------|
|14       |
|---------|

[DEBUG] 24-10-29 09:46:29 [selectCount:135] - <==      Total: 1
[DEBUG] 24-10-29 09:46:29 [Pagination:78] - Pagination(nowPage=1, totalCount=14, listCount=10, groupCount=5, totalPage=2, startPage=1, endPage=2, prevPage=0, nextPage=0, offset=0)
[DEBUG] 24-10-29 09:46:29 [selectList:135] - ==>  Preparing: SELECT deptno, dname, loc FROM department ORDER BY deptno DESC LIMIT ?, ?
[DEBUG] 24-10-29 09:46:29 [selectList:135] - ==> Parameters: 0(Integer), 10(Integer)
[INFO ] 24-10-29 09:46:29 [sqlonly:228] - SELECT deptno, dname, loc FROM department   ORDER BY deptno DESC LIMIT 0, 10

[INFO ] 24-10-29 09:46:29 [resultsettable:610] - 
|-------|--------|-------|
|deptno |dname   |loc    |
|-------|--------|-------|
|215    |테스트학과   |테스트강의실 |
|214    |테스트학과   |테스트강의실 |
|213    |테스트학과   |테스트강의실 |
|212    |테스트학과   |테스트강의실 |
|211    |테스트학과   |테스트강의실 |
|210    |테스트학과   |테스트강의실 |
|209    |테스트학과   |테스트강의실 |
|208    |메가스터디   |강남     |
|206    |오징어심리학과 |내마음속   |
|205    |목탁디자인학과 |개불     |
|-------|--------|-------|

[DEBUG] 24-10-29 09:46:29 [selectList:135] - <==      Total: 10
[INFO ] 24-10-29 09:46:29 [MyInterceptor:112] - - 실행시간 : 715 ms
[INFO ] 24-10-29 09:46:31 [MyInterceptor:42] - ------------------new client connect ------------------
[INFO ] 24-10-29 09:46:31 [MyInterceptor:59] - [Client] 0:0:0:0:0:0:0:1 Other Windows 10 Chrome
[INFO ] 24-10-29 09:46:31 [MyInterceptor:76] - [GET] http://localhost:8080/student
[INFO ] 24-10-29 09:46:31 [MyInterceptor:94] - - REFERER : time=2091, url=http://localhost:8080/
[DEBUG] 24-10-29 09:46:31 [selectCount:135] - ==>  Preparing: SELECT COUNT(*) AS cnt FROM student s INNER JOIN department d ON s.deptno = d.deptno INNER JOIN professor p ON s.profno = p.profno
[DEBUG] 24-10-29 09:46:31 [selectCount:135] - ==> Parameters: 
[INFO ] 24-10-29 09:46:31 [sqlonly:228] - SELECT COUNT(*) AS cnt FROM student s INNER JOIN department d ON s.deptno = d.deptno INNER JOIN professor p ON s.profno = p.profno

[INFO ] 24-10-29 09:46:31 [resultsettable:610] - 
|----|
|cnt |
|----|
|18  |
|----|

[DEBUG] 24-10-29 09:46:31 [selectCount:135] - <==      Total: 1
[DEBUG] 24-10-29 09:46:31 [Pagination:78] - Pagination(nowPage=1, totalCount=18, listCount=10, groupCount=5, totalPage=2, startPage=1, endPage=2, prevPage=0, nextPage=0, offset=0)
[DEBUG] 24-10-29 09:46:31 [selectList:135] - ==>  Preparing: SELECT s.studno, s.name, s.userid, s.grade, s.idnum, DATE_FORMAT(s.birthdate, '%Y-%m-%d') AS birthdate, s.tel, s.height, s.weight, s.deptno, s.profno ,dname, p.name AS pname FROM student s INNER JOIN department d ON s.deptno = d.deptno INNER JOIN professor p ON s.profno = p.profno ORDER BY s.studno DESC LIMIT ?, ?
[DEBUG] 24-10-29 09:46:31 [selectList:135] - ==> Parameters: 0(Integer), 10(Integer)
[INFO ] 24-10-29 09:46:31 [sqlonly:228] - SELECT s.studno, s.name, s.userid, s.grade, s.idnum, DATE_FORMAT(s.birthdate, '%Y-%m-%d') AS birthdate, s.tel, s.height, s.weight, s.deptno, s.profno ,dname, p.name AS pname FROM student s INNER JOIN department d ON s.deptno = d.deptno INNER JOIN professor p ON s.profno = p.profno   ORDER BY s.studno DESC   LIMIT 0, 10

[INFO ] 24-10-29 09:46:31 [resultsettable:610] - 
|-------|-----|----------|------|--------------|-----------|------------|-------|-------|-------|-------|--------|-----|
|studno |name |userid    |grade |idnum         |birthdate  |tel         |height |weight |deptno |profno |dname   |name |
|-------|-----|----------|------|--------------|-----------|------------|-------|-------|-------|-------|--------|-----|
|20117  |박재한  |mitshowme |4     |9706231111111 |1997-06-23 |01089961079 |179    |65     |101    |9908   |컴퓨터공학과  |박송은  |
|20116  |박재한  |mitshowme |4     |9706231111111 |1997-06-23 |01089961079 |179    |65     |101    |9908   |컴퓨터공학과  |박송은  |
|20115  |박재한  |mitshowme |4     |9706231111111 |1997-06-23 |01089961079 |179    |65     |101    |9908   |컴퓨터공학과  |박송은  |
|20114  |박재한  |mitshowme |4     |9706231111111 |1997-06-23 |01089961079 |179    |65     |101    |9908   |컴퓨터공학과  |박송은  |
|20113  |박재한  |mitshowme |4     |9706231111111 |1997-06-23 |01089961079 |179    |65     |101    |9908   |컴퓨터공학과  |박송은  |
|20112  |박재한  |mitshowme |4     |9706231111111 |1997-06-23 |01089961079 |179    |65     |101    |9908   |컴퓨터공학과  |박송은  |
|20111  |박재한  |mitshowme |4     |9706231111111 |1997-06-23 |01089961079 |179    |65     |101    |9908   |컴퓨터공학과  |박송은  |
|20110  |박재한  |mitshowme |4     |9706231111111 |1997-06-23 |01089961079 |179    |65     |101    |9908   |컴퓨터공학과  |박송은  |
|20108  |박재한  |mitshowme |4     |9706231111111 |1997-06-23 |01089961079 |179    |65     |208    |9908   |메가스터디   |박송은  |
|20107  |dddd |dddd      |4     |1111111111111 |2024-10-01 |1111        |1111   |111    |206    |9903   |오징어심리학과 |성연희  |
|-------|-----|----------|------|--------------|-----------|------------|-------|-------|-------|-------|--------|-----|

[DEBUG] 24-10-29 09:46:31 [selectList:135] - <==      Total: 10
[INFO ] 24-10-29 09:46:31 [MyInterceptor:112] - - 실행시간 : 82 ms
[INFO ] 24-10-29 09:46:36 [MyInterceptor:42] - ------------------new client connect ------------------
[INFO ] 24-10-29 09:46:36 [MyInterceptor:59] - [Client] 0:0:0:0:0:0:0:1 Other Windows 10 Chrome
[INFO ] 24-10-29 09:46:36 [MyInterceptor:76] - [GET] http://localhost:8080/department
[INFO ] 24-10-29 09:46:36 [MyInterceptor:94] - - REFERER : time=5287, url=http://localhost:8080/student
[DEBUG] 24-10-29 09:46:36 [selectCount:135] - ==>  Preparing: SELECT COUNT(*) FROM department
[DEBUG] 24-10-29 09:46:36 [selectCount:135] - ==> Parameters: 
[INFO ] 24-10-29 09:46:36 [sqlonly:228] - SELECT COUNT(*) FROM department

[INFO ] 24-10-29 09:46:36 [resultsettable:610] - 
|---------|
|count(*) |
|---------|
|14       |
|---------|

[DEBUG] 24-10-29 09:46:36 [selectCount:135] - <==      Total: 1
[DEBUG] 24-10-29 09:46:36 [Pagination:78] - Pagination(nowPage=1, totalCount=14, listCount=10, groupCount=5, totalPage=2, startPage=1, endPage=2, prevPage=0, nextPage=0, offset=0)
[DEBUG] 24-10-29 09:46:36 [selectList:135] - ==>  Preparing: SELECT deptno, dname, loc FROM department ORDER BY deptno DESC LIMIT ?, ?
[DEBUG] 24-10-29 09:46:36 [selectList:135] - ==> Parameters: 0(Integer), 10(Integer)
[INFO ] 24-10-29 09:46:36 [sqlonly:228] - SELECT deptno, dname, loc FROM department   ORDER BY deptno DESC LIMIT 0, 10

[INFO ] 24-10-29 09:46:36 [resultsettable:610] - 
|-------|--------|-------|
|deptno |dname   |loc    |
|-------|--------|-------|
|215    |테스트학과   |테스트강의실 |
|214    |테스트학과   |테스트강의실 |
|213    |테스트학과   |테스트강의실 |
|212    |테스트학과   |테스트강의실 |
|211    |테스트학과   |테스트강의실 |
|210    |테스트학과   |테스트강의실 |
|209    |테스트학과   |테스트강의실 |
|208    |메가스터디   |강남     |
|206    |오징어심리학과 |내마음속   |
|205    |목탁디자인학과 |개불     |
|-------|--------|-------|

[DEBUG] 24-10-29 09:46:36 [selectList:135] - <==      Total: 10
[INFO ] 24-10-29 09:46:36 [MyInterceptor:112] - - 실행시간 : 66 ms
[INFO ] 24-10-29 09:46:38 [MyInterceptor:42] - ------------------new client connect ------------------
[INFO ] 24-10-29 09:46:38 [MyInterceptor:59] - [Client] 0:0:0:0:0:0:0:1 Other Windows 10 Chrome
[INFO ] 24-10-29 09:46:38 [MyInterceptor:76] - [GET] http://localhost:8080/department/detail/215
[INFO ] 24-10-29 09:46:38 [MyInterceptor:94] - - REFERER : time=2336, url=http://localhost:8080/department
[DEBUG] 24-10-29 09:46:38 [selectItem:135] - ==>  Preparing: SELECT deptno, dname, loc FROM department WHERE deptno = ?
[DEBUG] 24-10-29 09:46:38 [selectItem:135] - ==> Parameters: 215(Integer)
[INFO ] 24-10-29 09:46:38 [sqlonly:228] - SELECT deptno, dname, loc FROM department WHERE deptno = 215

[INFO ] 24-10-29 09:46:38 [resultsettable:610] - 
|-------|------|-------|
|deptno |dname |loc    |
|-------|------|-------|
|215    |테스트학과 |테스트강의실 |
|-------|------|-------|

[DEBUG] 24-10-29 09:46:38 [selectItem:135] - <==      Total: 1
[INFO ] 24-10-29 09:46:38 [MyInterceptor:112] - - 실행시간 : 46 ms
[INFO ] 24-10-29 09:46:41 [MyInterceptor:42] - ------------------new client connect ------------------
[INFO ] 24-10-29 09:46:42 [MyInterceptor:59] - [Client] 0:0:0:0:0:0:0:1 Other Windows 10 Chrome
[INFO ] 24-10-29 09:46:42 [MyInterceptor:76] - [GET] http://localhost:8080/professor
[INFO ] 24-10-29 09:46:42 [MyInterceptor:94] - - REFERER : time=3014, url=http://localhost:8080/department
[DEBUG] 24-10-29 09:46:42 [selectCount:135] - ==>  Preparing: SELECT COUNT(*) AS cnt FROM professor p INNER JOIN department d ON p.deptno = d.deptno
[DEBUG] 24-10-29 09:46:42 [selectCount:135] - ==> Parameters: 
[INFO ] 24-10-29 09:46:42 [sqlonly:228] - SELECT COUNT(*) AS cnt FROM professor p INNER JOIN department d ON p.deptno = d.deptno

[INFO ] 24-10-29 09:46:42 [resultsettable:610] - 
|----|
|cnt |
|----|
|10  |
|----|

[DEBUG] 24-10-29 09:46:42 [selectCount:135] - <==      Total: 1
[DEBUG] 24-10-29 09:46:42 [Pagination:78] - Pagination(nowPage=1, totalCount=10, listCount=10, groupCount=5, totalPage=1, startPage=1, endPage=1, prevPage=0, nextPage=0, offset=0)
[DEBUG] 24-10-29 09:46:42 [selectList:135] - ==>  Preparing: SELECT profno, name, userid, position, sal, hiredate, comm, p.deptno as deptno, dname FROM professor p INNER JOIN department d ON p.deptno = d.deptno ORDER BY profno DESC LIMIT ?, ?
[DEBUG] 24-10-29 09:46:42 [selectList:135] - ==> Parameters: 0(Integer), 10(Integer)
[INFO ] 24-10-29 09:46:42 [sqlonly:228] - SELECT profno, name, userid, position, sal, hiredate, comm, p.deptno as deptno, dname FROM professor p INNER JOIN department d ON p.deptno = d.deptno   ORDER BY profno DESC  LIMIT 0, 10

[INFO ] 24-10-29 09:46:42 [resultsettable:610] - 
|-------|-------------|-------------|---------|--------|--------------------|-----------|-------|--------|
|profno |name         |userid       |position |sal     |hiredate            |comm       |deptno |dname   |
|-------|-------------|-------------|---------|--------|--------------------|-----------|-------|--------|
|9916   |고양이를연구하던미치광이 |mylifeforCAT |교수       |9999999 |2020-02-20 00:00:00 |1010101011 |205    |목탁디자인학과 |
|9911   |박재한          |mitshowme    |교수       |500     |2018-01-01 00:00:00 |[null]     |202    |기계공학과   |
|9908   |박송은          |fpfl123      |교수       |600     |2018-01-01 00:00:00 |[null]     |202    |기계공학과   |
|9907   |전은지          |totoro       |전임강사     |210     |2001-05-11 00:00:00 |[null]     |101    |컴퓨터공학과  |
|9906   |이만식          |pocari       |부교수      |420     |1988-07-11 00:00:00 |[null]     |101    |컴퓨터공학과  |
|9905   |권혁일          |refresh      |교수       |450     |1986-02-11 00:00:00 |25         |102    |테스트학과   |
|9904   |염일웅          |blue77       |전임강사     |240     |1998-10-11 00:00:00 |[null]     |102    |테스트학과   |
|9903   |성연희          |pascal       |조교수      |360     |1993-03-17 00:00:00 |15         |101    |컴퓨터공학과  |
|9902   |이재우          |sweat413     |조교수      |320     |1995-04-12 00:00:00 |[null]     |201    |전자공학과   |
|9901   |김도훈          |capool       |교수       |500     |1982-06-12 00:00:00 |20         |101    |컴퓨터공학과  |
|-------|-------------|-------------|---------|--------|--------------------|-----------|-------|--------|

[DEBUG] 24-10-29 09:46:42 [selectList:135] - <==      Total: 10
[INFO ] 24-10-29 09:46:42 [MyInterceptor:112] - - 실행시간 : 63 ms
[INFO ] 24-10-29 09:46:45 [MyInterceptor:42] - ------------------new client connect ------------------
[INFO ] 24-10-29 09:46:45 [MyInterceptor:59] - [Client] 0:0:0:0:0:0:0:1 Other Windows 10 Chrome
[INFO ] 24-10-29 09:46:45 [MyInterceptor:76] - [GET] http://localhost:8080/professor/detail/9916
[INFO ] 24-10-29 09:46:45 [MyInterceptor:94] - - REFERER : time=3087, url=http://localhost:8080/professor
[DEBUG] 24-10-29 09:46:45 [selectItem:135] - ==>  Preparing: SELECT profno, name, userid, position, sal, DATE_FORMAT(hiredate, '%Y-%m-%d') AS hiredate, comm, p.deptno as deptno, dname FROM professor p INNER JOIN department d ON p.deptno = d.deptno WHERE profno = ?
[DEBUG] 24-10-29 09:46:45 [selectItem:135] - ==> Parameters: 9916(Integer)
[INFO ] 24-10-29 09:46:45 [sqlonly:228] - SELECT profno, name, userid, position, sal, DATE_FORMAT(hiredate, '%Y-%m-%d') AS hiredate, comm, p.deptno as deptno, dname FROM professor p INNER JOIN department d ON p.deptno = d.deptno WHERE profno = 9916

[INFO ] 24-10-29 09:46:45 [resultsettable:610] - 
|-------|-------------|-------------|---------|--------|-----------|-----------|-------|--------|
|profno |name         |userid       |position |sal     |hiredate   |comm       |deptno |dname   |
|-------|-------------|-------------|---------|--------|-----------|-----------|-------|--------|
|9916   |고양이를연구하던미치광이 |mylifeforCAT |교수       |9999999 |2020-02-20 |1010101011 |205    |목탁디자인학과 |
|-------|-------------|-------------|---------|--------|-----------|-----------|-------|--------|

[DEBUG] 24-10-29 09:46:45 [selectItem:135] - <==      Total: 1
[INFO ] 24-10-29 09:46:45 [MyInterceptor:112] - - 실행시간 : 29 ms
[INFO ] 24-10-29 09:46:48 [MyInterceptor:42] - ------------------new client connect ------------------
[INFO ] 24-10-29 09:46:48 [MyInterceptor:59] - [Client] 0:0:0:0:0:0:0:1 Other Windows 10 Chrome
[INFO ] 24-10-29 09:46:48 [MyInterceptor:76] - [GET] http://localhost:8080/student
[INFO ] 24-10-29 09:46:48 [MyInterceptor:94] - - REFERER : time=3120, url=http://localhost:8080/department
[DEBUG] 24-10-29 09:46:48 [selectCount:135] - ==>  Preparing: SELECT COUNT(*) AS cnt FROM student s INNER JOIN department d ON s.deptno = d.deptno INNER JOIN professor p ON s.profno = p.profno
[DEBUG] 24-10-29 09:46:48 [selectCount:135] - ==> Parameters: 
[INFO ] 24-10-29 09:46:48 [sqlonly:228] - SELECT COUNT(*) AS cnt FROM student s INNER JOIN department d ON s.deptno = d.deptno INNER JOIN professor p ON s.profno = p.profno

[INFO ] 24-10-29 09:46:48 [resultsettable:610] - 
|----|
|cnt |
|----|
|18  |
|----|

[DEBUG] 24-10-29 09:46:48 [selectCount:135] - <==      Total: 1
[DEBUG] 24-10-29 09:46:48 [Pagination:78] - Pagination(nowPage=1, totalCount=18, listCount=10, groupCount=5, totalPage=2, startPage=1, endPage=2, prevPage=0, nextPage=0, offset=0)
[DEBUG] 24-10-29 09:46:48 [selectList:135] - ==>  Preparing: SELECT s.studno, s.name, s.userid, s.grade, s.idnum, DATE_FORMAT(s.birthdate, '%Y-%m-%d') AS birthdate, s.tel, s.height, s.weight, s.deptno, s.profno ,dname, p.name AS pname FROM student s INNER JOIN department d ON s.deptno = d.deptno INNER JOIN professor p ON s.profno = p.profno ORDER BY s.studno DESC LIMIT ?, ?
[DEBUG] 24-10-29 09:46:48 [selectList:135] - ==> Parameters: 0(Integer), 10(Integer)
[INFO ] 24-10-29 09:46:48 [sqlonly:228] - SELECT s.studno, s.name, s.userid, s.grade, s.idnum, DATE_FORMAT(s.birthdate, '%Y-%m-%d') AS birthdate, s.tel, s.height, s.weight, s.deptno, s.profno ,dname, p.name AS pname FROM student s INNER JOIN department d ON s.deptno = d.deptno INNER JOIN professor p ON s.profno = p.profno   ORDER BY s.studno DESC   LIMIT 0, 10

[INFO ] 24-10-29 09:46:48 [resultsettable:610] - 
|-------|-----|----------|------|--------------|-----------|------------|-------|-------|-------|-------|--------|-----|
|studno |name |userid    |grade |idnum         |birthdate  |tel         |height |weight |deptno |profno |dname   |name |
|-------|-----|----------|------|--------------|-----------|------------|-------|-------|-------|-------|--------|-----|
|20117  |박재한  |mitshowme |4     |9706231111111 |1997-06-23 |01089961079 |179    |65     |101    |9908   |컴퓨터공학과  |박송은  |
|20116  |박재한  |mitshowme |4     |9706231111111 |1997-06-23 |01089961079 |179    |65     |101    |9908   |컴퓨터공학과  |박송은  |
|20115  |박재한  |mitshowme |4     |9706231111111 |1997-06-23 |01089961079 |179    |65     |101    |9908   |컴퓨터공학과  |박송은  |
|20114  |박재한  |mitshowme |4     |9706231111111 |1997-06-23 |01089961079 |179    |65     |101    |9908   |컴퓨터공학과  |박송은  |
|20113  |박재한  |mitshowme |4     |9706231111111 |1997-06-23 |01089961079 |179    |65     |101    |9908   |컴퓨터공학과  |박송은  |
|20112  |박재한  |mitshowme |4     |9706231111111 |1997-06-23 |01089961079 |179    |65     |101    |9908   |컴퓨터공학과  |박송은  |
|20111  |박재한  |mitshowme |4     |9706231111111 |1997-06-23 |01089961079 |179    |65     |101    |9908   |컴퓨터공학과  |박송은  |
|20110  |박재한  |mitshowme |4     |9706231111111 |1997-06-23 |01089961079 |179    |65     |101    |9908   |컴퓨터공학과  |박송은  |
|20108  |박재한  |mitshowme |4     |9706231111111 |1997-06-23 |01089961079 |179    |65     |208    |9908   |메가스터디   |박송은  |
|20107  |dddd |dddd      |4     |1111111111111 |2024-10-01 |1111        |1111   |111    |206    |9903   |오징어심리학과 |성연희  |
|-------|-----|----------|------|--------------|-----------|------------|-------|-------|-------|-------|--------|-----|

[DEBUG] 24-10-29 09:46:48 [selectList:135] - <==      Total: 10
[INFO ] 24-10-29 09:46:48 [MyInterceptor:112] - - 실행시간 : 37 ms
[INFO ] 24-10-29 09:46:50 [MyInterceptor:42] - ------------------new client connect ------------------
[INFO ] 24-10-29 09:46:50 [MyInterceptor:59] - [Client] 0:0:0:0:0:0:0:1 Other Windows 10 Chrome
[INFO ] 24-10-29 09:46:50 [MyInterceptor:76] - [GET] http://localhost:8080/student/detail/20117
[INFO ] 24-10-29 09:46:50 [MyInterceptor:94] - - REFERER : time=2267, url=http://localhost:8080/student
[DEBUG] 24-10-29 09:46:50 [selectItem:135] - ==>  Preparing: SELECT studno, s.name, s.userid, grade, s.idnum, DATE_FORMAT(birthdate, '%Y-%m-%d') AS birthdate, tel, height, weight, s.deptno, s.profno ,dname, p.name AS pname FROM student s INNER JOIN department d ON s.deptno = d.deptno INNER JOIN professor p ON s.profno = p.profno WHERE studno = ?
[DEBUG] 24-10-29 09:46:50 [selectItem:135] - ==> Parameters: 20117(Integer)
[INFO ] 24-10-29 09:46:50 [sqlonly:228] - SELECT studno, s.name, s.userid, grade, s.idnum, DATE_FORMAT(birthdate, '%Y-%m-%d') AS birthdate, tel, height, weight, s.deptno, s.profno ,dname, p.name AS pname FROM student s INNER JOIN department d ON s.deptno = d.deptno INNER JOIN professor p ON s.profno = p.profno WHERE studno = 20117

[INFO ] 24-10-29 09:46:50 [resultsettable:610] - 
|-------|-----|----------|------|--------------|-----------|------------|-------|-------|-------|-------|-------|-----|
|studno |name |userid    |grade |idnum         |birthdate  |tel         |height |weight |deptno |profno |dname  |name |
|-------|-----|----------|------|--------------|-----------|------------|-------|-------|-------|-------|-------|-----|
|20117  |박재한  |mitshowme |4     |9706231111111 |1997-06-23 |01089961079 |179    |65     |101    |9908   |컴퓨터공학과 |박송은  |
|-------|-----|----------|------|--------------|-----------|------------|-------|-------|-------|-------|-------|-----|

[DEBUG] 24-10-29 09:46:50 [selectItem:135] - <==      Total: 1
[INFO ] 24-10-29 09:46:50 [MyInterceptor:112] - - 실행시간 : 27 ms
[INFO ] 24-10-29 09:46:52 [MyInterceptor:42] - ------------------new client connect ------------------
[INFO ] 24-10-29 09:46:52 [MyInterceptor:59] - [Client] 0:0:0:0:0:0:0:1 Other Windows 10 Chrome
[INFO ] 24-10-29 09:46:52 [MyInterceptor:76] - [GET] http://localhost:8080/department
[INFO ] 24-10-29 09:46:52 [MyInterceptor:94] - - REFERER : time=2043, url=http://localhost:8080/student
[DEBUG] 24-10-29 09:46:52 [selectCount:135] - ==>  Preparing: SELECT COUNT(*) FROM department
[DEBUG] 24-10-29 09:46:52 [selectCount:135] - ==> Parameters: 
[INFO ] 24-10-29 09:46:52 [sqlonly:228] - SELECT COUNT(*) FROM department

[INFO ] 24-10-29 09:46:52 [resultsettable:610] - 
|---------|
|count(*) |
|---------|
|14       |
|---------|

[DEBUG] 24-10-29 09:46:52 [selectCount:135] - <==      Total: 1
[DEBUG] 24-10-29 09:46:52 [Pagination:78] - Pagination(nowPage=1, totalCount=14, listCount=10, groupCount=5, totalPage=2, startPage=1, endPage=2, prevPage=0, nextPage=0, offset=0)
[DEBUG] 24-10-29 09:46:52 [selectList:135] - ==>  Preparing: SELECT deptno, dname, loc FROM department ORDER BY deptno DESC LIMIT ?, ?
[DEBUG] 24-10-29 09:46:52 [selectList:135] - ==> Parameters: 0(Integer), 10(Integer)
[INFO ] 24-10-29 09:46:52 [sqlonly:228] - SELECT deptno, dname, loc FROM department   ORDER BY deptno DESC LIMIT 0, 10

[INFO ] 24-10-29 09:46:52 [resultsettable:610] - 
|-------|--------|-------|
|deptno |dname   |loc    |
|-------|--------|-------|
|215    |테스트학과   |테스트강의실 |
|214    |테스트학과   |테스트강의실 |
|213    |테스트학과   |테스트강의실 |
|212    |테스트학과   |테스트강의실 |
|211    |테스트학과   |테스트강의실 |
|210    |테스트학과   |테스트강의실 |
|209    |테스트학과   |테스트강의실 |
|208    |메가스터디   |강남     |
|206    |오징어심리학과 |내마음속   |
|205    |목탁디자인학과 |개불     |
|-------|--------|-------|

[DEBUG] 24-10-29 09:46:52 [selectList:135] - <==      Total: 10
[INFO ] 24-10-29 09:46:52 [MyInterceptor:112] - - 실행시간 : 34 ms
[INFO ] 24-10-29 09:46:56 [MyInterceptor:42] - ------------------new client connect ------------------
[INFO ] 24-10-29 09:46:56 [MyInterceptor:59] - [Client] 0:0:0:0:0:0:0:1 Other Windows 10 Chrome
[INFO ] 24-10-29 09:46:56 [MyInterceptor:76] - [GET] http://localhost:8080/student
[INFO ] 24-10-29 09:46:56 [MyInterceptor:94] - - REFERER : time=3476, url=http://localhost:8080/department
[DEBUG] 24-10-29 09:46:56 [selectCount:135] - ==>  Preparing: SELECT COUNT(*) AS cnt FROM student s INNER JOIN department d ON s.deptno = d.deptno INNER JOIN professor p ON s.profno = p.profno
[DEBUG] 24-10-29 09:46:56 [selectCount:135] - ==> Parameters: 
[INFO ] 24-10-29 09:46:56 [sqlonly:228] - SELECT COUNT(*) AS cnt FROM student s INNER JOIN department d ON s.deptno = d.deptno INNER JOIN professor p ON s.profno = p.profno

[INFO ] 24-10-29 09:46:56 [resultsettable:610] - 
|----|
|cnt |
|----|
|18  |
|----|

[DEBUG] 24-10-29 09:46:56 [selectCount:135] - <==      Total: 1
[DEBUG] 24-10-29 09:46:56 [Pagination:78] - Pagination(nowPage=1, totalCount=18, listCount=10, groupCount=5, totalPage=2, startPage=1, endPage=2, prevPage=0, nextPage=0, offset=0)
[DEBUG] 24-10-29 09:46:56 [selectList:135] - ==>  Preparing: SELECT s.studno, s.name, s.userid, s.grade, s.idnum, DATE_FORMAT(s.birthdate, '%Y-%m-%d') AS birthdate, s.tel, s.height, s.weight, s.deptno, s.profno ,dname, p.name AS pname FROM student s INNER JOIN department d ON s.deptno = d.deptno INNER JOIN professor p ON s.profno = p.profno ORDER BY s.studno DESC LIMIT ?, ?
[DEBUG] 24-10-29 09:46:56 [selectList:135] - ==> Parameters: 0(Integer), 10(Integer)
[INFO ] 24-10-29 09:46:56 [sqlonly:228] - SELECT s.studno, s.name, s.userid, s.grade, s.idnum, DATE_FORMAT(s.birthdate, '%Y-%m-%d') AS birthdate, s.tel, s.height, s.weight, s.deptno, s.profno ,dname, p.name AS pname FROM student s INNER JOIN department d ON s.deptno = d.deptno INNER JOIN professor p ON s.profno = p.profno   ORDER BY s.studno DESC   LIMIT 0, 10

[INFO ] 24-10-29 09:46:56 [resultsettable:610] - 
|-------|-----|----------|------|--------------|-----------|------------|-------|-------|-------|-------|--------|-----|
|studno |name |userid    |grade |idnum         |birthdate  |tel         |height |weight |deptno |profno |dname   |name |
|-------|-----|----------|------|--------------|-----------|------------|-------|-------|-------|-------|--------|-----|
|20117  |박재한  |mitshowme |4     |9706231111111 |1997-06-23 |01089961079 |179    |65     |101    |9908   |컴퓨터공학과  |박송은  |
|20116  |박재한  |mitshowme |4     |9706231111111 |1997-06-23 |01089961079 |179    |65     |101    |9908   |컴퓨터공학과  |박송은  |
|20115  |박재한  |mitshowme |4     |9706231111111 |1997-06-23 |01089961079 |179    |65     |101    |9908   |컴퓨터공학과  |박송은  |
|20114  |박재한  |mitshowme |4     |9706231111111 |1997-06-23 |01089961079 |179    |65     |101    |9908   |컴퓨터공학과  |박송은  |
|20113  |박재한  |mitshowme |4     |9706231111111 |1997-06-23 |01089961079 |179    |65     |101    |9908   |컴퓨터공학과  |박송은  |
|20112  |박재한  |mitshowme |4     |9706231111111 |1997-06-23 |01089961079 |179    |65     |101    |9908   |컴퓨터공학과  |박송은  |
|20111  |박재한  |mitshowme |4     |9706231111111 |1997-06-23 |01089961079 |179    |65     |101    |9908   |컴퓨터공학과  |박송은  |
|20110  |박재한  |mitshowme |4     |9706231111111 |1997-06-23 |01089961079 |179    |65     |101    |9908   |컴퓨터공학과  |박송은  |
|20108  |박재한  |mitshowme |4     |9706231111111 |1997-06-23 |01089961079 |179    |65     |208    |9908   |메가스터디   |박송은  |
|20107  |dddd |dddd      |4     |1111111111111 |2024-10-01 |1111        |1111   |111    |206    |9903   |오징어심리학과 |성연희  |
|-------|-----|----------|------|--------------|-----------|------------|-------|-------|-------|-------|--------|-----|

[DEBUG] 24-10-29 09:46:56 [selectList:135] - <==      Total: 10
[INFO ] 24-10-29 09:46:56 [MyInterceptor:112] - - 실행시간 : 32 ms
[INFO ] 24-10-29 09:47:03 [MyInterceptor:42] - ------------------new client connect ------------------
[INFO ] 24-10-29 09:47:03 [MyInterceptor:59] - [Client] 0:0:0:0:0:0:0:1 Other Windows 10 Chrome
[INFO ] 24-10-29 09:47:03 [MyInterceptor:76] - [GET] http://localhost:8080/student/edit/20117
[INFO ] 24-10-29 09:47:03 [MyInterceptor:94] - - REFERER : time=7587, url=http://localhost:8080/student
[DEBUG] 24-10-29 09:47:03 [selectItem:135] - ==>  Preparing: SELECT studno, s.name, s.userid, grade, s.idnum, DATE_FORMAT(birthdate, '%Y-%m-%d') AS birthdate, tel, height, weight, s.deptno, s.profno ,dname, p.name AS pname FROM student s INNER JOIN department d ON s.deptno = d.deptno INNER JOIN professor p ON s.profno = p.profno WHERE studno = ?
[DEBUG] 24-10-29 09:47:03 [selectItem:135] - ==> Parameters: 20117(Integer)
[INFO ] 24-10-29 09:47:03 [sqlonly:228] - SELECT studno, s.name, s.userid, grade, s.idnum, DATE_FORMAT(birthdate, '%Y-%m-%d') AS birthdate, tel, height, weight, s.deptno, s.profno ,dname, p.name AS pname FROM student s INNER JOIN department d ON s.deptno = d.deptno INNER JOIN professor p ON s.profno = p.profno WHERE studno = 20117

[INFO ] 24-10-29 09:47:03 [resultsettable:610] - 
|-------|-----|----------|------|--------------|-----------|------------|-------|-------|-------|-------|-------|-----|
|studno |name |userid    |grade |idnum         |birthdate  |tel         |height |weight |deptno |profno |dname  |name |
|-------|-----|----------|------|--------------|-----------|------------|-------|-------|-------|-------|-------|-----|
|20117  |박재한  |mitshowme |4     |9706231111111 |1997-06-23 |01089961079 |179    |65     |101    |9908   |컴퓨터공학과 |박송은  |
|-------|-----|----------|------|--------------|-----------|------------|-------|-------|-------|-------|-------|-----|

[DEBUG] 24-10-29 09:47:03 [selectItem:135] - <==      Total: 1
[DEBUG] 24-10-29 09:47:03 [selectList:135] - ==>  Preparing: SELECT deptno, dname, loc FROM department ORDER BY deptno DESC
[DEBUG] 24-10-29 09:47:03 [selectList:135] - ==> Parameters: 
[INFO ] 24-10-29 09:47:03 [sqlonly:228] - SELECT deptno, dname, loc FROM department   ORDER BY deptno DESC

[INFO ] 24-10-29 09:47:03 [resultsettable:610] - 
|-------|--------|-------|
|deptno |dname   |loc    |
|-------|--------|-------|
|215    |테스트학과   |테스트강의실 |
|214    |테스트학과   |테스트강의실 |
|213    |테스트학과   |테스트강의실 |
|212    |테스트학과   |테스트강의실 |
|211    |테스트학과   |테스트강의실 |
|210    |테스트학과   |테스트강의실 |
|209    |테스트학과   |테스트강의실 |
|208    |메가스터디   |강남     |
|206    |오징어심리학과 |내마음속   |
|205    |목탁디자인학과 |개불     |
|202    |기계공학과   |4호관    |
|201    |전자공학과   |3호관    |
|102    |테스트학과   |테스트강의실 |
|101    |컴퓨터공학과  |1호관    |
|-------|--------|-------|

[DEBUG] 24-10-29 09:47:03 [selectList:135] - <==      Total: 14
[DEBUG] 24-10-29 09:47:03 [selectList:135] - ==>  Preparing: SELECT profno, name, userid, position, sal, hiredate, comm, p.deptno as deptno, dname FROM professor p INNER JOIN department d ON p.deptno = d.deptno ORDER BY profno DESC
[DEBUG] 24-10-29 09:47:03 [selectList:135] - ==> Parameters: 
[INFO ] 24-10-29 09:47:03 [sqlonly:228] - SELECT profno, name, userid, position, sal, hiredate, comm, p.deptno as deptno, dname FROM professor p INNER JOIN department d ON p.deptno = d.deptno   ORDER BY profno DESC

[INFO ] 24-10-29 09:47:03 [resultsettable:610] - 
|-------|-------------|-------------|---------|--------|--------------------|-----------|-------|--------|
|profno |name         |userid       |position |sal     |hiredate            |comm       |deptno |dname   |
|-------|-------------|-------------|---------|--------|--------------------|-----------|-------|--------|
|9916   |고양이를연구하던미치광이 |mylifeforCAT |교수       |9999999 |2020-02-20 00:00:00 |1010101011 |205    |목탁디자인학과 |
|9911   |박재한          |mitshowme    |교수       |500     |2018-01-01 00:00:00 |[null]     |202    |기계공학과   |
|9908   |박송은          |fpfl123      |교수       |600     |2018-01-01 00:00:00 |[null]     |202    |기계공학과   |
|9907   |전은지          |totoro       |전임강사     |210     |2001-05-11 00:00:00 |[null]     |101    |컴퓨터공학과  |
|9906   |이만식          |pocari       |부교수      |420     |1988-07-11 00:00:00 |[null]     |101    |컴퓨터공학과  |
|9905   |권혁일          |refresh      |교수       |450     |1986-02-11 00:00:00 |25         |102    |테스트학과   |
|9904   |염일웅          |blue77       |전임강사     |240     |1998-10-11 00:00:00 |[null]     |102    |테스트학과   |
|9903   |성연희          |pascal       |조교수      |360     |1993-03-17 00:00:00 |15         |101    |컴퓨터공학과  |
|9902   |이재우          |sweat413     |조교수      |320     |1995-04-12 00:00:00 |[null]     |201    |전자공학과   |
|9901   |김도훈          |capool       |교수       |500     |1982-06-12 00:00:00 |20         |101    |컴퓨터공학과  |
|-------|-------------|-------------|---------|--------|--------------------|-----------|-------|--------|

[DEBUG] 24-10-29 09:47:03 [selectList:135] - <==      Total: 10
[INFO ] 24-10-29 09:47:03 [MyInterceptor:112] - - 실행시간 : 45 ms
