[INFO ] 24-10-27 22:47:57 [DatabaseApplication:50] - Starting DatabaseApplication using Java 17.0.2 with PID 32044 (C:\Users\user\Desktop\HOME\08_SpringBoot\08_Database\build\classes\java\main started by user in C:\Users\user\Desktop\HOME\08_SpringBoot\08_Database)
[DEBUG] 24-10-27 22:47:57 [DatabaseApplication:51] - Running with Spring Boot v3.3.4, Spring v6.1.13
[INFO ] 24-10-27 22:47:57 [DatabaseApplication:654] - No active profile set, falling back to 1 default profile: "default"
[DEBUG] 24-10-27 22:47:58 [LogFactory:109] - Logging initialized using 'class org.apache.ibatis.logging.slf4j.Slf4jImpl' adapter.
[INFO ] 24-10-27 22:48:00 [DatabaseApplication:56] - Started DatabaseApplication in 3.466 seconds (process running for 4.078)
[INFO ] 24-10-27 22:48:07 [MyInterceptor:42] - ------------------new client connect ------------------
[INFO ] 24-10-27 22:48:07 [MyInterceptor:59] - [Client] 0:0:0:0:0:0:0:1 Other Windows 10 Chrome
[INFO ] 24-10-27 22:48:07 [MyInterceptor:76] - [GET] http://localhost:8080/department
[DEBUG] 24-10-27 22:48:07 [selectList:135] - ==>  Preparing: SELECT deptno, dname, loc FROM department ORDER BY deptno DESC
[DEBUG] 24-10-27 22:48:07 [selectList:135] - ==> Parameters: 
[INFO ] 24-10-27 22:48:07 [sqlonly:228] - SELECT deptno, dname, loc FROM department ORDER BY deptno DESC

[INFO ] 24-10-27 22:48:07 [resultsettable:610] - 
|-------|--------|-------|
|deptno |dname   |loc    |
|-------|--------|-------|
|216    |테스트학과   |테스트강의실 |
|215    |테스트학과   |테스트강의실 |
|214    |테스트학과   |테스트강의실 |
|213    |테스트학과   |테스트강의실 |
|212    |테스트학과   |테스트강의실 |
|211    |테스트학과   |테스트강의실 |
|210    |테스트학과   |테스트강의실 |
|209    |테스트학과   |테스트강의실 |
|208    |메가스터디   |강남     |
|206    |오징어심리학과 |내마음속   |
|205    |목탁디자인학과 |개불     |
|202    |기계공학과   |4호관    |
|201    |전자공학과   |3호관    |
|102    |테스트학과   |테스트강의실 |
|101    |컴퓨터공학과  |1호관    |
|-------|--------|-------|

[DEBUG] 24-10-27 22:48:07 [selectList:135] - <==      Total: 15
[INFO ] 24-10-27 22:48:07 [MyInterceptor:112] - - 실행시간 : 636 ms
[INFO ] 24-10-27 22:48:10 [MyInterceptor:42] - ------------------new client connect ------------------
[INFO ] 24-10-27 22:48:10 [MyInterceptor:59] - [Client] 0:0:0:0:0:0:0:1 Other Windows 10 Chrome
[INFO ] 24-10-27 22:48:10 [MyInterceptor:76] - [GET] http://localhost:8080/professor
[INFO ] 24-10-27 22:48:10 [MyInterceptor:94] - - REFERER : time=2357, url=http://localhost:8080/department
[DEBUG] 24-10-27 22:48:10 [selectList:135] - ==>  Preparing: SELECT profno, name, userid, position, sal, DATE_FORMAT(hiredate, '%Y-%m-%d') AS hiredate, comm, deptno FROM professor p
[DEBUG] 24-10-27 22:48:10 [selectList:135] - ==> Parameters: 
[INFO ] 24-10-27 22:48:10 [sqlonly:228] - SELECT profno, name, userid, position, sal, DATE_FORMAT(hiredate, '%Y-%m-%d') AS hiredate, comm, deptno FROM professor p

[INFO ] 24-10-27 22:48:10 [resultsettable:610] - 
|-------|-------------|-------------|---------|--------|-----------|---------|-------|
|profno |name         |userid       |position |sal     |hiredate   |comm     |deptno |
|-------|-------------|-------------|---------|--------|-----------|---------|-------|
|9901   |김도훈          |capool       |교수       |500     |1982-06-12 |20       |101    |
|9902   |이재우          |sweat413     |조교수      |320     |1995-04-12 |[null]   |201    |
|9903   |성연희          |pascal       |조교수      |360     |1993-03-17 |15       |101    |
|9904   |염일웅          |blue77       |전임강사     |240     |1998-10-11 |[null]   |102    |
|9905   |권혁일          |refresh      |교수       |450     |1986-02-11 |25       |102    |
|9906   |이만식          |pocari       |부교수      |420     |1988-07-11 |[null]   |101    |
|9907   |전은지          |totoro       |전임강사     |210     |2001-05-11 |[null]   |101    |
|9908   |박송은          |fpfl123      |교수       |600     |2018-01-01 |[null]   |202    |
|9911   |박재한          |mitshowme    |교수       |500     |2018-01-01 |[null]   |202    |
|9916   |고양이를연구하던미치광이 |mylifeforCAT |고양이연구원   |9999999 |2020-02-20 |10101010 |102    |
|-------|-------------|-------------|---------|--------|-----------|---------|-------|

[DEBUG] 24-10-27 22:48:10 [selectList:135] - <==      Total: 10
[INFO ] 24-10-27 22:48:10 [MyInterceptor:112] - - 실행시간 : 55 ms
[INFO ] 24-10-27 22:48:10 [MyInterceptor:42] - ------------------new client connect ------------------
[INFO ] 24-10-27 22:48:10 [MyInterceptor:59] - [Client] 0:0:0:0:0:0:0:1 Other Windows 10 Chrome
[INFO ] 24-10-27 22:48:10 [MyInterceptor:76] - [GET] http://localhost:8080/student
[INFO ] 24-10-27 22:48:10 [MyInterceptor:94] - - REFERER : time=768, url=http://localhost:8080/professor
[DEBUG] 24-10-27 22:48:10 [selectList:135] - ==>  Preparing: SELECT studno, name, userid, grade, idnum, DATE_FORMAT(birthdate, '%Y-%m-%d') AS birthdate, tel, height, weight, deptno, profno FROM student s
[DEBUG] 24-10-27 22:48:10 [selectList:135] - ==> Parameters: 
[INFO ] 24-10-27 22:48:10 [sqlonly:228] - SELECT studno, name, userid, grade, idnum, DATE_FORMAT(birthdate, '%Y-%m-%d') AS birthdate, tel, height, weight, deptno, profno FROM student s

[INFO ] 24-10-27 22:48:10 [resultsettable:610] - 
|-------|-----|----------|------|--------------|-----------|-------------|-------|-------|-------|-------|
|studno |name |userid    |grade |idnum         |birthdate  |tel          |height |weight |deptno |profno |
|-------|-----|----------|------|--------------|-----------|-------------|-------|-------|-------|-------|
|10101  |전인하  |jun123    |4     |7907021369824 |1979-07-02 |051)781-2158 |176    |72     |101    |9903   |
|10102  |박미경  |ansel414  |1     |8405162123648 |1984-05-16 |055)261-8947 |168    |52     |101    |[null] |
|10103  |김영균  |mandu     |3     |8103211063421 |1981-03-21 |051)824-9637 |170    |88     |101    |9906   |
|10104  |지은경  |gomo00    |2     |8004122298371 |1980-04-12 |055)418-9627 |161    |42     |101    |9907   |
|10105  |임유진  |youjin12  |2     |8301212196482 |1983-01-21 |02)312-9838  |171    |54     |101    |9907   |
|10106  |서재진  |seolly    |1     |8511291186273 |1985-11-29 |051)239-4861 |186    |72     |101    |[null] |
|10107  |이광훈  |huriky    |4     |8109131276431 |1981-09-13 |055)736-4981 |175    |92     |101    |9903   |
|10108  |류민정  |cleansky  |2     |8108192157498 |1981-08-19 |055)248-3679 |162    |72     |101    |9907   |
|10201  |김진영  |simply    |2     |8206062186327 |1982-06-06 |055)419-6328 |164    |48     |102    |9905   |
|10202  |오유석  |yousuk    |4     |7709121128379 |1977-09-12 |051)724-9618 |177    |92     |102    |9905   |
|10203  |하나리  |hanal     |1     |8501092378641 |1985-01-09 |055)296-3784 |160    |68     |102    |[null] |
|10204  |윤진욱  |samba7    |3     |7904021358671 |1979-04-02 |053)487-2698 |171    |70     |102    |9905   |
|20101  |이동훈  |dals      |1     |8312101128467 |1983-12-10 |055)426-1752 |172    |64     |201    |[null] |
|20102  |박동진  |ping2     |1     |8511241639826 |1985-11-24 |051)742-6384 |182    |70     |201    |[null] |
|20103  |박재한  |mitshowme |4     |9706231123016 |1997-06-23 |010)123-4567 |178    |60     |202    |[null] |
|-------|-----|----------|------|--------------|-----------|-------------|-------|-------|-------|-------|

[DEBUG] 24-10-27 22:48:10 [selectList:135] - <==      Total: 15
[INFO ] 24-10-27 22:48:10 [MyInterceptor:112] - - 실행시간 : 57 ms
[INFO ] 24-10-27 22:48:12 [MyInterceptor:42] - ------------------new client connect ------------------
[INFO ] 24-10-27 22:48:12 [MyInterceptor:59] - [Client] 0:0:0:0:0:0:0:1 Other Windows 10 Chrome
[INFO ] 24-10-27 22:48:12 [MyInterceptor:76] - [GET] http://localhost:8080/department
[INFO ] 24-10-27 22:48:12 [MyInterceptor:94] - - REFERER : time=1152, url=http://localhost:8080/student
[DEBUG] 24-10-27 22:48:12 [selectList:135] - ==>  Preparing: SELECT deptno, dname, loc FROM department ORDER BY deptno DESC
[DEBUG] 24-10-27 22:48:12 [selectList:135] - ==> Parameters: 
[INFO ] 24-10-27 22:48:12 [sqlonly:228] - SELECT deptno, dname, loc FROM department ORDER BY deptno DESC

[INFO ] 24-10-27 22:48:12 [resultsettable:610] - 
|-------|--------|-------|
|deptno |dname   |loc    |
|-------|--------|-------|
|216    |테스트학과   |테스트강의실 |
|215    |테스트학과   |테스트강의실 |
|214    |테스트학과   |테스트강의실 |
|213    |테스트학과   |테스트강의실 |
|212    |테스트학과   |테스트강의실 |
|211    |테스트학과   |테스트강의실 |
|210    |테스트학과   |테스트강의실 |
|209    |테스트학과   |테스트강의실 |
|208    |메가스터디   |강남     |
|206    |오징어심리학과 |내마음속   |
|205    |목탁디자인학과 |개불     |
|202    |기계공학과   |4호관    |
|201    |전자공학과   |3호관    |
|102    |테스트학과   |테스트강의실 |
|101    |컴퓨터공학과  |1호관    |
|-------|--------|-------|

[DEBUG] 24-10-27 22:48:12 [selectList:135] - <==      Total: 15
[INFO ] 24-10-27 22:48:12 [MyInterceptor:112] - - 실행시간 : 44 ms
[INFO ] 24-10-27 22:48:14 [MyInterceptor:42] - ------------------new client connect ------------------
[INFO ] 24-10-27 22:48:14 [MyInterceptor:59] - [Client] 0:0:0:0:0:0:0:1 Other Windows 10 Chrome
[INFO ] 24-10-27 22:48:14 [MyInterceptor:76] - [GET] http://localhost:8080/professor
[INFO ] 24-10-27 22:48:14 [MyInterceptor:94] - - REFERER : time=2012, url=http://localhost:8080/department
[DEBUG] 24-10-27 22:48:14 [selectList:135] - ==>  Preparing: SELECT profno, name, userid, position, sal, DATE_FORMAT(hiredate, '%Y-%m-%d') AS hiredate, comm, deptno FROM professor p
[DEBUG] 24-10-27 22:48:14 [selectList:135] - ==> Parameters: 
[INFO ] 24-10-27 22:48:14 [sqlonly:228] - SELECT profno, name, userid, position, sal, DATE_FORMAT(hiredate, '%Y-%m-%d') AS hiredate, comm, deptno FROM professor p

[INFO ] 24-10-27 22:48:14 [resultsettable:610] - 
|-------|-------------|-------------|---------|--------|-----------|---------|-------|
|profno |name         |userid       |position |sal     |hiredate   |comm     |deptno |
|-------|-------------|-------------|---------|--------|-----------|---------|-------|
|9901   |김도훈          |capool       |교수       |500     |1982-06-12 |20       |101    |
|9902   |이재우          |sweat413     |조교수      |320     |1995-04-12 |[null]   |201    |
|9903   |성연희          |pascal       |조교수      |360     |1993-03-17 |15       |101    |
|9904   |염일웅          |blue77       |전임강사     |240     |1998-10-11 |[null]   |102    |
|9905   |권혁일          |refresh      |교수       |450     |1986-02-11 |25       |102    |
|9906   |이만식          |pocari       |부교수      |420     |1988-07-11 |[null]   |101    |
|9907   |전은지          |totoro       |전임강사     |210     |2001-05-11 |[null]   |101    |
|9908   |박송은          |fpfl123      |교수       |600     |2018-01-01 |[null]   |202    |
|9911   |박재한          |mitshowme    |교수       |500     |2018-01-01 |[null]   |202    |
|9916   |고양이를연구하던미치광이 |mylifeforCAT |고양이연구원   |9999999 |2020-02-20 |10101010 |102    |
|-------|-------------|-------------|---------|--------|-----------|---------|-------|

[DEBUG] 24-10-27 22:48:14 [selectList:135] - <==      Total: 10
[INFO ] 24-10-27 22:48:14 [MyInterceptor:112] - - 실행시간 : 58 ms
[INFO ] 24-10-27 22:48:15 [MyInterceptor:42] - ------------------new client connect ------------------
[INFO ] 24-10-27 22:48:15 [MyInterceptor:59] - [Client] 0:0:0:0:0:0:0:1 Other Windows 10 Chrome
[INFO ] 24-10-27 22:48:15 [MyInterceptor:76] - [GET] http://localhost:8080/student
[INFO ] 24-10-27 22:48:15 [MyInterceptor:94] - - REFERER : time=880, url=http://localhost:8080/professor
[DEBUG] 24-10-27 22:48:15 [selectList:135] - ==>  Preparing: SELECT studno, name, userid, grade, idnum, DATE_FORMAT(birthdate, '%Y-%m-%d') AS birthdate, tel, height, weight, deptno, profno FROM student s
[DEBUG] 24-10-27 22:48:15 [selectList:135] - ==> Parameters: 
[INFO ] 24-10-27 22:48:15 [sqlonly:228] - SELECT studno, name, userid, grade, idnum, DATE_FORMAT(birthdate, '%Y-%m-%d') AS birthdate, tel, height, weight, deptno, profno FROM student s

[INFO ] 24-10-27 22:48:15 [resultsettable:610] - 
|-------|-----|----------|------|--------------|-----------|-------------|-------|-------|-------|-------|
|studno |name |userid    |grade |idnum         |birthdate  |tel          |height |weight |deptno |profno |
|-------|-----|----------|------|--------------|-----------|-------------|-------|-------|-------|-------|
|10101  |전인하  |jun123    |4     |7907021369824 |1979-07-02 |051)781-2158 |176    |72     |101    |9903   |
|10102  |박미경  |ansel414  |1     |8405162123648 |1984-05-16 |055)261-8947 |168    |52     |101    |[null] |
|10103  |김영균  |mandu     |3     |8103211063421 |1981-03-21 |051)824-9637 |170    |88     |101    |9906   |
|10104  |지은경  |gomo00    |2     |8004122298371 |1980-04-12 |055)418-9627 |161    |42     |101    |9907   |
|10105  |임유진  |youjin12  |2     |8301212196482 |1983-01-21 |02)312-9838  |171    |54     |101    |9907   |
|10106  |서재진  |seolly    |1     |8511291186273 |1985-11-29 |051)239-4861 |186    |72     |101    |[null] |
|10107  |이광훈  |huriky    |4     |8109131276431 |1981-09-13 |055)736-4981 |175    |92     |101    |9903   |
|10108  |류민정  |cleansky  |2     |8108192157498 |1981-08-19 |055)248-3679 |162    |72     |101    |9907   |
|10201  |김진영  |simply    |2     |8206062186327 |1982-06-06 |055)419-6328 |164    |48     |102    |9905   |
|10202  |오유석  |yousuk    |4     |7709121128379 |1977-09-12 |051)724-9618 |177    |92     |102    |9905   |
|10203  |하나리  |hanal     |1     |8501092378641 |1985-01-09 |055)296-3784 |160    |68     |102    |[null] |
|10204  |윤진욱  |samba7    |3     |7904021358671 |1979-04-02 |053)487-2698 |171    |70     |102    |9905   |
|20101  |이동훈  |dals      |1     |8312101128467 |1983-12-10 |055)426-1752 |172    |64     |201    |[null] |
|20102  |박동진  |ping2     |1     |8511241639826 |1985-11-24 |051)742-6384 |182    |70     |201    |[null] |
|20103  |박재한  |mitshowme |4     |9706231123016 |1997-06-23 |010)123-4567 |178    |60     |202    |[null] |
|-------|-----|----------|------|--------------|-----------|-------------|-------|-------|-------|-------|

[DEBUG] 24-10-27 22:48:15 [selectList:135] - <==      Total: 15
[INFO ] 24-10-27 22:48:15 [MyInterceptor:112] - - 실행시간 : 36 ms
[INFO ] 24-10-27 22:48:15 [MyInterceptor:42] - ------------------new client connect ------------------
[INFO ] 24-10-27 22:48:15 [MyInterceptor:59] - [Client] 0:0:0:0:0:0:0:1 Other Windows 10 Chrome
[INFO ] 24-10-27 22:48:15 [MyInterceptor:76] - [GET] http://localhost:8080/department
[INFO ] 24-10-27 22:48:15 [MyInterceptor:94] - - REFERER : time=766, url=http://localhost:8080/student
[DEBUG] 24-10-27 22:48:15 [selectList:135] - ==>  Preparing: SELECT deptno, dname, loc FROM department ORDER BY deptno DESC
[DEBUG] 24-10-27 22:48:15 [selectList:135] - ==> Parameters: 
[INFO ] 24-10-27 22:48:15 [sqlonly:228] - SELECT deptno, dname, loc FROM department ORDER BY deptno DESC

[INFO ] 24-10-27 22:48:15 [resultsettable:610] - 
|-------|--------|-------|
|deptno |dname   |loc    |
|-------|--------|-------|
|216    |테스트학과   |테스트강의실 |
|215    |테스트학과   |테스트강의실 |
|214    |테스트학과   |테스트강의실 |
|213    |테스트학과   |테스트강의실 |
|212    |테스트학과   |테스트강의실 |
|211    |테스트학과   |테스트강의실 |
|210    |테스트학과   |테스트강의실 |
|209    |테스트학과   |테스트강의실 |
|208    |메가스터디   |강남     |
|206    |오징어심리학과 |내마음속   |
|205    |목탁디자인학과 |개불     |
|202    |기계공학과   |4호관    |
|201    |전자공학과   |3호관    |
|102    |테스트학과   |테스트강의실 |
|101    |컴퓨터공학과  |1호관    |
|-------|--------|-------|

[DEBUG] 24-10-27 22:48:15 [selectList:135] - <==      Total: 15
[INFO ] 24-10-27 22:48:15 [MyInterceptor:112] - - 실행시간 : 29 ms
[INFO ] 24-10-27 22:48:18 [MyInterceptor:42] - ------------------new client connect ------------------
[INFO ] 24-10-27 22:48:18 [MyInterceptor:59] - [Client] 0:0:0:0:0:0:0:1 Other Windows 10 Chrome
[INFO ] 24-10-27 22:48:18 [MyInterceptor:76] - [GET] http://localhost:8080/department/detail/205
[INFO ] 24-10-27 22:48:18 [MyInterceptor:94] - - REFERER : time=2738, url=http://localhost:8080/department
[DEBUG] 24-10-27 22:48:18 [selectItem:135] - ==>  Preparing: SELECT deptno, dname, loc FROM department WHERE deptno = ?
[DEBUG] 24-10-27 22:48:18 [selectItem:135] - ==> Parameters: 205(Integer)
[INFO ] 24-10-27 22:48:18 [sqlonly:228] - SELECT deptno, dname, loc FROM department WHERE deptno = 205

[INFO ] 24-10-27 22:48:18 [resultsettable:610] - 
|-------|--------|----|
|deptno |dname   |loc |
|-------|--------|----|
|205    |목탁디자인학과 |개불  |
|-------|--------|----|

[DEBUG] 24-10-27 22:48:18 [selectItem:135] - <==      Total: 1
[INFO ] 24-10-27 22:48:18 [MyInterceptor:112] - - 실행시간 : 36 ms
[INFO ] 24-10-27 22:48:23 [MyInterceptor:42] - ------------------new client connect ------------------
[INFO ] 24-10-27 22:48:23 [MyInterceptor:59] - [Client] 0:0:0:0:0:0:0:1 Other Windows 10 Chrome
[INFO ] 24-10-27 22:48:23 [MyInterceptor:76] - [GET] http://localhost:8080/department
[INFO ] 24-10-27 22:48:23 [MyInterceptor:94] - - REFERER : time=4734, url=http://localhost:8080/department/detail/205
[DEBUG] 24-10-27 22:48:23 [selectList:135] - ==>  Preparing: SELECT deptno, dname, loc FROM department ORDER BY deptno DESC
[DEBUG] 24-10-27 22:48:23 [selectList:135] - ==> Parameters: 
[INFO ] 24-10-27 22:48:23 [sqlonly:228] - SELECT deptno, dname, loc FROM department ORDER BY deptno DESC

[INFO ] 24-10-27 22:48:23 [resultsettable:610] - 
|-------|--------|-------|
|deptno |dname   |loc    |
|-------|--------|-------|
|216    |테스트학과   |테스트강의실 |
|215    |테스트학과   |테스트강의실 |
|214    |테스트학과   |테스트강의실 |
|213    |테스트학과   |테스트강의실 |
|212    |테스트학과   |테스트강의실 |
|211    |테스트학과   |테스트강의실 |
|210    |테스트학과   |테스트강의실 |
|209    |테스트학과   |테스트강의실 |
|208    |메가스터디   |강남     |
|206    |오징어심리학과 |내마음속   |
|205    |목탁디자인학과 |개불     |
|202    |기계공학과   |4호관    |
|201    |전자공학과   |3호관    |
|102    |테스트학과   |테스트강의실 |
|101    |컴퓨터공학과  |1호관    |
|-------|--------|-------|

[DEBUG] 24-10-27 22:48:23 [selectList:135] - <==      Total: 15
[INFO ] 24-10-27 22:48:23 [MyInterceptor:112] - - 실행시간 : 25 ms
[INFO ] 24-10-27 22:48:25 [MyInterceptor:42] - ------------------new client connect ------------------
[INFO ] 24-10-27 22:48:25 [MyInterceptor:59] - [Client] 0:0:0:0:0:0:0:1 Other Windows 10 Chrome
[INFO ] 24-10-27 22:48:25 [MyInterceptor:76] - [GET] http://localhost:8080/department/detail/208
[INFO ] 24-10-27 22:48:25 [MyInterceptor:94] - - REFERER : time=2362, url=http://localhost:8080/department
[DEBUG] 24-10-27 22:48:25 [selectItem:135] - ==>  Preparing: SELECT deptno, dname, loc FROM department WHERE deptno = ?
[DEBUG] 24-10-27 22:48:25 [selectItem:135] - ==> Parameters: 208(Integer)
[INFO ] 24-10-27 22:48:25 [sqlonly:228] - SELECT deptno, dname, loc FROM department WHERE deptno = 208

[INFO ] 24-10-27 22:48:25 [resultsettable:610] - 
|-------|------|----|
|deptno |dname |loc |
|-------|------|----|
|208    |메가스터디 |강남  |
|-------|------|----|

[DEBUG] 24-10-27 22:48:25 [selectItem:135] - <==      Total: 1
[INFO ] 24-10-27 22:48:25 [MyInterceptor:112] - - 실행시간 : 26 ms
[INFO ] 24-10-27 22:48:26 [MyInterceptor:42] - ------------------new client connect ------------------
[INFO ] 24-10-27 22:48:26 [MyInterceptor:59] - [Client] 0:0:0:0:0:0:0:1 Other Windows 10 Chrome
[INFO ] 24-10-27 22:48:26 [MyInterceptor:76] - [GET] http://localhost:8080/department/edit/208
[INFO ] 24-10-27 22:48:26 [MyInterceptor:94] - - REFERER : time=994, url=http://localhost:8080/department/detail/208
[DEBUG] 24-10-27 22:48:26 [selectItem:135] - ==>  Preparing: SELECT deptno, dname, loc FROM department WHERE deptno = ?
[DEBUG] 24-10-27 22:48:26 [selectItem:135] - ==> Parameters: 208(Integer)
[INFO ] 24-10-27 22:48:26 [sqlonly:228] - SELECT deptno, dname, loc FROM department WHERE deptno = 208

[INFO ] 24-10-27 22:48:26 [resultsettable:610] - 
|-------|------|----|
|deptno |dname |loc |
|-------|------|----|
|208    |메가스터디 |강남  |
|-------|------|----|

[DEBUG] 24-10-27 22:48:26 [selectItem:135] - <==      Total: 1
[INFO ] 24-10-27 22:48:26 [MyInterceptor:112] - - 실행시간 : 25 ms
[INFO ] 24-10-27 22:48:32 [MyInterceptor:42] - ------------------new client connect ------------------
[INFO ] 24-10-27 22:48:32 [MyInterceptor:59] - [Client] 0:0:0:0:0:0:0:1 Other Windows 10 Chrome
[INFO ] 24-10-27 22:48:32 [MyInterceptor:76] - [GET] http://localhost:8080/department
[INFO ] 24-10-27 22:48:32 [MyInterceptor:94] - - REFERER : time=5770, url=http://localhost:8080/department/edit/208
[DEBUG] 24-10-27 22:48:32 [selectList:135] - ==>  Preparing: SELECT deptno, dname, loc FROM department ORDER BY deptno DESC
[DEBUG] 24-10-27 22:48:32 [selectList:135] - ==> Parameters: 
[INFO ] 24-10-27 22:48:32 [sqlonly:228] - SELECT deptno, dname, loc FROM department ORDER BY deptno DESC

[INFO ] 24-10-27 22:48:32 [resultsettable:610] - 
|-------|--------|-------|
|deptno |dname   |loc    |
|-------|--------|-------|
|216    |테스트학과   |테스트강의실 |
|215    |테스트학과   |테스트강의실 |
|214    |테스트학과   |테스트강의실 |
|213    |테스트학과   |테스트강의실 |
|212    |테스트학과   |테스트강의실 |
|211    |테스트학과   |테스트강의실 |
|210    |테스트학과   |테스트강의실 |
|209    |테스트학과   |테스트강의실 |
|208    |메가스터디   |강남     |
|206    |오징어심리학과 |내마음속   |
|205    |목탁디자인학과 |개불     |
|202    |기계공학과   |4호관    |
|201    |전자공학과   |3호관    |
|102    |테스트학과   |테스트강의실 |
|101    |컴퓨터공학과  |1호관    |
|-------|--------|-------|

[DEBUG] 24-10-27 22:48:32 [selectList:135] - <==      Total: 15
[INFO ] 24-10-27 22:48:32 [MyInterceptor:112] - - 실행시간 : 32 ms
[INFO ] 24-10-27 22:48:34 [MyInterceptor:42] - ------------------new client connect ------------------
[INFO ] 24-10-27 22:48:34 [MyInterceptor:59] - [Client] 0:0:0:0:0:0:0:1 Other Windows 10 Chrome
[INFO ] 24-10-27 22:48:34 [MyInterceptor:76] - [GET] http://localhost:8080/department/detail/101
[INFO ] 24-10-27 22:48:34 [MyInterceptor:94] - - REFERER : time=1544, url=http://localhost:8080/department
[DEBUG] 24-10-27 22:48:34 [selectItem:135] - ==>  Preparing: SELECT deptno, dname, loc FROM department WHERE deptno = ?
[DEBUG] 24-10-27 22:48:34 [selectItem:135] - ==> Parameters: 101(Integer)
[INFO ] 24-10-27 22:48:34 [sqlonly:228] - SELECT deptno, dname, loc FROM department WHERE deptno = 101

[INFO ] 24-10-27 22:48:34 [resultsettable:610] - 
|-------|-------|----|
|deptno |dname  |loc |
|-------|-------|----|
|101    |컴퓨터공학과 |1호관 |
|-------|-------|----|

[DEBUG] 24-10-27 22:48:34 [selectItem:135] - <==      Total: 1
[INFO ] 24-10-27 22:48:34 [MyInterceptor:112] - - 실행시간 : 23 ms
[INFO ] 24-10-27 22:48:35 [MyInterceptor:42] - ------------------new client connect ------------------
[INFO ] 24-10-27 22:48:35 [MyInterceptor:59] - [Client] 0:0:0:0:0:0:0:1 Other Windows 10 Chrome
[INFO ] 24-10-27 22:48:35 [MyInterceptor:76] - [GET] http://localhost:8080/department/edit/101
[INFO ] 24-10-27 22:48:35 [MyInterceptor:94] - - REFERER : time=1395, url=http://localhost:8080/department/detail/101
[DEBUG] 24-10-27 22:48:35 [selectItem:135] - ==>  Preparing: SELECT deptno, dname, loc FROM department WHERE deptno = ?
[DEBUG] 24-10-27 22:48:35 [selectItem:135] - ==> Parameters: 101(Integer)
[INFO ] 24-10-27 22:48:35 [sqlonly:228] - SELECT deptno, dname, loc FROM department WHERE deptno = 101

[INFO ] 24-10-27 22:48:35 [resultsettable:610] - 
|-------|-------|----|
|deptno |dname  |loc |
|-------|-------|----|
|101    |컴퓨터공학과 |1호관 |
|-------|-------|----|

[DEBUG] 24-10-27 22:48:35 [selectItem:135] - <==      Total: 1
[INFO ] 24-10-27 22:48:35 [MyInterceptor:112] - - 실행시간 : 22 ms
[INFO ] 24-10-27 22:48:37 [MyInterceptor:42] - ------------------new client connect ------------------
[INFO ] 24-10-27 22:48:37 [MyInterceptor:59] - [Client] 0:0:0:0:0:0:0:1 Other Windows 10 Chrome
[INFO ] 24-10-27 22:48:37 [MyInterceptor:76] - [GET] http://localhost:8080/department
[INFO ] 24-10-27 22:48:37 [MyInterceptor:94] - - REFERER : time=2047, url=http://localhost:8080/department/edit/101
[DEBUG] 24-10-27 22:48:37 [selectList:135] - ==>  Preparing: SELECT deptno, dname, loc FROM department ORDER BY deptno DESC
[DEBUG] 24-10-27 22:48:37 [selectList:135] - ==> Parameters: 
[INFO ] 24-10-27 22:48:37 [sqlonly:228] - SELECT deptno, dname, loc FROM department ORDER BY deptno DESC

[INFO ] 24-10-27 22:48:37 [resultsettable:610] - 
|-------|--------|-------|
|deptno |dname   |loc    |
|-------|--------|-------|
|216    |테스트학과   |테스트강의실 |
|215    |테스트학과   |테스트강의실 |
|214    |테스트학과   |테스트강의실 |
|213    |테스트학과   |테스트강의실 |
|212    |테스트학과   |테스트강의실 |
|211    |테스트학과   |테스트강의실 |
|210    |테스트학과   |테스트강의실 |
|209    |테스트학과   |테스트강의실 |
|208    |메가스터디   |강남     |
|206    |오징어심리학과 |내마음속   |
|205    |목탁디자인학과 |개불     |
|202    |기계공학과   |4호관    |
|201    |전자공학과   |3호관    |
|102    |테스트학과   |테스트강의실 |
|101    |컴퓨터공학과  |1호관    |
|-------|--------|-------|

[DEBUG] 24-10-27 22:48:37 [selectList:135] - <==      Total: 15
[INFO ] 24-10-27 22:48:37 [MyInterceptor:112] - - 실행시간 : 25 ms
[INFO ] 24-10-27 22:48:39 [MyInterceptor:42] - ------------------new client connect ------------------
[INFO ] 24-10-27 22:48:39 [MyInterceptor:59] - [Client] 0:0:0:0:0:0:0:1 Other Windows 10 Chrome
[INFO ] 24-10-27 22:48:39 [MyInterceptor:76] - [GET] http://localhost:8080/department/detail/101
[INFO ] 24-10-27 22:48:39 [MyInterceptor:94] - - REFERER : time=1648, url=http://localhost:8080/department
[DEBUG] 24-10-27 22:48:39 [selectItem:135] - ==>  Preparing: SELECT deptno, dname, loc FROM department WHERE deptno = ?
[DEBUG] 24-10-27 22:48:39 [selectItem:135] - ==> Parameters: 101(Integer)
[INFO ] 24-10-27 22:48:39 [sqlonly:228] - SELECT deptno, dname, loc FROM department WHERE deptno = 101

[INFO ] 24-10-27 22:48:39 [resultsettable:610] - 
|-------|-------|----|
|deptno |dname  |loc |
|-------|-------|----|
|101    |컴퓨터공학과 |1호관 |
|-------|-------|----|

[DEBUG] 24-10-27 22:48:39 [selectItem:135] - <==      Total: 1
[INFO ] 24-10-27 22:48:39 [MyInterceptor:112] - - 실행시간 : 26 ms
[INFO ] 24-10-27 22:48:41 [MyInterceptor:42] - ------------------new client connect ------------------
[INFO ] 24-10-27 22:48:41 [MyInterceptor:59] - [Client] 0:0:0:0:0:0:0:1 Other Windows 10 Chrome
[INFO ] 24-10-27 22:48:41 [MyInterceptor:76] - [GET] http://localhost:8080/department/edit/101
[INFO ] 24-10-27 22:48:41 [MyInterceptor:94] - - REFERER : time=2279, url=http://localhost:8080/department/detail/101
[DEBUG] 24-10-27 22:48:41 [selectItem:135] - ==>  Preparing: SELECT deptno, dname, loc FROM department WHERE deptno = ?
[DEBUG] 24-10-27 22:48:41 [selectItem:135] - ==> Parameters: 101(Integer)
[INFO ] 24-10-27 22:48:41 [sqlonly:228] - SELECT deptno, dname, loc FROM department WHERE deptno = 101

[INFO ] 24-10-27 22:48:41 [resultsettable:610] - 
|-------|-------|----|
|deptno |dname  |loc |
|-------|-------|----|
|101    |컴퓨터공학과 |1호관 |
|-------|-------|----|

[DEBUG] 24-10-27 22:48:41 [selectItem:135] - <==      Total: 1
[INFO ] 24-10-27 22:48:41 [MyInterceptor:112] - - 실행시간 : 25 ms
[INFO ] 24-10-27 22:48:44 [MyInterceptor:42] - ------------------new client connect ------------------
[INFO ] 24-10-27 22:48:44 [MyInterceptor:59] - [Client] 0:0:0:0:0:0:0:1 Other Windows 10 Chrome
[INFO ] 24-10-27 22:48:44 [MyInterceptor:76] - [GET] http://localhost:8080/department
[INFO ] 24-10-27 22:48:44 [MyInterceptor:94] - - REFERER : time=2845, url=http://localhost:8080/department/edit/101
[DEBUG] 24-10-27 22:48:44 [selectList:135] - ==>  Preparing: SELECT deptno, dname, loc FROM department ORDER BY deptno DESC
[DEBUG] 24-10-27 22:48:44 [selectList:135] - ==> Parameters: 
[INFO ] 24-10-27 22:48:44 [sqlonly:228] - SELECT deptno, dname, loc FROM department ORDER BY deptno DESC

[INFO ] 24-10-27 22:48:44 [resultsettable:610] - 
|-------|--------|-------|
|deptno |dname   |loc    |
|-------|--------|-------|
|216    |테스트학과   |테스트강의실 |
|215    |테스트학과   |테스트강의실 |
|214    |테스트학과   |테스트강의실 |
|213    |테스트학과   |테스트강의실 |
|212    |테스트학과   |테스트강의실 |
|211    |테스트학과   |테스트강의실 |
|210    |테스트학과   |테스트강의실 |
|209    |테스트학과   |테스트강의실 |
|208    |메가스터디   |강남     |
|206    |오징어심리학과 |내마음속   |
|205    |목탁디자인학과 |개불     |
|202    |기계공학과   |4호관    |
|201    |전자공학과   |3호관    |
|102    |테스트학과   |테스트강의실 |
|101    |컴퓨터공학과  |1호관    |
|-------|--------|-------|

[DEBUG] 24-10-27 22:48:44 [selectList:135] - <==      Total: 15
[INFO ] 24-10-27 22:48:44 [MyInterceptor:112] - - 실행시간 : 24 ms
